                      :-) GROMACS - gmx mdrun, 2023.2 (-:

Copyright 1991-2023 The GROMACS Authors.
GROMACS is free software; you can redistribute it and/or modify it
under the terms of the GNU Lesser General Public License
as published by the Free Software Foundation; either version 2.1
of the License, or (at your option) any later version.

                         Current GROMACS contributors:
       Mark Abraham           Andrey Alekseenko           Cathrine Bergh      
      Christian Blau            Eliane Briand             Mahesh Doijade      
    Stefan Fleischmann           Vytas Gapsys              Gaurav Garg        
      Sergey Gorelov         Gilles Gouaillardet            Alan Gray         
     M. Eric Irrgang         Farzaneh Jalalypour            Joe Jordan        
    Christoph Junghans        Prashanth Kanduri          Sebastian Keller     
     Carsten Kutzner           Justin A. Lemkul          Magnus Lundborg      
       Pascal Merz              Vedran Miletic            Dmitry Morozov      
       Szilard Pall             Roland Schulz             Michael Shirts      
     Alexey Shvetsov            Balint Soproni         David van der Spoel    
      Philip Turner             Carsten Uphoff           Alessandra Villa     
 Sebastian Wingbermuehle        Artem Zhmurov       

                         Previous GROMACS contributors:
        Emile Apol             Rossen Apostolov           James Barnett       
  Herman J.C. Berendsen          Par Bjelkmar           Viacheslav Bolnykh    
        Kevin Boyd            Aldert van Buuren          Carlo Camilloni      
     Rudi van Drunen            Anton Feenstra           Oliver Fleetwood     
     Gerrit Groenhof            Bert de Groot             Anca Hamuraru       
    Vincent Hindriksen          Victor Holanda           Aleksei Iupinov      
   Dimitrios Karkoulis           Peter Kasson             Sebastian Kehl      
        Jiri Kraus               Per Larsson              Viveca Lindahl      
      Erik Marklund           Pieter Meulenhoff           Teemu Murtola       
       Sander Pronk             Alfons Sijbers            Peter Tieleman      
       Jon Vincent             Teemu Virolainen         Christian Wennberg    
       Maarten Wolf       

                  Coordinated by the GROMACS project leaders:
                    Paul Bauer, Berk Hess, and Erik Lindahl

GROMACS:      gmx mdrun, version 2023.2
Executable:   /usr/local/gromacs/bin/gmx_mpi
Data prefix:  /usr/local/gromacs
Working dir:  /home/jkhorsa1/projects/mdynamics/gromacs_projects/lysozyme_in_water/data
Process ID:   76831
Command line:
  gmx_mpi mdrun -deffnm ../md_0_1 -nb gpu

GROMACS version:    2023.2
Precision:          mixed
Memory model:       64 bit
MPI library:        MPI (GPU-aware: CUDA)
OpenMP support:     enabled (GMX_OPENMP_MAX_THREADS = 128)
GPU support:        CUDA
NB cluster size:    8
SIMD instructions:  AVX_512
CPU FFT library:    fftw-3.3.8-sse2-avx
GPU FFT library:    cuFFT
Multi-GPU FFT:      none
RDTSCP usage:       enabled
TNG support:        enabled
Hwloc support:      disabled
Tracing support:    disabled
C compiler:         /usr/bin/cc GNU 11.4.0
C compiler flags:   -fexcess-precision=fast -funroll-all-loops -mavx512f -mfma -mavx512vl -mavx512dq -mavx512bw -Wno-missing-field-initializers -pthread -O3 -DNDEBUG
C++ compiler:       /usr/bin/c++ GNU 11.4.0
C++ compiler flags: -fexcess-precision=fast -funroll-all-loops -mavx512f -mfma -mavx512vl -mavx512dq -mavx512bw -Wno-missing-field-initializers -pthread -Wno-cast-function-type-strict -fopenmp -O3 -DNDEBUG
BLAS library:       
LAPACK library:     
CUDA compiler:      /usr/local/cuda/bin/nvcc nvcc: NVIDIA (R) Cuda compiler driver;Copyright (c) 2005-2023 NVIDIA Corporation;Built on Tue_Aug_15_22:02:13_PDT_2023;Cuda compilation tools, release 12.2, V12.2.140;Build cuda_12.2.r12.2/compiler.33191640_0
CUDA compiler flags:-std=c++17;--generate-code=arch=compute_50,code=sm_50;--generate-code=arch=compute_52,code=sm_52;--generate-code=arch=compute_60,code=sm_60;--generate-code=arch=compute_61,code=sm_61;--generate-code=arch=compute_70,code=sm_70;--generate-code=arch=compute_75,code=sm_75;--generate-code=arch=compute_80,code=sm_80;--generate-code=arch=compute_86,code=sm_86;--generate-code=arch=compute_89,code=sm_89;--generate-code=arch=compute_90,code=sm_90;-Wno-deprecated-gpu-targets;--generate-code=arch=compute_53,code=sm_53;--generate-code=arch=compute_80,code=sm_80;-use_fast_math;-Xptxas;-warn-double-usage;-Xptxas;-Werror;-D_FORCE_INLINES;-fexcess-precision=fast -funroll-all-loops -mavx512f -mfma -mavx512vl -mavx512dq -mavx512bw -Wno-missing-field-initializers -pthread -Wno-cast-function-type-strict -fopenmp -O3 -DNDEBUG
CUDA driver:        12.20
CUDA runtime:       12.20


Running on 1 node with total 8 cores, 16 processing units, 1 compatible GPU
Hardware detected on host DESKTOP-C27DRLF (the node of MPI rank 0):
  CPU info:
    Vendor: AMD
    Brand:  AMD Ryzen 7 7700X 8-Core Processor             
    Family: 25   Model: 97   Stepping: 2
    Features: aes amd apic avx avx2 avx512f avx512cd avx512bw avx512vl avx512bf16 avx512secondFMA clfsh cmov cx8 cx16 f16c fma htt lahf misalignsse mmx msr nonstop_tsc pclmuldq pdpe1gb popcnt pse rdrnd rdtscp sha sse2 sse3 sse4a sse4.1 sse4.2 ssse3
  Hardware topology: Basic
    Packages, cores, and logical processors:
    [indices refer to OS logical processors]
      Package  0: [   0   1] [   2   3] [   4   5] [   6   7] [   8   9] [  10  11] [  12  13] [  14  15]
    CPU limit set by OS: -1   Recommended max number of threads: 16
  GPU info:
    Number of GPUs detected: 1
    #0: NVIDIA NVIDIA GeForce RTX 3060 Ti, compute cap.: 8.6, ECC:  no, stat: compatible


++++ PLEASE READ AND CITE THE FOLLOWING REFERENCE ++++
M. J. Abraham, T. Murtola, R. Schulz, S. Páll, J. C. Smith, B. Hess, E.
Lindahl
GROMACS: High performance molecular simulations through multi-level
parallelism from laptops to supercomputers
SoftwareX 1 (2015) pp. 19-25
-------- -------- --- Thank You --- -------- --------


++++ PLEASE READ AND CITE THE FOLLOWING REFERENCE ++++
S. Páll, M. J. Abraham, C. Kutzner, B. Hess, E. Lindahl
Tackling Exascale Software Challenges in Molecular Dynamics Simulations with
GROMACS
In S. Markidis & E. Laure (Eds.), Solving Software Challenges for Exascale 8759 (2015) pp. 3-27
-------- -------- --- Thank You --- -------- --------


++++ PLEASE READ AND CITE THE FOLLOWING REFERENCE ++++
S. Pronk, S. Páll, R. Schulz, P. Larsson, P. Bjelkmar, R. Apostolov, M. R.
Shirts, J. C. Smith, P. M. Kasson, D. van der Spoel, B. Hess, and E. Lindahl
GROMACS 4.5: a high-throughput and highly parallel open source molecular
simulation toolkit
Bioinformatics 29 (2013) pp. 845-54
-------- -------- --- Thank You --- -------- --------


++++ PLEASE READ AND CITE THE FOLLOWING REFERENCE ++++
B. Hess and C. Kutzner and D. van der Spoel and E. Lindahl
GROMACS 4: Algorithms for highly efficient, load-balanced, and scalable
molecular simulation
J. Chem. Theory Comput. 4 (2008) pp. 435-447
-------- -------- --- Thank You --- -------- --------


++++ PLEASE READ AND CITE THE FOLLOWING REFERENCE ++++
D. van der Spoel, E. Lindahl, B. Hess, G. Groenhof, A. E. Mark and H. J. C.
Berendsen
GROMACS: Fast, Flexible and Free
J. Comp. Chem. 26 (2005) pp. 1701-1719
-------- -------- --- Thank You --- -------- --------


++++ PLEASE READ AND CITE THE FOLLOWING REFERENCE ++++
E. Lindahl and B. Hess and D. van der Spoel
GROMACS 3.0: A package for molecular simulation and trajectory analysis
J. Mol. Mod. 7 (2001) pp. 306-317
-------- -------- --- Thank You --- -------- --------


++++ PLEASE READ AND CITE THE FOLLOWING REFERENCE ++++
H. J. C. Berendsen, D. van der Spoel and R. van Drunen
GROMACS: A message-passing parallel molecular dynamics implementation
Comp. Phys. Comm. 91 (1995) pp. 43-56
-------- -------- --- Thank You --- -------- --------


++++ PLEASE CITE THE DOI FOR THIS VERSION OF GROMACS ++++
https://doi.org/10.5281/zenodo.8134397
-------- -------- --- Thank You --- -------- --------

GPU-aware MPI detected, but by default GROMACS will not make use the direct GPU communication capabilities of MPI. For improved performance try enabling the feature by setting the GMX_ENABLE_DIRECT_GPU_COMM environment variable.
Input Parameters:
   integrator                     = md
   tinit                          = 0
   dt                             = 0.002
   nsteps                         = 500000
   init-step                      = 0
   simulation-part                = 1
   mts                            = false
   comm-mode                      = Linear
   nstcomm                        = 100
   bd-fric                        = 0
   ld-seed                        = -4105
   emtol                          = 10
   emstep                         = 0.01
   niter                          = 20
   fcstep                         = 0
   nstcgsteep                     = 1000
   nbfgscorr                      = 10
   rtpi                           = 0.05
   nstxout                        = 0
   nstvout                        = 0
   nstfout                        = 0
   nstlog                         = 5000
   nstcalcenergy                  = 100
   nstenergy                      = 5000
   nstxout-compressed             = 5000
   compressed-x-precision         = 1000
   cutoff-scheme                  = Verlet
   nstlist                        = 20
   pbc                            = xyz
   periodic-molecules             = false
   verlet-buffer-tolerance        = 0.005
   rlist                          = 1.03
   coulombtype                    = PME
   coulomb-modifier               = Potential-shift
   rcoulomb-switch                = 0
   rcoulomb                       = 1
   epsilon-r                      = 1
   epsilon-rf                     = inf
   vdw-type                       = Cut-off
   vdw-modifier                   = Potential-shift
   rvdw-switch                    = 0
   rvdw                           = 1
   DispCorr                       = EnerPres
   table-extension                = 1
   fourierspacing                 = 0.16
   fourier-nx                     = 44
   fourier-ny                     = 44
   fourier-nz                     = 44
   pme-order                      = 4
   ewald-rtol                     = 1e-05
   ewald-rtol-lj                  = 0.001
   lj-pme-comb-rule               = Geometric
   ewald-geometry                 = 3d
   epsilon-surface                = 0
   ensemble-temperature-setting   = constant
   ensemble-temperature           = 300
   tcoupl                         = V-rescale
   nsttcouple                     = 10
   nh-chain-length                = 0
   print-nose-hoover-chain-variables = false
   pcoupl                         = Parrinello-Rahman
   pcoupltype                     = Isotropic
   nstpcouple                     = 50
   tau-p                          = 2
   compressibility (3x3):
      compressibility[    0]={ 4.50000e-05,  0.00000e+00,  0.00000e+00}
      compressibility[    1]={ 0.00000e+00,  4.50000e-05,  0.00000e+00}
      compressibility[    2]={ 0.00000e+00,  0.00000e+00,  4.50000e-05}
   ref-p (3x3):
      ref-p[    0]={ 1.00000e+00,  0.00000e+00,  0.00000e+00}
      ref-p[    1]={ 0.00000e+00,  1.00000e+00,  0.00000e+00}
      ref-p[    2]={ 0.00000e+00,  0.00000e+00,  1.00000e+00}
   refcoord-scaling               = No
   posres-com (3):
      posres-com[0]= 0.00000e+00
      posres-com[1]= 0.00000e+00
      posres-com[2]= 0.00000e+00
   posres-comB (3):
      posres-comB[0]= 0.00000e+00
      posres-comB[1]= 0.00000e+00
      posres-comB[2]= 0.00000e+00
   QMMM                           = false
qm-opts:
   ngQM                           = 0
   constraint-algorithm           = Lincs
   continuation                   = true
   Shake-SOR                      = false
   shake-tol                      = 0.0001
   lincs-order                    = 4
   lincs-iter                     = 1
   lincs-warnangle                = 30
   nwall                          = 0
   wall-type                      = 9-3
   wall-r-linpot                  = -1
   wall-atomtype[0]               = -1
   wall-atomtype[1]               = -1
   wall-density[0]                = 0
   wall-density[1]                = 0
   wall-ewald-zfac                = 3
   pull                           = false
   awh                            = false
   rotation                       = false
   interactiveMD                  = false
   disre                          = No
   disre-weighting                = Conservative
   disre-mixed                    = false
   dr-fc                          = 1000
   dr-tau                         = 0
   nstdisreout                    = 100
   orire-fc                       = 0
   orire-tau                      = 0
   nstorireout                    = 100
   free-energy                    = no
   cos-acceleration               = 0
   deform (3x3):
      deform[    0]={ 0.00000e+00,  0.00000e+00,  0.00000e+00}
      deform[    1]={ 0.00000e+00,  0.00000e+00,  0.00000e+00}
      deform[    2]={ 0.00000e+00,  0.00000e+00,  0.00000e+00}
   simulated-tempering            = false
   swapcoords                     = no
   userint1                       = 0
   userint2                       = 0
   userint3                       = 0
   userint4                       = 0
   userreal1                      = 0
   userreal2                      = 0
   userreal3                      = 0
   userreal4                      = 0
   applied-forces:
     electric-field:
       x:
         E0                       = 0
         omega                    = 0
         t0                       = 0
         sigma                    = 0
       y:
         E0                       = 0
         omega                    = 0
         t0                       = 0
         sigma                    = 0
       z:
         E0                       = 0
         omega                    = 0
         t0                       = 0
         sigma                    = 0
     density-guided-simulation:
       active                     = false
       group                      = protein
       similarity-measure         = inner-product
       atom-spreading-weight      = unity
       force-constant             = 1e+09
       gaussian-transform-spreading-width = 0.2
       gaussian-transform-spreading-range-in-multiples-of-width = 4
       reference-density-filename = reference.mrc
       nst                        = 1
       normalize-densities        = true
       adaptive-force-scaling     = false
       adaptive-force-scaling-time-constant = 4
       shift-vector               = 
       transformation-matrix      = 
     qmmm-cp2k:
       active                     = false
       qmgroup                    = System
       qmmethod                   = PBE
       qmfilenames                = 
       qmcharge                   = 0
       qmmultiplicity             = 1
grpopts:
   nrdf:     4920.79     63837.2
   ref-t:         300         300
   tau-t:         0.1         0.1
annealing:          No          No
annealing-npoints:           0           0
   acc:	           0           0           0
   nfreeze:           N           N           N
   energygrp-flags[  0]: 0

Changing nstlist from 20 to 100, rlist from 1.03 to 1.167


When checking whether update groups are usable:
  Domain decomposition is not active, so there is no need for update groups
1 GPU selected for this run.
Mapping of GPU IDs to the 2 GPU tasks in the 1 rank on this node:
  PP:0,PME:0
PP tasks will do (non-perturbed) short-ranged interactions on the GPU
PP task will update and constrain coordinates on the GPU
PME tasks will do all aspects on the GPU
Using 1 MPI process
Using 8 OpenMP threads 

System total charge: -0.000
Will do PME sum in reciprocal space for electrostatic interactions.

++++ PLEASE READ AND CITE THE FOLLOWING REFERENCE ++++
U. Essmann, L. Perera, M. L. Berkowitz, T. Darden, H. Lee and L. G. Pedersen 
A smooth particle mesh Ewald method
J. Chem. Phys. 103 (1995) pp. 8577-8592
-------- -------- --- Thank You --- -------- --------

Using a Gaussian width (1/beta) of 0.320163 nm for Ewald
Potential shift: LJ r^-12: -1.000e+00 r^-6: -1.000e+00, Ewald -1.000e-05
Initialized non-bonded Coulomb Ewald tables, spacing: 9.33e-04 size: 1073

Generated table with 1083 data points for 1-4 COUL.
Tabscale = 500 points/nm
Generated table with 1083 data points for 1-4 LJ6.
Tabscale = 500 points/nm
Generated table with 1083 data points for 1-4 LJ12.
Tabscale = 500 points/nm
Long Range LJ corr.: <C6> 3.1923e-04


Using GPU 8x8 nonbonded short-range kernels

Using a dual 8x8 pair-list setup updated with dynamic, rolling pruning:
  outer list: updated every 100 steps, buffer 0.167 nm, rlist 1.167 nm
  inner list: updated every  10 steps, buffer 0.002 nm, rlist 1.002 nm
At tolerance 0.005 kJ/mol/ps per atom, equivalent classical 1x1 list would be:
  outer list: updated every 100 steps, buffer 0.319 nm, rlist 1.319 nm
  inner list: updated every  10 steps, buffer 0.043 nm, rlist 1.043 nm

Using Geometric Lennard-Jones combination rule

Pinning threads with an auto-selected logical cpu stride of 2

Initializing LINear Constraint Solver

++++ PLEASE READ AND CITE THE FOLLOWING REFERENCE ++++
B. Hess and H. Bekker and H. J. C. Berendsen and J. G. E. M. Fraaije
LINCS: A Linear Constraint Solver for molecular simulations
J. Comp. Chem. 18 (1997) pp. 1463-1472
-------- -------- --- Thank You --- -------- --------

The number of constraints is 959

++++ PLEASE READ AND CITE THE FOLLOWING REFERENCE ++++
S. Miyamoto and P. A. Kollman
SETTLE: An Analytical Version of the SHAKE and RATTLE Algorithms for Rigid
Water Models
J. Comp. Chem. 13 (1992) pp. 952-962
-------- -------- --- Thank You --- -------- --------


++++ PLEASE READ AND CITE THE FOLLOWING REFERENCE ++++
G. Bussi, D. Donadio and M. Parrinello
Canonical sampling through velocity rescaling
J. Chem. Phys. 126 (2007) pp. 014101
-------- -------- --- Thank You --- -------- --------

There are: 33876 Atoms

Updating coordinates and applying constraints on the GPU.
Center of mass motion removal mode is Linear
We have the following groups for center of mass motion removal:
  0:  rest

Started mdrun on rank 0 Sun Oct  8 22:54:03 2023

           Step           Time
              0        0.00000

   Energies (kJ/mol)
           Bond          Angle    Proper Dih. Ryckaert-Bell.          LJ-14
    1.40134e+03    3.65509e+03    2.32622e+02    1.78275e+03    2.73276e+03
     Coulomb-14        LJ (SR)  Disper. corr.   Coulomb (SR)   Coul. recip.
    7.72285e+03    9.33714e+04   -4.55701e+03   -6.33903e+05    2.98429e+03
      Potential    Kinetic En.   Total Energy  Conserved En.    Temperature
   -5.24577e+05    8.55612e+04   -4.39016e+05   -4.38996e+05    2.99329e+02
 Pres. DC (bar) Pressure (bar)   Constr. rmsd
   -2.25247e+02   -1.79950e+00    0.00000e+00

           Step           Time
           5000       10.00000

   Energies (kJ/mol)
           Bond          Angle    Proper Dih. Ryckaert-Bell.          LJ-14
    1.51442e+03    3.66288e+03    2.46410e+02    1.79469e+03    2.65755e+03
     Coulomb-14        LJ (SR)  Disper. corr.   Coulomb (SR)   Coul. recip.
    7.68209e+03    9.25053e+04   -4.54021e+03   -6.32786e+05    2.90995e+03
      Potential    Kinetic En.   Total Energy  Conserved En.    Temperature
   -5.24353e+05    8.58279e+04   -4.38525e+05   -4.38811e+05    3.00262e+02
 Pres. DC (bar) Pressure (bar)   Constr. rmsd
   -2.23592e+02   -1.99324e+02    0.00000e+00

           Step           Time
          10000       20.00000

   Energies (kJ/mol)
           Bond          Angle    Proper Dih. Ryckaert-Bell.          LJ-14
    1.47693e+03    3.62778e+03    2.19387e+02    1.86685e+03    2.62150e+03
     Coulomb-14        LJ (SR)  Disper. corr.   Coulomb (SR)   Coul. recip.
    7.77900e+03    9.36461e+04   -4.56469e+03   -6.35870e+05    2.94456e+03
      Potential    Kinetic En.   Total Energy  Conserved En.    Temperature
   -5.26253e+05    8.59979e+04   -4.40255e+05   -4.38282e+05    3.00857e+02
 Pres. DC (bar) Pressure (bar)   Constr. rmsd
   -2.26007e+02    3.93968e+01    0.00000e+00

step 12400: timed with pme grid 44 44 44, coulomb cutoff 1.000: 179.0 M-cycles
step 12600: timed with pme grid 40 40 40, coulomb cutoff 1.087: 198.8 M-cycles
step 12800: timed with pme grid 36 36 36, coulomb cutoff 1.207: 229.1 M-cycles
step 13000: timed with pme grid 40 40 40, coulomb cutoff 1.087: 199.4 M-cycles
step 13200: timed with pme grid 42 42 42, coulomb cutoff 1.035: 186.9 M-cycles
step 13400: timed with pme grid 44 44 44, coulomb cutoff 1.000: 190.9 M-cycles
              optimal pme grid 44 44 44, coulomb cutoff 1.000
           Step           Time
          15000       30.00000

   Energies (kJ/mol)
           Bond          Angle    Proper Dih. Ryckaert-Bell.          LJ-14
    1.45805e+03    3.66545e+03    2.52851e+02    1.86371e+03    2.70888e+03
     Coulomb-14        LJ (SR)  Disper. corr.   Coulomb (SR)   Coul. recip.
    7.81882e+03    9.37546e+04   -4.58242e+03   -6.35129e+05    2.98411e+03
      Potential    Kinetic En.   Total Energy  Conserved En.    Temperature
   -5.25205e+05    8.51474e+04   -4.40057e+05   -4.38008e+05    2.97882e+02
 Pres. DC (bar) Pressure (bar)   Constr. rmsd
   -2.27764e+02    1.25852e+02    0.00000e+00

           Step           Time
          20000       40.00000

   Energies (kJ/mol)
           Bond          Angle    Proper Dih. Ryckaert-Bell.          LJ-14
    1.46864e+03    3.82056e+03    2.55286e+02    1.86525e+03    2.64351e+03
     Coulomb-14        LJ (SR)  Disper. corr.   Coulomb (SR)   Coul. recip.
    7.85545e+03    9.51791e+04   -4.55599e+03   -6.36850e+05    2.95922e+03
      Potential    Kinetic En.   Total Energy  Conserved En.    Temperature
   -5.25359e+05    8.61579e+04   -4.39201e+05   -4.37603e+05    3.01417e+02
 Pres. DC (bar) Pressure (bar)   Constr. rmsd
   -2.25147e+02    1.01035e+02    0.00000e+00

           Step           Time
          25000       50.00000

   Energies (kJ/mol)
           Bond          Angle    Proper Dih. Ryckaert-Bell.          LJ-14
    1.59441e+03    3.84940e+03    2.47890e+02    1.90763e+03    2.53141e+03
     Coulomb-14        LJ (SR)  Disper. corr.   Coulomb (SR)   Coul. recip.
    7.75687e+03    9.41937e+04   -4.54882e+03   -6.35084e+05    2.98835e+03
      Potential    Kinetic En.   Total Energy  Conserved En.    Temperature
   -5.24563e+05    8.54134e+04   -4.39149e+05   -4.37193e+05    2.98812e+02
 Pres. DC (bar) Pressure (bar)   Constr. rmsd
   -2.24440e+02   -1.27839e+02    0.00000e+00

           Step           Time
          30000       60.00000

   Energies (kJ/mol)
           Bond          Angle    Proper Dih. Ryckaert-Bell.          LJ-14
    1.51992e+03    3.59895e+03    2.34095e+02    1.85707e+03    2.59138e+03
     Coulomb-14        LJ (SR)  Disper. corr.   Coulomb (SR)   Coul. recip.
    7.76375e+03    9.26976e+04   -4.54671e+03   -6.33831e+05    2.92017e+03
      Potential    Kinetic En.   Total Energy  Conserved En.    Temperature
   -5.25195e+05    8.57141e+04   -4.39481e+05   -4.37006e+05    2.99865e+02
 Pres. DC (bar) Pressure (bar)   Constr. rmsd
   -2.24231e+02   -2.67383e+02    0.00000e+00

           Step           Time
          35000       70.00000

   Energies (kJ/mol)
           Bond          Angle    Proper Dih. Ryckaert-Bell.          LJ-14
    1.46286e+03    3.74003e+03    2.47898e+02    1.84110e+03    2.75465e+03
     Coulomb-14        LJ (SR)  Disper. corr.   Coulomb (SR)   Coul. recip.
    7.79964e+03    9.44397e+04   -4.60866e+03   -6.36042e+05    2.75870e+03
      Potential    Kinetic En.   Total Energy  Conserved En.    Temperature
   -5.25606e+05    8.62244e+04   -4.39381e+05   -4.36075e+05    3.01649e+02
 Pres. DC (bar) Pressure (bar)   Constr. rmsd
   -2.30376e+02    3.76528e+02    0.00000e+00

           Step           Time
          40000       80.00000

   Energies (kJ/mol)
           Bond          Angle    Proper Dih. Ryckaert-Bell.          LJ-14
    1.43060e+03    3.76078e+03    2.92491e+02    1.80870e+03    2.65710e+03
     Coulomb-14        LJ (SR)  Disper. corr.   Coulomb (SR)   Coul. recip.
    7.87092e+03    9.35694e+04   -4.54885e+03   -6.34502e+05    2.98265e+03
      Potential    Kinetic En.   Total Energy  Conserved En.    Temperature
   -5.24678e+05    8.63121e+04   -4.38366e+05   -4.35784e+05    3.01957e+02
 Pres. DC (bar) Pressure (bar)   Constr. rmsd
   -2.24443e+02   -5.05842e+01    0.00000e+00

           Step           Time
          45000       90.00000

   Energies (kJ/mol)
           Bond          Angle    Proper Dih. Ryckaert-Bell.          LJ-14
    1.33293e+03    3.79108e+03    2.63565e+02    1.74885e+03    2.76741e+03
     Coulomb-14        LJ (SR)  Disper. corr.   Coulomb (SR)   Coul. recip.
    8.00482e+03    9.37092e+04   -4.52189e+03   -6.36012e+05    2.90511e+03
      Potential    Kinetic En.   Total Energy  Conserved En.    Temperature
   -5.26011e+05    8.46177e+04   -4.41393e+05   -4.35582e+05    2.96029e+02
 Pres. DC (bar) Pressure (bar)   Constr. rmsd
   -2.21794e+02   -8.77432e+01    0.00000e+00

           Step           Time
          50000      100.00000

   Energies (kJ/mol)
           Bond          Angle    Proper Dih. Ryckaert-Bell.          LJ-14
    1.50217e+03    3.68128e+03    2.42407e+02    1.88570e+03    2.70126e+03
     Coulomb-14        LJ (SR)  Disper. corr.   Coulomb (SR)   Coul. recip.
    7.71694e+03    9.39789e+04   -4.59491e+03   -6.35752e+05    2.75663e+03
      Potential    Kinetic En.   Total Energy  Conserved En.    Temperature
   -5.25882e+05    8.57960e+04   -4.40086e+05   -4.35345e+05    3.00151e+02
 Pres. DC (bar) Pressure (bar)   Constr. rmsd
   -2.29005e+02    1.32104e+02    0.00000e+00

           Step           Time
          55000      110.00000

   Energies (kJ/mol)
           Bond          Angle    Proper Dih. Ryckaert-Bell.          LJ-14
    1.47899e+03    3.68261e+03    2.40787e+02    1.86415e+03    2.60590e+03
     Coulomb-14        LJ (SR)  Disper. corr.   Coulomb (SR)   Coul. recip.
    7.79998e+03    9.62018e+04   -4.61695e+03   -6.38043e+05    2.78629e+03
      Potential    Kinetic En.   Total Energy  Conserved En.    Temperature
   -5.26000e+05    8.54818e+04   -4.40518e+05   -4.34853e+05    2.99052e+02
 Pres. DC (bar) Pressure (bar)   Constr. rmsd
   -2.31205e+02    6.63096e+02    0.00000e+00

           Step           Time
          60000      120.00000

   Energies (kJ/mol)
           Bond          Angle    Proper Dih. Ryckaert-Bell.          LJ-14
    1.41156e+03    3.73169e+03    2.39630e+02    1.85623e+03    2.65270e+03
     Coulomb-14        LJ (SR)  Disper. corr.   Coulomb (SR)   Coul. recip.
    7.76777e+03    9.41974e+04   -4.57514e+03   -6.35077e+05    2.89812e+03
      Potential    Kinetic En.   Total Energy  Conserved En.    Temperature
   -5.24897e+05    8.56966e+04   -4.39200e+05   -4.34658e+05    2.99803e+02
 Pres. DC (bar) Pressure (bar)   Constr. rmsd
   -2.27042e+02    6.15300e+01    0.00000e+00

           Step           Time
          65000      130.00000

   Energies (kJ/mol)
           Bond          Angle    Proper Dih. Ryckaert-Bell.          LJ-14
    1.64561e+03    3.75915e+03    2.64222e+02    1.80371e+03    2.63411e+03
     Coulomb-14        LJ (SR)  Disper. corr.   Coulomb (SR)   Coul. recip.
    7.78273e+03    9.39458e+04   -4.54963e+03   -6.34885e+05    2.91202e+03
      Potential    Kinetic En.   Total Energy  Conserved En.    Temperature
   -5.24688e+05    8.56063e+04   -4.39081e+05   -4.34477e+05    2.99487e+02
 Pres. DC (bar) Pressure (bar)   Constr. rmsd
   -2.24519e+02   -8.84254e+01    0.00000e+00

           Step           Time
          70000      140.00000

   Energies (kJ/mol)
           Bond          Angle    Proper Dih. Ryckaert-Bell.          LJ-14
    1.44796e+03    3.84920e+03    2.22886e+02    1.84385e+03    2.70942e+03
     Coulomb-14        LJ (SR)  Disper. corr.   Coulomb (SR)   Coul. recip.
    7.84081e+03    9.37909e+04   -4.56055e+03   -6.34548e+05    2.92626e+03
      Potential    Kinetic En.   Total Energy  Conserved En.    Temperature
   -5.24477e+05    8.53449e+04   -4.39132e+05   -4.34395e+05    2.98573e+02
 Pres. DC (bar) Pressure (bar)   Constr. rmsd
   -2.25598e+02    1.11274e+02    0.00000e+00

           Step           Time
          75000      150.00000

   Energies (kJ/mol)
           Bond          Angle    Proper Dih. Ryckaert-Bell.          LJ-14
    1.38339e+03    3.81082e+03    2.36886e+02    1.88380e+03    2.71455e+03
     Coulomb-14        LJ (SR)  Disper. corr.   Coulomb (SR)   Coul. recip.
    7.82664e+03    9.42466e+04   -4.55591e+03   -6.35488e+05    2.95447e+03
      Potential    Kinetic En.   Total Energy  Conserved En.    Temperature
   -5.24987e+05    8.72793e+04   -4.37708e+05   -4.34085e+05    3.05340e+02
 Pres. DC (bar) Pressure (bar)   Constr. rmsd
   -2.25139e+02    1.70499e+02    0.00000e+00

           Step           Time
          80000      160.00000

   Energies (kJ/mol)
           Bond          Angle    Proper Dih. Ryckaert-Bell.          LJ-14
    1.55019e+03    3.78126e+03    2.42492e+02    1.77083e+03    2.62636e+03
     Coulomb-14        LJ (SR)  Disper. corr.   Coulomb (SR)   Coul. recip.
    7.69968e+03    9.31817e+04   -4.55779e+03   -6.33441e+05    2.87150e+03
      Potential    Kinetic En.   Total Energy  Conserved En.    Temperature
   -5.24274e+05    8.60780e+04   -4.38196e+05   -4.33855e+05    3.01137e+02
 Pres. DC (bar) Pressure (bar)   Constr. rmsd
   -2.25325e+02    3.83398e+00    0.00000e+00

           Step           Time
          85000      170.00000

   Energies (kJ/mol)
           Bond          Angle    Proper Dih. Ryckaert-Bell.          LJ-14
    1.51663e+03    3.69069e+03    2.46355e+02    1.70457e+03    2.63044e+03
     Coulomb-14        LJ (SR)  Disper. corr.   Coulomb (SR)   Coul. recip.
    7.73355e+03    9.41465e+04   -4.55295e+03   -6.35050e+05    2.85990e+03
      Potential    Kinetic En.   Total Energy  Conserved En.    Temperature
   -5.25075e+05    8.55770e+04   -4.39498e+05   -4.33557e+05    2.99385e+02
 Pres. DC (bar) Pressure (bar)   Constr. rmsd
   -2.24847e+02    9.49089e+00    0.00000e+00

           Step           Time
          90000      180.00000

   Energies (kJ/mol)
           Bond          Angle    Proper Dih. Ryckaert-Bell.          LJ-14
    1.50477e+03    3.89439e+03    2.30057e+02    1.76776e+03    2.57680e+03
     Coulomb-14        LJ (SR)  Disper. corr.   Coulomb (SR)   Coul. recip.
    7.78002e+03    9.31711e+04   -4.54435e+03   -6.33191e+05    2.92707e+03
      Potential    Kinetic En.   Total Energy  Conserved En.    Temperature
   -5.23884e+05    8.57082e+04   -4.38175e+05   -4.33430e+05    2.99844e+02
 Pres. DC (bar) Pressure (bar)   Constr. rmsd
   -2.23999e+02   -2.35082e+02    0.00000e+00

           Step           Time
          95000      190.00000

   Energies (kJ/mol)
           Bond          Angle    Proper Dih. Ryckaert-Bell.          LJ-14
    1.43547e+03    3.69586e+03    2.40133e+02    1.74166e+03    2.74225e+03
     Coulomb-14        LJ (SR)  Disper. corr.   Coulomb (SR)   Coul. recip.
    7.83342e+03    9.39652e+04   -4.54799e+03   -6.36096e+05    2.90227e+03
      Potential    Kinetic En.   Total Energy  Conserved En.    Temperature
   -5.26088e+05    8.66347e+04   -4.39453e+05   -4.33366e+05    3.03085e+02
 Pres. DC (bar) Pressure (bar)   Constr. rmsd
   -2.24358e+02   -2.68735e+01    0.00000e+00

           Step           Time
         100000      200.00000

   Energies (kJ/mol)
           Bond          Angle    Proper Dih. Ryckaert-Bell.          LJ-14
    1.42595e+03    3.85432e+03    2.75782e+02    1.84069e+03    2.58945e+03
     Coulomb-14        LJ (SR)  Disper. corr.   Coulomb (SR)   Coul. recip.
    7.83507e+03    9.25714e+04   -4.54497e+03   -6.32078e+05    2.89581e+03
      Potential    Kinetic En.   Total Energy  Conserved En.    Temperature
   -5.23335e+05    8.64624e+04   -4.36873e+05   -4.33205e+05    3.02482e+02
 Pres. DC (bar) Pressure (bar)   Constr. rmsd
   -2.24060e+02   -1.97683e+02    0.00000e+00

           Step           Time
         105000      210.00000

   Energies (kJ/mol)
           Bond          Angle    Proper Dih. Ryckaert-Bell.          LJ-14
    1.53930e+03    3.91037e+03    2.29396e+02    1.87412e+03    2.66875e+03
     Coulomb-14        LJ (SR)  Disper. corr.   Coulomb (SR)   Coul. recip.
    7.85634e+03    9.46858e+04   -4.57330e+03   -6.35848e+05    3.02671e+03
      Potential    Kinetic En.   Total Energy  Conserved En.    Temperature
   -5.24631e+05    8.61832e+04   -4.38448e+05   -4.33043e+05    3.01505e+02
 Pres. DC (bar) Pressure (bar)   Constr. rmsd
   -2.26859e+02    2.91703e+02    0.00000e+00

           Step           Time
         110000      220.00000

   Energies (kJ/mol)
           Bond          Angle    Proper Dih. Ryckaert-Bell.          LJ-14
    1.44789e+03    3.77602e+03    3.03127e+02    1.77402e+03    2.66450e+03
     Coulomb-14        LJ (SR)  Disper. corr.   Coulomb (SR)   Coul. recip.
    7.80333e+03    9.29079e+04   -4.54741e+03   -6.33639e+05    2.88419e+03
      Potential    Kinetic En.   Total Energy  Conserved En.    Temperature
   -5.24625e+05    8.53248e+04   -4.39300e+05   -4.32583e+05    2.98503e+02
 Pres. DC (bar) Pressure (bar)   Constr. rmsd
   -2.24301e+02   -1.72476e+02    0.00000e+00

           Step           Time
         115000      230.00000

   Energies (kJ/mol)
           Bond          Angle    Proper Dih. Ryckaert-Bell.          LJ-14
    1.53303e+03    3.69137e+03    2.72069e+02    1.70317e+03    2.63388e+03
     Coulomb-14        LJ (SR)  Disper. corr.   Coulomb (SR)   Coul. recip.
    7.78560e+03    9.33958e+04   -4.56024e+03   -6.35042e+05    2.92615e+03
      Potential    Kinetic En.   Total Energy  Conserved En.    Temperature
   -5.25661e+05    8.55519e+04   -4.40109e+05   -4.32400e+05    2.99297e+02
 Pres. DC (bar) Pressure (bar)   Constr. rmsd
   -2.25567e+02   -1.18133e+02    0.00000e+00

           Step           Time
         120000      240.00000

   Energies (kJ/mol)
           Bond          Angle    Proper Dih. Ryckaert-Bell.          LJ-14
    1.44478e+03    3.80662e+03    2.74709e+02    1.84430e+03    2.62534e+03
     Coulomb-14        LJ (SR)  Disper. corr.   Coulomb (SR)   Coul. recip.
    7.82584e+03    9.27282e+04   -4.53259e+03   -6.33089e+05    2.96548e+03
      Potential    Kinetic En.   Total Energy  Conserved En.    Temperature
   -5.24107e+05    8.53338e+04   -4.38773e+05   -4.32263e+05    2.98534e+02
 Pres. DC (bar) Pressure (bar)   Constr. rmsd
   -2.22843e+02   -1.79292e+02    0.00000e+00

           Step           Time
         125000      250.00000

   Energies (kJ/mol)
           Bond          Angle    Proper Dih. Ryckaert-Bell.          LJ-14
    1.46038e+03    3.90421e+03    2.47805e+02    1.77174e+03    2.63622e+03
     Coulomb-14        LJ (SR)  Disper. corr.   Coulomb (SR)   Coul. recip.
    7.87516e+03    9.51734e+04   -4.58641e+03   -6.36291e+05    2.90591e+03
      Potential    Kinetic En.   Total Energy  Conserved En.    Temperature
   -5.24903e+05    8.54121e+04   -4.39491e+05   -4.32055e+05    2.98808e+02
 Pres. DC (bar) Pressure (bar)   Constr. rmsd
   -2.28160e+02    2.43660e+02    0.00000e+00

           Step           Time
         130000      260.00000

   Energies (kJ/mol)
           Bond          Angle    Proper Dih. Ryckaert-Bell.          LJ-14
    1.55256e+03    3.76145e+03    2.54517e+02    1.81238e+03    2.63641e+03
     Coulomb-14        LJ (SR)  Disper. corr.   Coulomb (SR)   Coul. recip.
    7.87838e+03    9.31556e+04   -4.54339e+03   -6.34248e+05    2.89585e+03
      Potential    Kinetic En.   Total Energy  Conserved En.    Temperature
   -5.24844e+05    8.56161e+04   -4.39228e+05   -4.31265e+05    2.99522e+02
 Pres. DC (bar) Pressure (bar)   Constr. rmsd
   -2.23904e+02   -3.19770e+02    0.00000e+00

           Step           Time
         135000      270.00000

   Energies (kJ/mol)
           Bond          Angle    Proper Dih. Ryckaert-Bell.          LJ-14
    1.44494e+03    3.80244e+03    2.50253e+02    1.72714e+03    2.75905e+03
     Coulomb-14        LJ (SR)  Disper. corr.   Coulomb (SR)   Coul. recip.
    7.79017e+03    9.34351e+04   -4.54919e+03   -6.34506e+05    2.94726e+03
      Potential    Kinetic En.   Total Energy  Conserved En.    Temperature
   -5.24899e+05    8.55502e+04   -4.39349e+05   -4.31174e+05    2.99291e+02
 Pres. DC (bar) Pressure (bar)   Constr. rmsd
   -2.24476e+02    1.36109e+02    0.00000e+00

           Step           Time
         140000      280.00000

   Energies (kJ/mol)
           Bond          Angle    Proper Dih. Ryckaert-Bell.          LJ-14
    1.41162e+03    3.77939e+03    2.44401e+02    1.79467e+03    2.65317e+03
     Coulomb-14        LJ (SR)  Disper. corr.   Coulomb (SR)   Coul. recip.
    7.88735e+03    9.47092e+04   -4.60909e+03   -6.37406e+05    2.80327e+03
      Potential    Kinetic En.   Total Energy  Conserved En.    Temperature
   -5.26732e+05    8.61951e+04   -4.40537e+05   -4.30838e+05    3.01547e+02
 Pres. DC (bar) Pressure (bar)   Constr. rmsd
   -2.30419e+02    2.91973e+02    0.00000e+00

           Step           Time
         145000      290.00000

   Energies (kJ/mol)
           Bond          Angle    Proper Dih. Ryckaert-Bell.          LJ-14
    1.49516e+03    3.71023e+03    2.44677e+02    1.88839e+03    2.69804e+03
     Coulomb-14        LJ (SR)  Disper. corr.   Coulomb (SR)   Coul. recip.
    7.89520e+03    9.34706e+04   -4.56085e+03   -6.34090e+05    2.94346e+03
      Potential    Kinetic En.   Total Energy  Conserved En.    Temperature
   -5.24305e+05    8.63538e+04   -4.37951e+05   -4.30436e+05    3.02102e+02
 Pres. DC (bar) Pressure (bar)   Constr. rmsd
   -2.25627e+02    3.10822e+01    0.00000e+00

           Step           Time
         150000      300.00000

   Energies (kJ/mol)
           Bond          Angle    Proper Dih. Ryckaert-Bell.          LJ-14
    1.50037e+03    3.73844e+03    2.39376e+02    1.78996e+03    2.62134e+03
     Coulomb-14        LJ (SR)  Disper. corr.   Coulomb (SR)   Coul. recip.
    7.78131e+03    9.25934e+04   -4.53468e+03   -6.32546e+05    2.93823e+03
      Potential    Kinetic En.   Total Energy  Conserved En.    Temperature
   -5.23878e+05    8.56731e+04   -4.38205e+05   -4.30046e+05    2.99721e+02
 Pres. DC (bar) Pressure (bar)   Constr. rmsd
   -2.23048e+02   -1.37011e+02    0.00000e+00

           Step           Time
         155000      310.00000

   Energies (kJ/mol)
           Bond          Angle    Proper Dih. Ryckaert-Bell.          LJ-14
    1.46844e+03    3.71599e+03    2.69436e+02    1.86593e+03    2.66468e+03
     Coulomb-14        LJ (SR)  Disper. corr.   Coulomb (SR)   Coul. recip.
    7.74715e+03    9.35152e+04   -4.57496e+03   -6.35291e+05    2.88717e+03
      Potential    Kinetic En.   Total Energy  Conserved En.    Temperature
   -5.25732e+05    8.50567e+04   -4.40675e+05   -4.29863e+05    2.97564e+02
 Pres. DC (bar) Pressure (bar)   Constr. rmsd
   -2.27024e+02    5.35671e+01    0.00000e+00

           Step           Time
         160000      320.00000

   Energies (kJ/mol)
           Bond          Angle    Proper Dih. Ryckaert-Bell.          LJ-14
    1.47240e+03    3.81786e+03    2.24284e+02    1.81166e+03    2.67464e+03
     Coulomb-14        LJ (SR)  Disper. corr.   Coulomb (SR)   Coul. recip.
    7.76270e+03    9.36051e+04   -4.56090e+03   -6.34699e+05    2.93224e+03
      Potential    Kinetic En.   Total Energy  Conserved En.    Temperature
   -5.24959e+05    8.54092e+04   -4.39550e+05   -4.29733e+05    2.98798e+02
 Pres. DC (bar) Pressure (bar)   Constr. rmsd
   -2.25632e+02   -3.81622e+01    0.00000e+00

           Step           Time
         165000      330.00000

   Energies (kJ/mol)
           Bond          Angle    Proper Dih. Ryckaert-Bell.          LJ-14
    1.44247e+03    3.75061e+03    2.47590e+02    1.88989e+03    2.64336e+03
     Coulomb-14        LJ (SR)  Disper. corr.   Coulomb (SR)   Coul. recip.
    7.84288e+03    9.23875e+04   -4.55765e+03   -6.32232e+05    2.95643e+03
      Potential    Kinetic En.   Total Energy  Conserved En.    Temperature
   -5.23629e+05    8.56025e+04   -4.38027e+05   -4.29477e+05    2.99474e+02
 Pres. DC (bar) Pressure (bar)   Constr. rmsd
   -2.25311e+02   -1.06713e+01    0.00000e+00

           Step           Time
         170000      340.00000

   Energies (kJ/mol)
           Bond          Angle    Proper Dih. Ryckaert-Bell.          LJ-14
    1.54976e+03    3.89722e+03    2.46264e+02    1.75412e+03    2.65463e+03
     Coulomb-14        LJ (SR)  Disper. corr.   Coulomb (SR)   Coul. recip.
    7.79659e+03    9.41420e+04   -4.57338e+03   -6.34857e+05    2.92241e+03
      Potential    Kinetic En.   Total Energy  Conserved En.    Temperature
   -5.24468e+05    8.57835e+04   -4.38684e+05   -4.29087e+05    3.00107e+02
 Pres. DC (bar) Pressure (bar)   Constr. rmsd
   -2.26867e+02    3.40136e+01    0.00000e+00

           Step           Time
         175000      350.00000

   Energies (kJ/mol)
           Bond          Angle    Proper Dih. Ryckaert-Bell.          LJ-14
    1.49718e+03    3.77532e+03    2.27551e+02    1.85322e+03    2.60573e+03
     Coulomb-14        LJ (SR)  Disper. corr.   Coulomb (SR)   Coul. recip.
    7.80275e+03    9.23181e+04   -4.53253e+03   -6.32846e+05    2.96277e+03
      Potential    Kinetic En.   Total Energy  Conserved En.    Temperature
   -5.24336e+05    8.53241e+04   -4.39012e+05   -4.28953e+05    2.98500e+02
 Pres. DC (bar) Pressure (bar)   Constr. rmsd
   -2.22837e+02   -3.62465e+02    0.00000e+00

           Step           Time
         180000      360.00000

   Energies (kJ/mol)
           Bond          Angle    Proper Dih. Ryckaert-Bell.          LJ-14
    1.45342e+03    3.80935e+03    2.30174e+02    1.76978e+03    2.65416e+03
     Coulomb-14        LJ (SR)  Disper. corr.   Coulomb (SR)   Coul. recip.
    7.82224e+03    9.49709e+04   -4.61198e+03   -6.35996e+05    2.95883e+03
      Potential    Kinetic En.   Total Energy  Conserved En.    Temperature
   -5.24939e+05    8.65152e+04   -4.38424e+05   -4.28606e+05    3.02667e+02
 Pres. DC (bar) Pressure (bar)   Constr. rmsd
   -2.30708e+02    4.12583e+02    0.00000e+00

           Step           Time
         185000      370.00000

   Energies (kJ/mol)
           Bond          Angle    Proper Dih. Ryckaert-Bell.          LJ-14
    1.42644e+03    3.75228e+03    2.52985e+02    1.74926e+03    2.66320e+03
     Coulomb-14        LJ (SR)  Disper. corr.   Coulomb (SR)   Coul. recip.
    7.81450e+03    9.38294e+04   -4.58775e+03   -6.35121e+05    2.88185e+03
      Potential    Kinetic En.   Total Energy  Conserved En.    Temperature
   -5.25339e+05    8.48071e+04   -4.40532e+05   -4.28339e+05    2.96691e+02
 Pres. DC (bar) Pressure (bar)   Constr. rmsd
   -2.28293e+02    1.43508e+02    0.00000e+00

           Step           Time
         190000      380.00000

   Energies (kJ/mol)
           Bond          Angle    Proper Dih. Ryckaert-Bell.          LJ-14
    1.42245e+03    3.66624e+03    2.20902e+02    1.80307e+03    2.67754e+03
     Coulomb-14        LJ (SR)  Disper. corr.   Coulomb (SR)   Coul. recip.
    7.79851e+03    9.31360e+04   -4.54052e+03   -6.33886e+05    2.86096e+03
      Potential    Kinetic En.   Total Energy  Conserved En.    Temperature
   -5.24841e+05    8.59032e+04   -4.38938e+05   -4.28214e+05    3.00526e+02
 Pres. DC (bar) Pressure (bar)   Constr. rmsd
   -2.23622e+02   -1.24963e+02    0.00000e+00

           Step           Time
         195000      390.00000

   Energies (kJ/mol)
           Bond          Angle    Proper Dih. Ryckaert-Bell.          LJ-14
    1.29599e+03    3.96151e+03    2.49078e+02    1.86456e+03    2.70402e+03
     Coulomb-14        LJ (SR)  Disper. corr.   Coulomb (SR)   Coul. recip.
    7.79292e+03    9.21199e+04   -4.57101e+03   -6.34065e+05    2.81411e+03
      Potential    Kinetic En.   Total Energy  Conserved En.    Temperature
   -5.25834e+05    8.57696e+04   -4.40064e+05   -4.27882e+05    3.00058e+02
 Pres. DC (bar) Pressure (bar)   Constr. rmsd
   -2.26632e+02   -6.53178e+01    0.00000e+00

           Step           Time
         200000      400.00000

   Energies (kJ/mol)
           Bond          Angle    Proper Dih. Ryckaert-Bell.          LJ-14
    1.49131e+03    3.82709e+03    2.26504e+02    1.83010e+03    2.76632e+03
     Coulomb-14        LJ (SR)  Disper. corr.   Coulomb (SR)   Coul. recip.
    7.82898e+03    9.28738e+04   -4.56448e+03   -6.33186e+05    2.94802e+03
      Potential    Kinetic En.   Total Energy  Conserved En.    Temperature
   -5.23958e+05    8.56046e+04   -4.38354e+05   -4.27614e+05    2.99481e+02
 Pres. DC (bar) Pressure (bar)   Constr. rmsd
   -2.25986e+02    1.15696e+02    0.00000e+00

           Step           Time
         205000      410.00000

   Energies (kJ/mol)
           Bond          Angle    Proper Dih. Ryckaert-Bell.          LJ-14
    1.55595e+03    3.98963e+03    2.53839e+02    1.82220e+03    2.60803e+03
     Coulomb-14        LJ (SR)  Disper. corr.   Coulomb (SR)   Coul. recip.
    7.70157e+03    9.35786e+04   -4.51661e+03   -6.33251e+05    2.98157e+03
      Potential    Kinetic En.   Total Energy  Conserved En.    Temperature
   -5.23277e+05    8.63707e+04   -4.36906e+05   -4.27475e+05    3.02161e+02
 Pres. DC (bar) Pressure (bar)   Constr. rmsd
   -2.21277e+02   -5.89003e+01    0.00000e+00

           Step           Time
         210000      420.00000

   Energies (kJ/mol)
           Bond          Angle    Proper Dih. Ryckaert-Bell.          LJ-14
    1.47403e+03    3.63271e+03    2.60305e+02    1.75969e+03    2.52966e+03
     Coulomb-14        LJ (SR)  Disper. corr.   Coulomb (SR)   Coul. recip.
    7.85540e+03    9.26777e+04   -4.57381e+03   -6.33442e+05    2.90051e+03
      Potential    Kinetic En.   Total Energy  Conserved En.    Temperature
   -5.24925e+05    8.59468e+04   -4.38979e+05   -4.27297e+05    3.00678e+02
 Pres. DC (bar) Pressure (bar)   Constr. rmsd
   -2.26910e+02   -1.36221e+02    0.00000e+00

           Step           Time
         215000      430.00000

   Energies (kJ/mol)
           Bond          Angle    Proper Dih. Ryckaert-Bell.          LJ-14
    1.55861e+03    3.76104e+03    2.44918e+02    1.76441e+03    2.60784e+03
     Coulomb-14        LJ (SR)  Disper. corr.   Coulomb (SR)   Coul. recip.
    7.87015e+03    9.26834e+04   -4.53063e+03   -6.33990e+05    2.90888e+03
      Potential    Kinetic En.   Total Energy  Conserved En.    Temperature
   -5.25122e+05    8.58618e+04   -4.39260e+05   -4.27148e+05    3.00381e+02
 Pres. DC (bar) Pressure (bar)   Constr. rmsd
   -2.22651e+02   -3.57195e+02    0.00000e+00

           Step           Time
         220000      440.00000

   Energies (kJ/mol)
           Bond          Angle    Proper Dih. Ryckaert-Bell.          LJ-14
    1.41289e+03    3.75105e+03    2.05210e+02    1.68752e+03    2.58786e+03
     Coulomb-14        LJ (SR)  Disper. corr.   Coulomb (SR)   Coul. recip.
    7.79099e+03    9.47767e+04   -4.56493e+03   -6.37159e+05    2.88273e+03
      Potential    Kinetic En.   Total Energy  Conserved En.    Temperature
   -5.26628e+05    8.52743e+04   -4.41354e+05   -4.26971e+05    2.98326e+02
 Pres. DC (bar) Pressure (bar)   Constr. rmsd
   -2.26031e+02   -2.69645e+01    0.00000e+00

           Step           Time
         225000      450.00000

   Energies (kJ/mol)
           Bond          Angle    Proper Dih. Ryckaert-Bell.          LJ-14
    1.49691e+03    3.75649e+03    2.77218e+02    1.81269e+03    2.71169e+03
     Coulomb-14        LJ (SR)  Disper. corr.   Coulomb (SR)   Coul. recip.
    7.82072e+03    9.26347e+04   -4.53272e+03   -6.33704e+05    2.93320e+03
      Potential    Kinetic En.   Total Energy  Conserved En.    Temperature
   -5.24793e+05    8.51205e+04   -4.39672e+05   -4.26796e+05    2.97788e+02
 Pres. DC (bar) Pressure (bar)   Constr. rmsd
   -2.22855e+02   -2.84234e+02    0.00000e+00

           Step           Time
         230000      460.00000

   Energies (kJ/mol)
           Bond          Angle    Proper Dih. Ryckaert-Bell.          LJ-14
    1.53995e+03    3.72161e+03    2.38591e+02    1.84422e+03    2.58937e+03
     Coulomb-14        LJ (SR)  Disper. corr.   Coulomb (SR)   Coul. recip.
    7.85194e+03    9.29601e+04   -4.56407e+03   -6.34614e+05    2.86750e+03
      Potential    Kinetic En.   Total Energy  Conserved En.    Temperature
   -5.25565e+05    8.64327e+04   -4.39132e+05   -4.26388e+05    3.02378e+02
 Pres. DC (bar) Pressure (bar)   Constr. rmsd
   -2.25945e+02   -2.01307e+02    0.00000e+00

           Step           Time
         235000      470.00000

   Energies (kJ/mol)
           Bond          Angle    Proper Dih. Ryckaert-Bell.          LJ-14
    1.47614e+03    3.69454e+03    2.16412e+02    1.82157e+03    2.66438e+03
     Coulomb-14        LJ (SR)  Disper. corr.   Coulomb (SR)   Coul. recip.
    7.79548e+03    9.39658e+04   -4.55572e+03   -6.33188e+05    2.96209e+03
      Potential    Kinetic En.   Total Energy  Conserved En.    Temperature
   -5.23147e+05    8.66055e+04   -4.36542e+05   -4.26314e+05    3.02983e+02
 Pres. DC (bar) Pressure (bar)   Constr. rmsd
   -2.25120e+02    1.31419e+02    0.00000e+00

           Step           Time
         240000      480.00000

   Energies (kJ/mol)
           Bond          Angle    Proper Dih. Ryckaert-Bell.          LJ-14
    1.55715e+03    3.85992e+03    2.60090e+02    1.70451e+03    2.67318e+03
     Coulomb-14        LJ (SR)  Disper. corr.   Coulomb (SR)   Coul. recip.
    7.68988e+03    9.25686e+04   -4.54318e+03   -6.32608e+05    3.00706e+03
      Potential    Kinetic En.   Total Energy  Conserved En.    Temperature
   -5.23830e+05    8.58753e+04   -4.37955e+05   -4.25957e+05    3.00428e+02
 Pres. DC (bar) Pressure (bar)   Constr. rmsd
   -2.23884e+02   -3.63644e+01    0.00000e+00

           Step           Time
         245000      490.00000

   Energies (kJ/mol)
           Bond          Angle    Proper Dih. Ryckaert-Bell.          LJ-14
    1.59945e+03    3.58208e+03    2.05367e+02    1.75808e+03    2.59821e+03
     Coulomb-14        LJ (SR)  Disper. corr.   Coulomb (SR)   Coul. recip.
    7.76547e+03    9.43557e+04   -4.57425e+03   -6.35189e+05    2.98852e+03
      Potential    Kinetic En.   Total Energy  Conserved En.    Temperature
   -5.24910e+05    8.57489e+04   -4.39161e+05   -4.25553e+05    2.99986e+02
 Pres. DC (bar) Pressure (bar)   Constr. rmsd
   -2.26953e+02    5.05367e+01    0.00000e+00

           Step           Time
         250000      500.00000

   Energies (kJ/mol)
           Bond          Angle    Proper Dih. Ryckaert-Bell.          LJ-14
    1.44730e+03    3.76512e+03    2.30365e+02    1.71504e+03    2.61267e+03
     Coulomb-14        LJ (SR)  Disper. corr.   Coulomb (SR)   Coul. recip.
    7.71019e+03    9.11680e+04   -4.54171e+03   -6.30987e+05    2.93863e+03
      Potential    Kinetic En.   Total Energy  Conserved En.    Temperature
   -5.23942e+05    8.52569e+04   -4.38685e+05   -4.25434e+05    2.98265e+02
 Pres. DC (bar) Pressure (bar)   Constr. rmsd
   -2.23740e+02   -3.95536e+02    0.00000e+00

           Step           Time
         255000      510.00000

   Energies (kJ/mol)
           Bond          Angle    Proper Dih. Ryckaert-Bell.          LJ-14
    1.48372e+03    3.85543e+03    2.61981e+02    1.71062e+03    2.65605e+03
     Coulomb-14        LJ (SR)  Disper. corr.   Coulomb (SR)   Coul. recip.
    7.80461e+03    9.30527e+04   -4.54712e+03   -6.34591e+05    2.93324e+03
      Potential    Kinetic En.   Total Energy  Conserved En.    Temperature
   -5.25380e+05    8.61301e+04   -4.39249e+05   -4.25141e+05    3.01320e+02
 Pres. DC (bar) Pressure (bar)   Constr. rmsd
   -2.24272e+02   -1.20597e+02    0.00000e+00

           Step           Time
         260000      520.00000

   Energies (kJ/mol)
           Bond          Angle    Proper Dih. Ryckaert-Bell.          LJ-14
    1.39524e+03    3.74482e+03    2.31012e+02    1.76283e+03    2.68827e+03
     Coulomb-14        LJ (SR)  Disper. corr.   Coulomb (SR)   Coul. recip.
    7.72383e+03    9.21582e+04   -4.54467e+03   -6.33484e+05    2.91141e+03
      Potential    Kinetic En.   Total Energy  Conserved En.    Temperature
   -5.25413e+05    8.49200e+04   -4.40493e+05   -4.24960e+05    2.97086e+02
 Pres. DC (bar) Pressure (bar)   Constr. rmsd
   -2.24030e+02   -2.56546e+02    0.00000e+00

           Step           Time
         265000      530.00000

   Energies (kJ/mol)
           Bond          Angle    Proper Dih. Ryckaert-Bell.          LJ-14
    1.44614e+03    3.86309e+03    2.91695e+02    1.76652e+03    2.68341e+03
     Coulomb-14        LJ (SR)  Disper. corr.   Coulomb (SR)   Coul. recip.
    7.85435e+03    9.31572e+04   -4.58848e+03   -6.34874e+05    2.97248e+03
      Potential    Kinetic En.   Total Energy  Conserved En.    Temperature
   -5.25428e+05    8.69796e+04   -4.38448e+05   -4.24652e+05    3.04292e+02
 Pres. DC (bar) Pressure (bar)   Constr. rmsd
   -2.28366e+02    7.23618e+01    0.00000e+00

           Step           Time
         270000      540.00000

   Energies (kJ/mol)
           Bond          Angle    Proper Dih. Ryckaert-Bell.          LJ-14
    1.49259e+03    3.90278e+03    2.27164e+02    1.80269e+03    2.64720e+03
     Coulomb-14        LJ (SR)  Disper. corr.   Coulomb (SR)   Coul. recip.
    7.80985e+03    9.29736e+04   -4.59735e+03   -6.33793e+05    2.84621e+03
      Potential    Kinetic En.   Total Energy  Conserved En.    Temperature
   -5.24689e+05    8.71541e+04   -4.37535e+05   -4.24196e+05    3.04902e+02
 Pres. DC (bar) Pressure (bar)   Constr. rmsd
   -2.29249e+02    1.04173e+02    0.00000e+00

           Step           Time
         275000      550.00000

   Energies (kJ/mol)
           Bond          Angle    Proper Dih. Ryckaert-Bell.          LJ-14
    1.41154e+03    3.70135e+03    2.30861e+02    1.70620e+03    2.66445e+03
     Coulomb-14        LJ (SR)  Disper. corr.   Coulomb (SR)   Coul. recip.
    7.75154e+03    9.31590e+04   -4.55236e+03   -6.34302e+05    3.03308e+03
      Potential    Kinetic En.   Total Energy  Conserved En.    Temperature
   -5.25197e+05    8.53296e+04   -4.39867e+05   -4.23809e+05    2.98519e+02
 Pres. DC (bar) Pressure (bar)   Constr. rmsd
   -2.24789e+02   -7.73736e+01    0.00000e+00

           Step           Time
         280000      560.00000

   Energies (kJ/mol)
           Bond          Angle    Proper Dih. Ryckaert-Bell.          LJ-14
    1.27041e+03    3.67200e+03    2.42397e+02    1.70331e+03    2.78836e+03
     Coulomb-14        LJ (SR)  Disper. corr.   Coulomb (SR)   Coul. recip.
    7.86606e+03    9.45739e+04   -4.55544e+03   -6.36672e+05    2.97583e+03
      Potential    Kinetic En.   Total Energy  Conserved En.    Temperature
   -5.26135e+05    8.60406e+04   -4.40095e+05   -4.23581e+05    3.01007e+02
 Pres. DC (bar) Pressure (bar)   Constr. rmsd
   -2.25093e+02    1.91266e+02    0.00000e+00

           Step           Time
         285000      570.00000

   Energies (kJ/mol)
           Bond          Angle    Proper Dih. Ryckaert-Bell.          LJ-14
    1.39087e+03    3.84458e+03    2.06569e+02    1.68813e+03    2.71323e+03
     Coulomb-14        LJ (SR)  Disper. corr.   Coulomb (SR)   Coul. recip.
    7.74468e+03    9.58288e+04   -4.59581e+03   -6.37336e+05    2.89648e+03
      Potential    Kinetic En.   Total Energy  Conserved En.    Temperature
   -5.25618e+05    8.56679e+04   -4.39950e+05   -4.23213e+05    2.99703e+02
 Pres. DC (bar) Pressure (bar)   Constr. rmsd
   -2.29095e+02    5.93912e+02    0.00000e+00

           Step           Time
         290000      580.00000

   Energies (kJ/mol)
           Bond          Angle    Proper Dih. Ryckaert-Bell.          LJ-14
    1.53059e+03    3.78113e+03    2.61232e+02    1.75029e+03    2.81769e+03
     Coulomb-14        LJ (SR)  Disper. corr.   Coulomb (SR)   Coul. recip.
    7.88387e+03    9.29174e+04   -4.52690e+03   -6.34473e+05    3.01849e+03
      Potential    Kinetic En.   Total Energy  Conserved En.    Temperature
   -5.25039e+05    8.58573e+04   -4.39182e+05   -4.22413e+05    3.00365e+02
 Pres. DC (bar) Pressure (bar)   Constr. rmsd
   -2.22285e+02   -2.14771e+02    0.00000e+00

           Step           Time
         295000      590.00000

   Energies (kJ/mol)
           Bond          Angle    Proper Dih. Ryckaert-Bell.          LJ-14
    1.48252e+03    3.79922e+03    2.44952e+02    1.81839e+03    2.61914e+03
     Coulomb-14        LJ (SR)  Disper. corr.   Coulomb (SR)   Coul. recip.
    7.73341e+03    9.38739e+04   -4.55293e+03   -6.34596e+05    2.98488e+03
      Potential    Kinetic En.   Total Energy  Conserved En.    Temperature
   -5.24593e+05    8.59353e+04   -4.38657e+05   -4.22206e+05    3.00638e+02
 Pres. DC (bar) Pressure (bar)   Constr. rmsd
   -2.24845e+02    4.95893e+01    0.00000e+00

           Step           Time
         300000      600.00000

   Energies (kJ/mol)
           Bond          Angle    Proper Dih. Ryckaert-Bell.          LJ-14
    1.61758e+03    3.77931e+03    2.58706e+02    1.80302e+03    2.61918e+03
     Coulomb-14        LJ (SR)  Disper. corr.   Coulomb (SR)   Coul. recip.
    7.66873e+03    9.37422e+04   -4.55532e+03   -6.33710e+05    2.91346e+03
      Potential    Kinetic En.   Total Energy  Conserved En.    Temperature
   -5.23863e+05    8.66674e+04   -4.37195e+05   -4.22103e+05    3.03199e+02
 Pres. DC (bar) Pressure (bar)   Constr. rmsd
   -2.25081e+02    5.84012e+01    0.00000e+00

           Step           Time
         305000      610.00000

   Energies (kJ/mol)
           Bond          Angle    Proper Dih. Ryckaert-Bell.          LJ-14
    1.40124e+03    3.84635e+03    2.52155e+02    1.79217e+03    2.72203e+03
     Coulomb-14        LJ (SR)  Disper. corr.   Coulomb (SR)   Coul. recip.
    7.89529e+03    9.32301e+04   -4.54550e+03   -6.34012e+05    2.96178e+03
      Potential    Kinetic En.   Total Energy  Conserved En.    Temperature
   -5.24456e+05    8.63119e+04   -4.38144e+05   -4.21733e+05    3.01956e+02
 Pres. DC (bar) Pressure (bar)   Constr. rmsd
   -2.24112e+02   -3.23504e+01    0.00000e+00

           Step           Time
         310000      620.00000

   Energies (kJ/mol)
           Bond          Angle    Proper Dih. Ryckaert-Bell.          LJ-14
    1.54549e+03    3.67100e+03    2.10606e+02    1.73464e+03    2.65625e+03
     Coulomb-14        LJ (SR)  Disper. corr.   Coulomb (SR)   Coul. recip.
    7.69407e+03    9.27179e+04   -4.54052e+03   -6.32753e+05    3.01819e+03
      Potential    Kinetic En.   Total Energy  Conserved En.    Temperature
   -5.24046e+05    8.61503e+04   -4.37895e+05   -4.21494e+05    3.01390e+02
 Pres. DC (bar) Pressure (bar)   Constr. rmsd
   -2.23623e+02   -1.80591e+02    0.00000e+00

           Step           Time
         315000      630.00000

   Energies (kJ/mol)
           Bond          Angle    Proper Dih. Ryckaert-Bell.          LJ-14
    1.43688e+03    3.80490e+03    2.59047e+02    1.80130e+03    2.74183e+03
     Coulomb-14        LJ (SR)  Disper. corr.   Coulomb (SR)   Coul. recip.
    7.91201e+03    9.35475e+04   -4.55496e+03   -6.34791e+05    2.94836e+03
      Potential    Kinetic En.   Total Energy  Conserved En.    Temperature
   -5.24894e+05    8.62866e+04   -4.38608e+05   -4.21208e+05    3.01867e+02
 Pres. DC (bar) Pressure (bar)   Constr. rmsd
   -2.25045e+02    1.64129e+02    0.00000e+00

           Step           Time
         320000      640.00000

   Energies (kJ/mol)
           Bond          Angle    Proper Dih. Ryckaert-Bell.          LJ-14
    1.47174e+03    3.72260e+03    2.54874e+02    1.80312e+03    2.69012e+03
     Coulomb-14        LJ (SR)  Disper. corr.   Coulomb (SR)   Coul. recip.
    7.76953e+03    9.29750e+04   -4.55525e+03   -6.33879e+05    2.93933e+03
      Potential    Kinetic En.   Total Energy  Conserved En.    Temperature
   -5.24808e+05    8.49938e+04   -4.39814e+05   -4.21040e+05    2.97344e+02
 Pres. DC (bar) Pressure (bar)   Constr. rmsd
   -2.25074e+02   -4.32870e+01    0.00000e+00

           Step           Time
         325000      650.00000

   Energies (kJ/mol)
           Bond          Angle    Proper Dih. Ryckaert-Bell.          LJ-14
    1.50001e+03    3.86298e+03    2.44952e+02    1.76509e+03    2.67271e+03
     Coulomb-14        LJ (SR)  Disper. corr.   Coulomb (SR)   Coul. recip.
    7.84681e+03    9.41348e+04   -4.53998e+03   -6.34882e+05    2.96713e+03
      Potential    Kinetic En.   Total Energy  Conserved En.    Temperature
   -5.24427e+05    8.57515e+04   -4.38676e+05   -4.20932e+05    2.99995e+02
 Pres. DC (bar) Pressure (bar)   Constr. rmsd
   -2.23569e+02    9.75782e+01    0.00000e+00

           Step           Time
         330000      660.00000

   Energies (kJ/mol)
           Bond          Angle    Proper Dih. Ryckaert-Bell.          LJ-14
    1.45593e+03    3.72815e+03    2.76848e+02    1.83283e+03    2.60881e+03
     Coulomb-14        LJ (SR)  Disper. corr.   Coulomb (SR)   Coul. recip.
    7.77560e+03    9.15445e+04   -4.55838e+03   -6.32453e+05    2.89785e+03
      Potential    Kinetic En.   Total Energy  Conserved En.    Temperature
   -5.24891e+05    8.61392e+04   -4.38752e+05   -4.20890e+05    3.01352e+02
 Pres. DC (bar) Pressure (bar)   Constr. rmsd
   -2.25382e+02   -3.47369e+02    0.00000e+00

           Step           Time
         335000      670.00000

   Energies (kJ/mol)
           Bond          Angle    Proper Dih. Ryckaert-Bell.          LJ-14
    1.36676e+03    3.85923e+03    2.43885e+02    1.74248e+03    2.69262e+03
     Coulomb-14        LJ (SR)  Disper. corr.   Coulomb (SR)   Coul. recip.
    7.95092e+03    9.42864e+04   -4.57962e+03   -6.36009e+05    2.88140e+03
      Potential    Kinetic En.   Total Energy  Conserved En.    Temperature
   -5.25565e+05    8.60032e+04   -4.39562e+05   -4.20621e+05    3.00876e+02
 Pres. DC (bar) Pressure (bar)   Constr. rmsd
   -2.27486e+02    2.09493e+02    0.00000e+00

           Step           Time
         340000      680.00000

   Energies (kJ/mol)
           Bond          Angle    Proper Dih. Ryckaert-Bell.          LJ-14
    1.37869e+03    3.87190e+03    2.43099e+02    1.77099e+03    2.64204e+03
     Coulomb-14        LJ (SR)  Disper. corr.   Coulomb (SR)   Coul. recip.
    7.80175e+03    9.18102e+04   -4.52504e+03   -6.31894e+05    2.86552e+03
      Potential    Kinetic En.   Total Energy  Conserved En.    Temperature
   -5.24034e+05    8.54379e+04   -4.38596e+05   -4.20417e+05    2.98898e+02
 Pres. DC (bar) Pressure (bar)   Constr. rmsd
   -2.22102e+02   -2.81418e+02    0.00000e+00

           Step           Time
         345000      690.00000

   Energies (kJ/mol)
           Bond          Angle    Proper Dih. Ryckaert-Bell.          LJ-14
    1.50269e+03    3.74823e+03    2.42441e+02    1.82579e+03    2.62324e+03
     Coulomb-14        LJ (SR)  Disper. corr.   Coulomb (SR)   Coul. recip.
    7.74278e+03    9.36010e+04   -4.55975e+03   -6.34164e+05    2.91335e+03
      Potential    Kinetic En.   Total Energy  Conserved En.    Temperature
   -5.24524e+05    8.58618e+04   -4.38662e+05   -4.20158e+05    3.00381e+02
 Pres. DC (bar) Pressure (bar)   Constr. rmsd
   -2.25518e+02   -5.62826e+01    0.00000e+00

           Step           Time
         350000      700.00000

   Energies (kJ/mol)
           Bond          Angle    Proper Dih. Ryckaert-Bell.          LJ-14
    1.42117e+03    3.61276e+03    2.80408e+02    1.79066e+03    2.76140e+03
     Coulomb-14        LJ (SR)  Disper. corr.   Coulomb (SR)   Coul. recip.
    7.76839e+03    9.39960e+04   -4.56546e+03   -6.35599e+05    2.92261e+03
      Potential    Kinetic En.   Total Energy  Conserved En.    Temperature
   -5.25611e+05    8.49806e+04   -4.40631e+05   -4.20077e+05    2.97298e+02
 Pres. DC (bar) Pressure (bar)   Constr. rmsd
   -2.26083e+02    1.73417e+02    0.00000e+00

           Step           Time
         355000      710.00000

   Energies (kJ/mol)
           Bond          Angle    Proper Dih. Ryckaert-Bell.          LJ-14
    1.41725e+03    3.84641e+03    2.63714e+02    1.79988e+03    2.66861e+03
     Coulomb-14        LJ (SR)  Disper. corr.   Coulomb (SR)   Coul. recip.
    7.84826e+03    9.22269e+04   -4.53742e+03   -6.33322e+05    2.96913e+03
      Potential    Kinetic En.   Total Energy  Conserved En.    Temperature
   -5.24819e+05    8.51639e+04   -4.39655e+05   -4.19545e+05    2.97940e+02
 Pres. DC (bar) Pressure (bar)   Constr. rmsd
   -2.23318e+02   -2.83623e+02    0.00000e+00

           Step           Time
         360000      720.00000

   Energies (kJ/mol)
           Bond          Angle    Proper Dih. Ryckaert-Bell.          LJ-14
    1.52645e+03    3.69030e+03    2.63496e+02    1.75877e+03    2.60239e+03
     Coulomb-14        LJ (SR)  Disper. corr.   Coulomb (SR)   Coul. recip.
    7.76060e+03    9.41531e+04   -4.57550e+03   -6.37134e+05    2.80147e+03
      Potential    Kinetic En.   Total Energy  Conserved En.    Temperature
   -5.27152e+05    8.66168e+04   -4.40536e+05   -4.19019e+05    3.03022e+02
 Pres. DC (bar) Pressure (bar)   Constr. rmsd
   -2.27078e+02    4.70957e+01    0.00000e+00

           Step           Time
         365000      730.00000

   Energies (kJ/mol)
           Bond          Angle    Proper Dih. Ryckaert-Bell.          LJ-14
    1.42307e+03    3.70544e+03    2.09380e+02    1.67969e+03    2.69736e+03
     Coulomb-14        LJ (SR)  Disper. corr.   Coulomb (SR)   Coul. recip.
    7.79097e+03    9.54254e+04   -4.56801e+03   -6.38091e+05    2.89621e+03
      Potential    Kinetic En.   Total Energy  Conserved En.    Temperature
   -5.26831e+05    8.49937e+04   -4.41838e+05   -4.18831e+05    2.97344e+02
 Pres. DC (bar) Pressure (bar)   Constr. rmsd
   -2.26335e+02    2.72922e+02    0.00000e+00

           Step           Time
         370000      740.00000

   Energies (kJ/mol)
           Bond          Angle    Proper Dih. Ryckaert-Bell.          LJ-14
    1.62663e+03    3.75859e+03    2.33030e+02    1.77790e+03    2.57968e+03
     Coulomb-14        LJ (SR)  Disper. corr.   Coulomb (SR)   Coul. recip.
    7.81528e+03    9.36548e+04   -4.54970e+03   -6.34940e+05    2.89078e+03
      Potential    Kinetic En.   Total Energy  Conserved En.    Temperature
   -5.25153e+05    8.49078e+04   -4.40245e+05   -4.18529e+05    2.97044e+02
 Pres. DC (bar) Pressure (bar)   Constr. rmsd
   -2.24527e+02   -1.10722e+02    0.00000e+00

           Step           Time
         375000      750.00000

   Energies (kJ/mol)
           Bond          Angle    Proper Dih. Ryckaert-Bell.          LJ-14
    1.54462e+03    3.64157e+03    2.08882e+02    1.72084e+03    2.60053e+03
     Coulomb-14        LJ (SR)  Disper. corr.   Coulomb (SR)   Coul. recip.
    7.83677e+03    9.27044e+04   -4.51869e+03   -6.33426e+05    2.89145e+03
      Potential    Kinetic En.   Total Energy  Conserved En.    Temperature
   -5.24796e+05    8.60501e+04   -4.38746e+05   -4.18116e+05    3.01040e+02
 Pres. DC (bar) Pressure (bar)   Constr. rmsd
   -2.21480e+02   -3.00912e+02    0.00000e+00

           Step           Time
         380000      760.00000

   Energies (kJ/mol)
           Bond          Angle    Proper Dih. Ryckaert-Bell.          LJ-14
    1.43166e+03    3.72979e+03    2.47067e+02    1.71860e+03    2.73385e+03
     Coulomb-14        LJ (SR)  Disper. corr.   Coulomb (SR)   Coul. recip.
    7.85825e+03    9.65441e+04   -4.57871e+03   -6.38472e+05    2.85516e+03
      Potential    Kinetic En.   Total Energy  Conserved En.    Temperature
   -5.25932e+05    8.52979e+04   -4.40634e+05   -4.17808e+05    2.98408e+02
 Pres. DC (bar) Pressure (bar)   Constr. rmsd
   -2.27395e+02    4.71696e+02    0.00000e+00

           Step           Time
         385000      770.00000

   Energies (kJ/mol)
           Bond          Angle    Proper Dih. Ryckaert-Bell.          LJ-14
    1.53400e+03    3.73336e+03    2.47523e+02    1.72816e+03    2.67813e+03
     Coulomb-14        LJ (SR)  Disper. corr.   Coulomb (SR)   Coul. recip.
    7.80842e+03    9.34888e+04   -4.55969e+03   -6.34138e+05    2.97925e+03
      Potential    Kinetic En.   Total Energy  Conserved En.    Temperature
   -5.24500e+05    8.64042e+04   -4.38095e+05   -4.17713e+05    3.02279e+02
 Pres. DC (bar) Pressure (bar)   Constr. rmsd
   -2.25512e+02   -7.74479e+01    0.00000e+00

           Step           Time
         390000      780.00000

   Energies (kJ/mol)
           Bond          Angle    Proper Dih. Ryckaert-Bell.          LJ-14
    1.42790e+03    3.62808e+03    2.27332e+02    1.86793e+03    2.72442e+03
     Coulomb-14        LJ (SR)  Disper. corr.   Coulomb (SR)   Coul. recip.
    7.89738e+03    9.28606e+04   -4.56933e+03   -6.34578e+05    2.92952e+03
      Potential    Kinetic En.   Total Energy  Conserved En.    Temperature
   -5.25584e+05    8.64749e+04   -4.39109e+05   -4.17353e+05    3.02526e+02
 Pres. DC (bar) Pressure (bar)   Constr. rmsd
   -2.26466e+02   -1.30633e+02    0.00000e+00

           Step           Time
         395000      790.00000

   Energies (kJ/mol)
           Bond          Angle    Proper Dih. Ryckaert-Bell.          LJ-14
    1.55364e+03    3.77346e+03    2.54307e+02    1.85548e+03    2.72611e+03
     Coulomb-14        LJ (SR)  Disper. corr.   Coulomb (SR)   Coul. recip.
    7.93128e+03    9.25922e+04   -4.53213e+03   -6.33445e+05    2.99789e+03
      Potential    Kinetic En.   Total Energy  Conserved En.    Temperature
   -5.24293e+05    8.64547e+04   -4.37838e+05   -4.17114e+05    3.02455e+02
 Pres. DC (bar) Pressure (bar)   Constr. rmsd
   -2.22798e+02   -1.75442e+02    0.00000e+00

           Step           Time
         400000      800.00000

   Energies (kJ/mol)
           Bond          Angle    Proper Dih. Ryckaert-Bell.          LJ-14
    1.47480e+03    3.79968e+03    2.69330e+02    1.75308e+03    2.68179e+03
     Coulomb-14        LJ (SR)  Disper. corr.   Coulomb (SR)   Coul. recip.
    7.85342e+03    9.40200e+04   -4.55967e+03   -6.34612e+05    3.02362e+03
      Potential    Kinetic En.   Total Energy  Conserved En.    Temperature
   -5.24296e+05    8.54782e+04   -4.38818e+05   -4.16887e+05    2.99039e+02
 Pres. DC (bar) Pressure (bar)   Constr. rmsd
   -2.25510e+02    1.97672e+01    0.00000e+00

           Step           Time
         405000      810.00000

   Energies (kJ/mol)
           Bond          Angle    Proper Dih. Ryckaert-Bell.          LJ-14
    1.50867e+03    3.71285e+03    2.34774e+02    1.73956e+03    2.74128e+03
     Coulomb-14        LJ (SR)  Disper. corr.   Coulomb (SR)   Coul. recip.
    7.90651e+03    9.43040e+04   -4.55881e+03   -6.35205e+05    2.96118e+03
      Potential    Kinetic En.   Total Energy  Conserved En.    Temperature
   -5.24655e+05    8.66245e+04   -4.38030e+05   -4.16565e+05    3.03049e+02
 Pres. DC (bar) Pressure (bar)   Constr. rmsd
   -2.25425e+02    1.94647e+02    0.00000e+00

           Step           Time
         410000      820.00000

   Energies (kJ/mol)
           Bond          Angle    Proper Dih. Ryckaert-Bell.          LJ-14
    1.50167e+03    3.74754e+03    2.26418e+02    1.65512e+03    2.65095e+03
     Coulomb-14        LJ (SR)  Disper. corr.   Coulomb (SR)   Coul. recip.
    7.82974e+03    9.37914e+04   -4.56101e+03   -6.36725e+05    2.86022e+03
      Potential    Kinetic En.   Total Energy  Conserved En.    Temperature
   -5.27023e+05    8.56841e+04   -4.41339e+05   -4.16219e+05    2.99759e+02
 Pres. DC (bar) Pressure (bar)   Constr. rmsd
   -2.25643e+02   -8.00737e+01    0.00000e+00

           Step           Time
         415000      830.00000

   Energies (kJ/mol)
           Bond          Angle    Proper Dih. Ryckaert-Bell.          LJ-14
    1.48780e+03    3.72555e+03    2.14099e+02    1.80762e+03    2.63989e+03
     Coulomb-14        LJ (SR)  Disper. corr.   Coulomb (SR)   Coul. recip.
    7.83289e+03    9.28777e+04   -4.54592e+03   -6.33328e+05    3.05428e+03
      Potential    Kinetic En.   Total Energy  Conserved En.    Temperature
   -5.24234e+05    8.60671e+04   -4.38167e+05   -4.15854e+05    3.01099e+02
 Pres. DC (bar) Pressure (bar)   Constr. rmsd
   -2.24154e+02   -1.80968e+02    0.00000e+00

           Step           Time
         420000      840.00000

   Energies (kJ/mol)
           Bond          Angle    Proper Dih. Ryckaert-Bell.          LJ-14
    1.45011e+03    3.74475e+03    2.37590e+02    1.83180e+03    2.65834e+03
     Coulomb-14        LJ (SR)  Disper. corr.   Coulomb (SR)   Coul. recip.
    7.89761e+03    9.36491e+04   -4.54486e+03   -6.35031e+05    2.96953e+03
      Potential    Kinetic En.   Total Energy  Conserved En.    Temperature
   -5.25137e+05    8.54834e+04   -4.39653e+05   -4.15734e+05    2.99057e+02
 Pres. DC (bar) Pressure (bar)   Constr. rmsd
   -2.24049e+02    1.24507e+02    0.00000e+00

           Step           Time
         425000      850.00000

   Energies (kJ/mol)
           Bond          Angle    Proper Dih. Ryckaert-Bell.          LJ-14
    1.49430e+03    3.72550e+03    2.91947e+02    1.72444e+03    2.69467e+03
     Coulomb-14        LJ (SR)  Disper. corr.   Coulomb (SR)   Coul. recip.
    7.88225e+03    9.36473e+04   -4.54138e+03   -6.35895e+05    2.86511e+03
      Potential    Kinetic En.   Total Energy  Conserved En.    Temperature
   -5.26111e+05    8.52106e+04   -4.40901e+05   -4.15491e+05    2.98103e+02
 Pres. DC (bar) Pressure (bar)   Constr. rmsd
   -2.23707e+02   -2.09406e+02    0.00000e+00

           Step           Time
         430000      860.00000

   Energies (kJ/mol)
           Bond          Angle    Proper Dih. Ryckaert-Bell.          LJ-14
    1.49412e+03    3.75178e+03    2.29832e+02    1.80681e+03    2.60760e+03
     Coulomb-14        LJ (SR)  Disper. corr.   Coulomb (SR)   Coul. recip.
    7.84070e+03    9.23110e+04   -4.54748e+03   -6.32938e+05    2.90603e+03
      Potential    Kinetic En.   Total Energy  Conserved En.    Temperature
   -5.24538e+05    8.52911e+04   -4.39247e+05   -4.15369e+05    2.98385e+02
 Pres. DC (bar) Pressure (bar)   Constr. rmsd
   -2.24307e+02   -2.46578e+02    0.00000e+00

           Step           Time
         435000      870.00000

   Energies (kJ/mol)
           Bond          Angle    Proper Dih. Ryckaert-Bell.          LJ-14
    1.42683e+03    3.59446e+03    2.53434e+02    1.76707e+03    2.63683e+03
     Coulomb-14        LJ (SR)  Disper. corr.   Coulomb (SR)   Coul. recip.
    7.75788e+03    9.46292e+04   -4.54325e+03   -6.36727e+05    2.86825e+03
      Potential    Kinetic En.   Total Energy  Conserved En.    Temperature
   -5.26336e+05    8.52063e+04   -4.41130e+05   -4.14974e+05    2.98088e+02
 Pres. DC (bar) Pressure (bar)   Constr. rmsd
   -2.23891e+02    4.46540e+01    0.00000e+00

           Step           Time
         440000      880.00000

   Energies (kJ/mol)
           Bond          Angle    Proper Dih. Ryckaert-Bell.          LJ-14
    1.38996e+03    3.84515e+03    2.71624e+02    1.81243e+03    2.63757e+03
     Coulomb-14        LJ (SR)  Disper. corr.   Coulomb (SR)   Coul. recip.
    7.89747e+03    9.36475e+04   -4.56234e+03   -6.35175e+05    2.98347e+03
      Potential    Kinetic En.   Total Energy  Conserved En.    Temperature
   -5.25252e+05    8.48828e+04   -4.40369e+05   -4.14665e+05    2.96956e+02
 Pres. DC (bar) Pressure (bar)   Constr. rmsd
   -2.25774e+02    9.74708e+00    0.00000e+00

           Step           Time
         445000      890.00000

   Energies (kJ/mol)
           Bond          Angle    Proper Dih. Ryckaert-Bell.          LJ-14
    1.49125e+03    3.75908e+03    2.10426e+02    1.75773e+03    2.65447e+03
     Coulomb-14        LJ (SR)  Disper. corr.   Coulomb (SR)   Coul. recip.
    7.77274e+03    9.36905e+04   -4.53294e+03   -6.35860e+05    2.89674e+03
      Potential    Kinetic En.   Total Energy  Conserved En.    Temperature
   -5.26160e+05    8.50185e+04   -4.41141e+05   -4.14437e+05    2.97431e+02
 Pres. DC (bar) Pressure (bar)   Constr. rmsd
   -2.22878e+02   -2.44710e+02    0.00000e+00

           Step           Time
         450000      900.00000

   Energies (kJ/mol)
           Bond          Angle    Proper Dih. Ryckaert-Bell.          LJ-14
    1.57877e+03    3.70713e+03    2.30318e+02    1.82173e+03    2.61686e+03
     Coulomb-14        LJ (SR)  Disper. corr.   Coulomb (SR)   Coul. recip.
    7.69793e+03    9.36379e+04   -4.52415e+03   -6.33300e+05    2.96500e+03
      Potential    Kinetic En.   Total Energy  Conserved En.    Temperature
   -5.23569e+05    8.62073e+04   -4.37362e+05   -4.14020e+05    3.01590e+02
 Pres. DC (bar) Pressure (bar)   Constr. rmsd
   -2.22015e+02   -1.60154e+02    0.00000e+00

           Step           Time
         455000      910.00000

   Energies (kJ/mol)
           Bond          Angle    Proper Dih. Ryckaert-Bell.          LJ-14
    1.50315e+03    3.84169e+03    2.28908e+02    1.73138e+03    2.64802e+03
     Coulomb-14        LJ (SR)  Disper. corr.   Coulomb (SR)   Coul. recip.
    7.88864e+03    9.42813e+04   -4.55540e+03   -6.35391e+05    3.03701e+03
      Potential    Kinetic En.   Total Energy  Conserved En.    Temperature
   -5.24787e+05    8.65910e+04   -4.38196e+05   -4.12974e+05    3.02932e+02
 Pres. DC (bar) Pressure (bar)   Constr. rmsd
   -2.25088e+02    9.73563e+01    0.00000e+00

           Step           Time
         460000      920.00000

   Energies (kJ/mol)
           Bond          Angle    Proper Dih. Ryckaert-Bell.          LJ-14
    1.49514e+03    3.74460e+03    2.28319e+02    1.69195e+03    2.65713e+03
     Coulomb-14        LJ (SR)  Disper. corr.   Coulomb (SR)   Coul. recip.
    7.88701e+03    9.27874e+04   -4.55049e+03   -6.33381e+05    2.94805e+03
      Potential    Kinetic En.   Total Energy  Conserved En.    Temperature
   -5.24492e+05    8.60413e+04   -4.38451e+05   -4.12872e+05    3.01009e+02
 Pres. DC (bar) Pressure (bar)   Constr. rmsd
   -2.24604e+02   -9.09962e+01    0.00000e+00

           Step           Time
         465000      930.00000

   Energies (kJ/mol)
           Bond          Angle    Proper Dih. Ryckaert-Bell.          LJ-14
    1.44506e+03    3.86249e+03    2.56112e+02    1.78030e+03    2.70148e+03
     Coulomb-14        LJ (SR)  Disper. corr.   Coulomb (SR)   Coul. recip.
    7.87488e+03    9.28034e+04   -4.58130e+03   -6.34337e+05    2.86047e+03
      Potential    Kinetic En.   Total Energy  Conserved En.    Temperature
   -5.25334e+05    8.57091e+04   -4.39625e+05   -4.12686e+05    2.99847e+02
 Pres. DC (bar) Pressure (bar)   Constr. rmsd
   -2.27652e+02   -8.30616e+01    0.00000e+00

           Step           Time
         470000      940.00000

   Energies (kJ/mol)
           Bond          Angle    Proper Dih. Ryckaert-Bell.          LJ-14
    1.40990e+03    3.89620e+03    2.50082e+02    1.85877e+03    2.64974e+03
     Coulomb-14        LJ (SR)  Disper. corr.   Coulomb (SR)   Coul. recip.
    7.77737e+03    9.36139e+04   -4.51412e+03   -6.33896e+05    2.88368e+03
      Potential    Kinetic En.   Total Energy  Conserved En.    Temperature
   -5.24071e+05    8.56421e+04   -4.38428e+05   -4.12505e+05    2.99613e+02
 Pres. DC (bar) Pressure (bar)   Constr. rmsd
   -2.21032e+02   -1.10798e+02    0.00000e+00

           Step           Time
         475000      950.00000

   Energies (kJ/mol)
           Bond          Angle    Proper Dih. Ryckaert-Bell.          LJ-14
    1.48899e+03    3.74970e+03    2.84786e+02    1.79208e+03    2.62983e+03
     Coulomb-14        LJ (SR)  Disper. corr.   Coulomb (SR)   Coul. recip.
    7.83245e+03    9.31382e+04   -4.56382e+03   -6.34771e+05    2.85762e+03
      Potential    Kinetic En.   Total Energy  Conserved En.    Temperature
   -5.25561e+05    8.60461e+04   -4.39515e+05   -4.12218e+05    3.01026e+02
 Pres. DC (bar) Pressure (bar)   Constr. rmsd
   -2.25921e+02   -2.32371e+02    0.00000e+00

           Step           Time
         480000      960.00000

   Energies (kJ/mol)
           Bond          Angle    Proper Dih. Ryckaert-Bell.          LJ-14
    1.46986e+03    3.81450e+03    2.61824e+02    1.81680e+03    2.67077e+03
     Coulomb-14        LJ (SR)  Disper. corr.   Coulomb (SR)   Coul. recip.
    7.92916e+03    9.40036e+04   -4.55234e+03   -6.34985e+05    2.98575e+03
      Potential    Kinetic En.   Total Energy  Conserved En.    Temperature
   -5.24586e+05    8.54864e+04   -4.39099e+05   -4.11921e+05    2.99068e+02
 Pres. DC (bar) Pressure (bar)   Constr. rmsd
   -2.24787e+02    1.87439e+01    0.00000e+00

           Step           Time
         485000      970.00000

   Energies (kJ/mol)
           Bond          Angle    Proper Dih. Ryckaert-Bell.          LJ-14
    1.42736e+03    3.88242e+03    2.19604e+02    1.90483e+03    2.63861e+03
     Coulomb-14        LJ (SR)  Disper. corr.   Coulomb (SR)   Coul. recip.
    7.72731e+03    9.44613e+04   -4.58342e+03   -6.35729e+05    2.86841e+03
      Potential    Kinetic En.   Total Energy  Conserved En.    Temperature
   -5.25182e+05    8.47486e+04   -4.40434e+05   -4.11724e+05    2.96487e+02
 Pres. DC (bar) Pressure (bar)   Constr. rmsd
   -2.27863e+02    3.18394e+02    0.00000e+00

           Step           Time
         490000      980.00000

   Energies (kJ/mol)
           Bond          Angle    Proper Dih. Ryckaert-Bell.          LJ-14
    1.46555e+03    3.69951e+03    2.26350e+02    1.82236e+03    2.67704e+03
     Coulomb-14        LJ (SR)  Disper. corr.   Coulomb (SR)   Coul. recip.
    7.80132e+03    9.37502e+04   -4.57808e+03   -6.34964e+05    2.93328e+03
      Potential    Kinetic En.   Total Energy  Conserved En.    Temperature
   -5.25167e+05    8.51545e+04   -4.40012e+05   -4.11487e+05    2.97907e+02
 Pres. DC (bar) Pressure (bar)   Constr. rmsd
   -2.27333e+02    1.26870e+02    0.00000e+00

           Step           Time
         495000      990.00000

   Energies (kJ/mol)
           Bond          Angle    Proper Dih. Ryckaert-Bell.          LJ-14
    1.42347e+03    3.78472e+03    2.45054e+02    1.78977e+03    2.66567e+03
     Coulomb-14        LJ (SR)  Disper. corr.   Coulomb (SR)   Coul. recip.
    7.83933e+03    9.46063e+04   -4.56885e+03   -6.35494e+05    2.81602e+03
      Potential    Kinetic En.   Total Energy  Conserved En.    Temperature
   -5.24892e+05    8.57918e+04   -4.39100e+05   -4.11278e+05    3.00136e+02
 Pres. DC (bar) Pressure (bar)   Constr. rmsd
   -2.26418e+02    2.80525e+02    0.00000e+00

           Step           Time
         500000     1000.00000

Writing checkpoint, step 500000 at Sun Oct  8 22:57:33 2023


   Energies (kJ/mol)
           Bond          Angle    Proper Dih. Ryckaert-Bell.          LJ-14
    1.52682e+03    3.78535e+03    2.29441e+02    1.80245e+03    2.66565e+03
     Coulomb-14        LJ (SR)  Disper. corr.   Coulomb (SR)   Coul. recip.
    7.90987e+03    9.28016e+04   -4.54226e+03   -6.33507e+05    2.94975e+03
      Potential    Kinetic En.   Total Energy  Conserved En.    Temperature
   -5.24379e+05    8.52762e+04   -4.39103e+05   -4.11019e+05    2.98332e+02
 Pres. DC (bar) Pressure (bar)   Constr. rmsd
   -2.23793e+02   -1.91029e+02    0.00000e+00


Energy conservation over simulation part #1 of length 1000 ps, time 0 to 1000 ps
  Conserved energy drift: 8.26e-04 kJ/mol/ps per atom


	<======  ###############  ==>
	<====  A V E R A G E S  ====>
	<==  ###############  ======>

	Statistics over 500001 steps using 5001 frames

   Energies (kJ/mol)
           Bond          Angle    Proper Dih. Ryckaert-Bell.          LJ-14
    1.47394e+03    3.76515e+03    2.48480e+02    1.79094e+03    2.65789e+03
     Coulomb-14        LJ (SR)  Disper. corr.   Coulomb (SR)   Coul. recip.
    7.81437e+03    9.36375e+04   -4.55786e+03   -6.34708e+05    2.92491e+03
      Potential    Kinetic En.   Total Energy  Conserved En.    Temperature
   -5.24953e+05    8.57597e+04   -4.39193e+05   -4.24925e+05    3.00024e+02
 Pres. DC (bar) Pressure (bar)   Constr. rmsd
   -2.25335e+02   -1.95696e-01    0.00000e+00

          Box-X          Box-Y          Box-Z
    6.95402e+00    6.95402e+00    6.95402e+00

   Total Virial (kJ/mol)
    2.85944e+04   -8.88892e+00    7.48944e+00
   -8.88998e+00    2.85485e+04   -2.88316e+01
    7.48754e+00   -2.88310e+01    2.86397e+04

   Pressure (bar)
    1.12824e+00    8.46966e-01   -1.13233e-01
    8.47071e-01    3.01865e+00    1.48107e+00
   -1.13045e-01    1.48101e+00   -4.73398e+00

      T-Protein  T-non-Protein
    3.00123e+02    3.00016e+02


	M E G A - F L O P S   A C C O U N T I N G

 NB=Group-cutoff nonbonded kernels    NxN=N-by-N cluster Verlet kernels
 RF=Reaction-Field  VdW=Van der Waals  QSTab=quadratic-spline table
 W3=SPC/TIP3p  W4=TIP4p (single or pairs)
 V&F=Potential and force  V=Potential only  F=Force only

 Computing:                               M-Number         M-Flops  % Flops
-----------------------------------------------------------------------------
 Pair Search distance check           16235.581984      146120.238     0.0
 NxN Ewald Elec. + LJ [F]          16551553.315968  1092402518.854    98.3
 NxN Ewald Elec. + LJ [V&F]          167220.797056    17892625.285     1.6
 1,4 nonbonded interactions            2553.005106      229770.460     0.0
 Shift-X                                169.413876        1016.483     0.0
 Bonds                                  512.501025       30237.560     0.0
 Angles                                1773.503547      297948.596     0.0
 Propers                                213.000426       48777.098     0.0
 RB-Dihedrals                          1975.003950      487825.976     0.0
 Virial                                 339.243921        6106.391     0.0
 Stop-CM                                169.413876        1694.139     0.0
 Calc-Ekin                             3387.667752       91467.029     0.0
-----------------------------------------------------------------------------
 Total                                              1111636108.108   100.0
-----------------------------------------------------------------------------


      R E A L   C Y C L E   A N D   T I M E   A C C O U N T I N G

On 1 MPI rank, each using 8 OpenMP threads

 Activity:              Num   Num      Call    Wall time         Giga-Cycles
                        Ranks Threads  Count      (s)         total sum    %
--------------------------------------------------------------------------------
 Neighbor search           1    8       5001       6.257        224.825   3.0
 Launch PP GPU ops.        1    8     995001      20.284        728.840   9.7
 Force                     1    8     500001      16.907        607.482   8.0
 PME GPU mesh              1    8     500001      13.480        484.364   6.4
 Wait GPU NB local         1    8     490000       1.158         41.620   0.6
 Wait GPU state copy       1    8     620003     145.789       5238.438  69.4
 NB X/F buffer ops.        1    8      10001       0.280         10.062   0.1
 Write traj.               1    8        101       0.152          5.459   0.1
 Rest                                              5.759        206.926   2.7
--------------------------------------------------------------------------------
 Total                                           210.067       7548.014 100.0
--------------------------------------------------------------------------------
 Breakdown of PME mesh activities
--------------------------------------------------------------------------------
 Wait PME GPU gather       1    8     500001       1.253         45.036   0.6
 Reduce GPU PME F          1    8     500001       0.182          6.535   0.1
 Launch PME GPU ops.       1    8    4500009      11.326        406.948   5.4
--------------------------------------------------------------------------------

               Core t (s)   Wall t (s)        (%)
       Time:     1680.522      210.067      800.0
                 (ns/day)    (hour/ns)
Performance:      411.299        0.058
Finished mdrun on rank 0 Sun Oct  8 22:57:33 2023

