                      :-) GROMACS - gmx mdrun, 2023.2 (-:

Copyright 1991-2023 The GROMACS Authors.
GROMACS is free software; you can redistribute it and/or modify it
under the terms of the GNU Lesser General Public License
as published by the Free Software Foundation; either version 2.1
of the License, or (at your option) any later version.

                         Current GROMACS contributors:
       Mark Abraham           Andrey Alekseenko           Cathrine Bergh      
      Christian Blau            Eliane Briand             Mahesh Doijade      
    Stefan Fleischmann           Vytas Gapsys              Gaurav Garg        
      Sergey Gorelov         Gilles Gouaillardet            Alan Gray         
     M. Eric Irrgang         Farzaneh Jalalypour            Joe Jordan        
    Christoph Junghans        Prashanth Kanduri          Sebastian Keller     
     Carsten Kutzner           Justin A. Lemkul          Magnus Lundborg      
       Pascal Merz              Vedran Miletic            Dmitry Morozov      
       Szilard Pall             Roland Schulz             Michael Shirts      
     Alexey Shvetsov            Balint Soproni         David van der Spoel    
      Philip Turner             Carsten Uphoff           Alessandra Villa     
 Sebastian Wingbermuehle        Artem Zhmurov       

                         Previous GROMACS contributors:
        Emile Apol             Rossen Apostolov           James Barnett       
  Herman J.C. Berendsen          Par Bjelkmar           Viacheslav Bolnykh    
        Kevin Boyd            Aldert van Buuren          Carlo Camilloni      
     Rudi van Drunen            Anton Feenstra           Oliver Fleetwood     
     Gerrit Groenhof            Bert de Groot             Anca Hamuraru       
    Vincent Hindriksen          Victor Holanda           Aleksei Iupinov      
   Dimitrios Karkoulis           Peter Kasson             Sebastian Kehl      
        Jiri Kraus               Per Larsson              Viveca Lindahl      
      Erik Marklund           Pieter Meulenhoff           Teemu Murtola       
       Sander Pronk             Alfons Sijbers            Peter Tieleman      
       Jon Vincent             Teemu Virolainen         Christian Wennberg    
       Maarten Wolf       

                  Coordinated by the GROMACS project leaders:
                    Paul Bauer, Berk Hess, and Erik Lindahl

GROMACS:      gmx mdrun, version 2023.2
Executable:   /usr/local/gromacs/bin/gmx_mpi
Data prefix:  /usr/local/gromacs
Working dir:  /home/jkhorsa1/projects/mdynamics/gromacs_projects/lysozyme_in_water/data
Process ID:   76280
Command line:
  gmx_mpi mdrun -deffnm nvt -nb gpu

GROMACS version:    2023.2
Precision:          mixed
Memory model:       64 bit
MPI library:        MPI (GPU-aware: CUDA)
OpenMP support:     enabled (GMX_OPENMP_MAX_THREADS = 128)
GPU support:        CUDA
NB cluster size:    8
SIMD instructions:  AVX_512
CPU FFT library:    fftw-3.3.8-sse2-avx
GPU FFT library:    cuFFT
Multi-GPU FFT:      none
RDTSCP usage:       enabled
TNG support:        enabled
Hwloc support:      disabled
Tracing support:    disabled
C compiler:         /usr/bin/cc GNU 11.4.0
C compiler flags:   -fexcess-precision=fast -funroll-all-loops -mavx512f -mfma -mavx512vl -mavx512dq -mavx512bw -Wno-missing-field-initializers -pthread -O3 -DNDEBUG
C++ compiler:       /usr/bin/c++ GNU 11.4.0
C++ compiler flags: -fexcess-precision=fast -funroll-all-loops -mavx512f -mfma -mavx512vl -mavx512dq -mavx512bw -Wno-missing-field-initializers -pthread -Wno-cast-function-type-strict -fopenmp -O3 -DNDEBUG
BLAS library:       
LAPACK library:     
CUDA compiler:      /usr/local/cuda/bin/nvcc nvcc: NVIDIA (R) Cuda compiler driver;Copyright (c) 2005-2023 NVIDIA Corporation;Built on Tue_Aug_15_22:02:13_PDT_2023;Cuda compilation tools, release 12.2, V12.2.140;Build cuda_12.2.r12.2/compiler.33191640_0
CUDA compiler flags:-std=c++17;--generate-code=arch=compute_50,code=sm_50;--generate-code=arch=compute_52,code=sm_52;--generate-code=arch=compute_60,code=sm_60;--generate-code=arch=compute_61,code=sm_61;--generate-code=arch=compute_70,code=sm_70;--generate-code=arch=compute_75,code=sm_75;--generate-code=arch=compute_80,code=sm_80;--generate-code=arch=compute_86,code=sm_86;--generate-code=arch=compute_89,code=sm_89;--generate-code=arch=compute_90,code=sm_90;-Wno-deprecated-gpu-targets;--generate-code=arch=compute_53,code=sm_53;--generate-code=arch=compute_80,code=sm_80;-use_fast_math;-Xptxas;-warn-double-usage;-Xptxas;-Werror;-D_FORCE_INLINES;-fexcess-precision=fast -funroll-all-loops -mavx512f -mfma -mavx512vl -mavx512dq -mavx512bw -Wno-missing-field-initializers -pthread -Wno-cast-function-type-strict -fopenmp -O3 -DNDEBUG
CUDA driver:        12.20
CUDA runtime:       12.20


Running on 1 node with total 8 cores, 16 processing units, 1 compatible GPU
Hardware detected on host DESKTOP-C27DRLF (the node of MPI rank 0):
  CPU info:
    Vendor: AMD
    Brand:  AMD Ryzen 7 7700X 8-Core Processor             
    Family: 25   Model: 97   Stepping: 2
    Features: aes amd apic avx avx2 avx512f avx512cd avx512bw avx512vl avx512bf16 avx512secondFMA clfsh cmov cx8 cx16 f16c fma htt lahf misalignsse mmx msr nonstop_tsc pclmuldq pdpe1gb popcnt pse rdrnd rdtscp sha sse2 sse3 sse4a sse4.1 sse4.2 ssse3
  Hardware topology: Basic
    Packages, cores, and logical processors:
    [indices refer to OS logical processors]
      Package  0: [   0   1] [   2   3] [   4   5] [   6   7] [   8   9] [  10  11] [  12  13] [  14  15]
    CPU limit set by OS: -1   Recommended max number of threads: 16
  GPU info:
    Number of GPUs detected: 1
    #0: NVIDIA NVIDIA GeForce RTX 3060 Ti, compute cap.: 8.6, ECC:  no, stat: compatible


++++ PLEASE READ AND CITE THE FOLLOWING REFERENCE ++++
M. J. Abraham, T. Murtola, R. Schulz, S. Páll, J. C. Smith, B. Hess, E.
Lindahl
GROMACS: High performance molecular simulations through multi-level
parallelism from laptops to supercomputers
SoftwareX 1 (2015) pp. 19-25
-------- -------- --- Thank You --- -------- --------


++++ PLEASE READ AND CITE THE FOLLOWING REFERENCE ++++
S. Páll, M. J. Abraham, C. Kutzner, B. Hess, E. Lindahl
Tackling Exascale Software Challenges in Molecular Dynamics Simulations with
GROMACS
In S. Markidis & E. Laure (Eds.), Solving Software Challenges for Exascale 8759 (2015) pp. 3-27
-------- -------- --- Thank You --- -------- --------


++++ PLEASE READ AND CITE THE FOLLOWING REFERENCE ++++
S. Pronk, S. Páll, R. Schulz, P. Larsson, P. Bjelkmar, R. Apostolov, M. R.
Shirts, J. C. Smith, P. M. Kasson, D. van der Spoel, B. Hess, and E. Lindahl
GROMACS 4.5: a high-throughput and highly parallel open source molecular
simulation toolkit
Bioinformatics 29 (2013) pp. 845-54
-------- -------- --- Thank You --- -------- --------


++++ PLEASE READ AND CITE THE FOLLOWING REFERENCE ++++
B. Hess and C. Kutzner and D. van der Spoel and E. Lindahl
GROMACS 4: Algorithms for highly efficient, load-balanced, and scalable
molecular simulation
J. Chem. Theory Comput. 4 (2008) pp. 435-447
-------- -------- --- Thank You --- -------- --------


++++ PLEASE READ AND CITE THE FOLLOWING REFERENCE ++++
D. van der Spoel, E. Lindahl, B. Hess, G. Groenhof, A. E. Mark and H. J. C.
Berendsen
GROMACS: Fast, Flexible and Free
J. Comp. Chem. 26 (2005) pp. 1701-1719
-------- -------- --- Thank You --- -------- --------


++++ PLEASE READ AND CITE THE FOLLOWING REFERENCE ++++
E. Lindahl and B. Hess and D. van der Spoel
GROMACS 3.0: A package for molecular simulation and trajectory analysis
J. Mol. Mod. 7 (2001) pp. 306-317
-------- -------- --- Thank You --- -------- --------


++++ PLEASE READ AND CITE THE FOLLOWING REFERENCE ++++
H. J. C. Berendsen, D. van der Spoel and R. van Drunen
GROMACS: A message-passing parallel molecular dynamics implementation
Comp. Phys. Comm. 91 (1995) pp. 43-56
-------- -------- --- Thank You --- -------- --------


++++ PLEASE CITE THE DOI FOR THIS VERSION OF GROMACS ++++
https://doi.org/10.5281/zenodo.8134397
-------- -------- --- Thank You --- -------- --------

GPU-aware MPI detected, but by default GROMACS will not make use the direct GPU communication capabilities of MPI. For improved performance try enabling the feature by setting the GMX_ENABLE_DIRECT_GPU_COMM environment variable.
Input Parameters:
   integrator                     = md
   tinit                          = 0
   dt                             = 0.002
   nsteps                         = 50000
   init-step                      = 0
   simulation-part                = 1
   mts                            = false
   comm-mode                      = Linear
   nstcomm                        = 100
   bd-fric                        = 0
   ld-seed                        = 1996086727
   emtol                          = 10
   emstep                         = 0.01
   niter                          = 20
   fcstep                         = 0
   nstcgsteep                     = 1000
   nbfgscorr                      = 10
   rtpi                           = 0.05
   nstxout                        = 500
   nstvout                        = 500
   nstfout                        = 0
   nstlog                         = 500
   nstcalcenergy                  = 100
   nstenergy                      = 500
   nstxout-compressed             = 0
   compressed-x-precision         = 1000
   cutoff-scheme                  = Verlet
   nstlist                        = 20
   pbc                            = xyz
   periodic-molecules             = false
   verlet-buffer-tolerance        = 0.005
   rlist                          = 1.029
   coulombtype                    = PME
   coulomb-modifier               = Potential-shift
   rcoulomb-switch                = 0
   rcoulomb                       = 1
   epsilon-r                      = 1
   epsilon-rf                     = inf
   vdw-type                       = Cut-off
   vdw-modifier                   = Potential-shift
   rvdw-switch                    = 0
   rvdw                           = 1
   DispCorr                       = EnerPres
   table-extension                = 1
   fourierspacing                 = 0.16
   fourier-nx                     = 44
   fourier-ny                     = 44
   fourier-nz                     = 44
   pme-order                      = 4
   ewald-rtol                     = 1e-05
   ewald-rtol-lj                  = 0.001
   lj-pme-comb-rule               = Geometric
   ewald-geometry                 = 3d
   epsilon-surface                = 0
   ensemble-temperature-setting   = constant
   ensemble-temperature           = 300
   tcoupl                         = V-rescale
   nsttcouple                     = 10
   nh-chain-length                = 0
   print-nose-hoover-chain-variables = false
   pcoupl                         = No
   pcoupltype                     = Isotropic
   nstpcouple                     = -1
   tau-p                          = 1
   compressibility (3x3):
      compressibility[    0]={ 0.00000e+00,  0.00000e+00,  0.00000e+00}
      compressibility[    1]={ 0.00000e+00,  0.00000e+00,  0.00000e+00}
      compressibility[    2]={ 0.00000e+00,  0.00000e+00,  0.00000e+00}
   ref-p (3x3):
      ref-p[    0]={ 0.00000e+00,  0.00000e+00,  0.00000e+00}
      ref-p[    1]={ 0.00000e+00,  0.00000e+00,  0.00000e+00}
      ref-p[    2]={ 0.00000e+00,  0.00000e+00,  0.00000e+00}
   refcoord-scaling               = No
   posres-com (3):
      posres-com[0]= 0.00000e+00
      posres-com[1]= 0.00000e+00
      posres-com[2]= 0.00000e+00
   posres-comB (3):
      posres-comB[0]= 0.00000e+00
      posres-comB[1]= 0.00000e+00
      posres-comB[2]= 0.00000e+00
   QMMM                           = false
qm-opts:
   ngQM                           = 0
   constraint-algorithm           = Lincs
   continuation                   = false
   Shake-SOR                      = false
   shake-tol                      = 0.0001
   lincs-order                    = 4
   lincs-iter                     = 1
   lincs-warnangle                = 30
   nwall                          = 0
   wall-type                      = 9-3
   wall-r-linpot                  = -1
   wall-atomtype[0]               = -1
   wall-atomtype[1]               = -1
   wall-density[0]                = 0
   wall-density[1]                = 0
   wall-ewald-zfac                = 3
   pull                           = false
   awh                            = false
   rotation                       = false
   interactiveMD                  = false
   disre                          = No
   disre-weighting                = Conservative
   disre-mixed                    = false
   dr-fc                          = 1000
   dr-tau                         = 0
   nstdisreout                    = 100
   orire-fc                       = 0
   orire-tau                      = 0
   nstorireout                    = 100
   free-energy                    = no
   cos-acceleration               = 0
   deform (3x3):
      deform[    0]={ 0.00000e+00,  0.00000e+00,  0.00000e+00}
      deform[    1]={ 0.00000e+00,  0.00000e+00,  0.00000e+00}
      deform[    2]={ 0.00000e+00,  0.00000e+00,  0.00000e+00}
   simulated-tempering            = false
   swapcoords                     = no
   userint1                       = 0
   userint2                       = 0
   userint3                       = 0
   userint4                       = 0
   userreal1                      = 0
   userreal2                      = 0
   userreal3                      = 0
   userreal4                      = 0
   applied-forces:
     electric-field:
       x:
         E0                       = 0
         omega                    = 0
         t0                       = 0
         sigma                    = 0
       y:
         E0                       = 0
         omega                    = 0
         t0                       = 0
         sigma                    = 0
       z:
         E0                       = 0
         omega                    = 0
         t0                       = 0
         sigma                    = 0
     density-guided-simulation:
       active                     = false
       group                      = protein
       similarity-measure         = inner-product
       atom-spreading-weight      = unity
       force-constant             = 1e+09
       gaussian-transform-spreading-width = 0.2
       gaussian-transform-spreading-range-in-multiples-of-width = 4
       reference-density-filename = reference.mrc
       nst                        = 1
       normalize-densities        = true
       adaptive-force-scaling     = false
       adaptive-force-scaling-time-constant = 4
       shift-vector               = 
       transformation-matrix      = 
     qmmm-cp2k:
       active                     = false
       qmgroup                    = System
       qmmethod                   = PBE
       qmfilenames                = 
       qmcharge                   = 0
       qmmultiplicity             = 1
grpopts:
   nrdf:     4920.79     63837.2
   ref-t:         300         300
   tau-t:         0.1         0.1
annealing:          No          No
annealing-npoints:           0           0
   acc:	           0           0           0
   nfreeze:           N           N           N
   energygrp-flags[  0]: 0

Changing nstlist from 20 to 100, rlist from 1.029 to 1.165


When checking whether update groups are usable:
  Domain decomposition is not active, so there is no need for update groups
1 GPU selected for this run.
Mapping of GPU IDs to the 2 GPU tasks in the 1 rank on this node:
  PP:0,PME:0
PP tasks will do (non-perturbed) short-ranged interactions on the GPU
PP task will update and constrain coordinates on the GPU
PME tasks will do all aspects on the GPU
Using 1 MPI process
Using 8 OpenMP threads 

System total charge: -0.000
Will do PME sum in reciprocal space for electrostatic interactions.

++++ PLEASE READ AND CITE THE FOLLOWING REFERENCE ++++
U. Essmann, L. Perera, M. L. Berkowitz, T. Darden, H. Lee and L. G. Pedersen 
A smooth particle mesh Ewald method
J. Chem. Phys. 103 (1995) pp. 8577-8592
-------- -------- --- Thank You --- -------- --------

Using a Gaussian width (1/beta) of 0.320163 nm for Ewald
Potential shift: LJ r^-12: -1.000e+00 r^-6: -1.000e+00, Ewald -1.000e-05
Initialized non-bonded Coulomb Ewald tables, spacing: 9.33e-04 size: 1073

Generated table with 1082 data points for 1-4 COUL.
Tabscale = 500 points/nm
Generated table with 1082 data points for 1-4 LJ6.
Tabscale = 500 points/nm
Generated table with 1082 data points for 1-4 LJ12.
Tabscale = 500 points/nm
Long Range LJ corr.: <C6> 3.1923e-04


Using GPU 8x8 nonbonded short-range kernels

Using a dual 8x8 pair-list setup updated with dynamic, rolling pruning:
  outer list: updated every 100 steps, buffer 0.165 nm, rlist 1.165 nm
  inner list: updated every  10 steps, buffer 0.001 nm, rlist 1.001 nm
At tolerance 0.005 kJ/mol/ps per atom, equivalent classical 1x1 list would be:
  outer list: updated every 100 steps, buffer 0.318 nm, rlist 1.318 nm
  inner list: updated every  10 steps, buffer 0.043 nm, rlist 1.043 nm

Using Geometric Lennard-Jones combination rule
Removing pbc first time

Pinning threads with an auto-selected logical cpu stride of 2

Initializing LINear Constraint Solver

++++ PLEASE READ AND CITE THE FOLLOWING REFERENCE ++++
B. Hess and H. Bekker and H. J. C. Berendsen and J. G. E. M. Fraaije
LINCS: A Linear Constraint Solver for molecular simulations
J. Comp. Chem. 18 (1997) pp. 1463-1472
-------- -------- --- Thank You --- -------- --------

The number of constraints is 959

++++ PLEASE READ AND CITE THE FOLLOWING REFERENCE ++++
S. Miyamoto and P. A. Kollman
SETTLE: An Analytical Version of the SHAKE and RATTLE Algorithms for Rigid
Water Models
J. Comp. Chem. 13 (1992) pp. 952-962
-------- -------- --- Thank You --- -------- --------


++++ PLEASE READ AND CITE THE FOLLOWING REFERENCE ++++
G. Bussi, D. Donadio and M. Parrinello
Canonical sampling through velocity rescaling
J. Chem. Phys. 126 (2007) pp. 014101
-------- -------- --- Thank You --- -------- --------

There are: 33876 Atoms

Updating coordinates and applying constraints on the GPU.

Constraining the starting coordinates (step 0)

Constraining the coordinates at t0-dt (step 0)
Center of mass motion removal mode is Linear
We have the following groups for center of mass motion removal:
  0:  rest
RMS relative constraint deviation after constraining: 3.06e-06
Initial temperature: 301.436 K

Started mdrun on rank 0 Sun Oct  8 22:14:36 2023

           Step           Time
              0        0.00000

   Energies (kJ/mol)
           Bond          Angle    Proper Dih. Ryckaert-Bell.          LJ-14
    2.20873e+02    9.51780e+02    7.14794e+01    1.42566e+03    2.49658e+03
     Coulomb-14        LJ (SR)  Disper. corr.   Coulomb (SR)   Coul. recip.
    7.77541e+03    8.97057e+04   -4.44920e+03   -6.94731e+05    2.76786e+03
 Position Rest.      Potential    Kinetic En.   Total Energy  Conserved En.
    1.35719e-03   -5.93765e+05    8.61805e+04   -5.07584e+05   -5.07584e+05
    Temperature Pres. DC (bar) Pressure (bar)   Constr. rmsd
    3.01496e+02   -2.14729e+02   -5.31358e+03    3.06377e-06

           Step           Time
            500        1.00000

   Energies (kJ/mol)
           Bond          Angle    Proper Dih. Ryckaert-Bell.          LJ-14
    1.36331e+03    3.57619e+03    2.16508e+02    1.84908e+03    2.76141e+03
     Coulomb-14        LJ (SR)  Disper. corr.   Coulomb (SR)   Coul. recip.
    7.85880e+03    9.18631e+04   -4.44920e+03   -6.27402e+05    3.06721e+03
 Position Rest.      Potential    Kinetic En.   Total Energy  Conserved En.
    6.19686e+02   -5.18676e+05    8.64028e+04   -4.32274e+05   -5.06756e+05
    Temperature Pres. DC (bar) Pressure (bar)   Constr. rmsd
    3.02274e+02   -2.14729e+02   -3.76674e+02    3.06377e-06

           Step           Time
           1000        2.00000

   Energies (kJ/mol)
           Bond          Angle    Proper Dih. Ryckaert-Bell.          LJ-14
    1.43506e+03    3.77491e+03    2.57864e+02    1.84599e+03    2.68373e+03
     Coulomb-14        LJ (SR)  Disper. corr.   Coulomb (SR)   Coul. recip.
    7.70550e+03    9.05502e+04   -4.44920e+03   -6.26577e+05    3.10633e+03
 Position Rest.      Potential    Kinetic En.   Total Energy  Conserved En.
    4.64508e+02   -5.19202e+05    8.52374e+04   -4.33965e+05   -5.06715e+05
    Temperature Pres. DC (bar) Pressure (bar)   Constr. rmsd
    2.98197e+02   -2.14729e+02   -6.16372e+02    3.06377e-06

           Step           Time
           1500        3.00000

   Energies (kJ/mol)
           Bond          Angle    Proper Dih. Ryckaert-Bell.          LJ-14
    1.29671e+03    3.76641e+03    2.42521e+02    1.86130e+03    2.65598e+03
     Coulomb-14        LJ (SR)  Disper. corr.   Coulomb (SR)   Coul. recip.
    7.73472e+03    9.26160e+04   -4.44920e+03   -6.31736e+05    3.01892e+03
 Position Rest.      Potential    Kinetic En.   Total Energy  Conserved En.
    4.91765e+02   -5.22501e+05    8.62428e+04   -4.36258e+05   -5.06731e+05
    Temperature Pres. DC (bar) Pressure (bar)   Constr. rmsd
    3.01714e+02   -2.14729e+02   -3.86609e+02    3.06377e-06

           Step           Time
           2000        4.00000

   Energies (kJ/mol)
           Bond          Angle    Proper Dih. Ryckaert-Bell.          LJ-14
    1.45399e+03    3.75909e+03    2.31483e+02    1.95517e+03    2.73637e+03
     Coulomb-14        LJ (SR)  Disper. corr.   Coulomb (SR)   Coul. recip.
    7.70722e+03    9.31428e+04   -4.44920e+03   -6.31705e+05    3.06492e+03
 Position Rest.      Potential    Kinetic En.   Total Energy  Conserved En.
    4.95071e+02   -5.21608e+05    8.70450e+04   -4.34563e+05   -5.06730e+05
    Temperature Pres. DC (bar) Pressure (bar)   Constr. rmsd
    3.04520e+02   -2.14729e+02   -4.68081e+02    3.06377e-06

           Step           Time
           2500        5.00000

   Energies (kJ/mol)
           Bond          Angle    Proper Dih. Ryckaert-Bell.          LJ-14
    1.46453e+03    3.73361e+03    2.41157e+02    1.87013e+03    2.69908e+03
     Coulomb-14        LJ (SR)  Disper. corr.   Coulomb (SR)   Coul. recip.
    7.72032e+03    9.22197e+04   -4.44920e+03   -6.30233e+05    3.03580e+03
 Position Rest.      Potential    Kinetic En.   Total Energy  Conserved En.
    5.50374e+02   -5.21148e+05    8.49991e+04   -4.36148e+05   -5.06694e+05
    Temperature Pres. DC (bar) Pressure (bar)   Constr. rmsd
    2.97363e+02   -2.14729e+02   -3.13621e+02    3.06377e-06

           Step           Time
           3000        6.00000

   Energies (kJ/mol)
           Bond          Angle    Proper Dih. Ryckaert-Bell.          LJ-14
    1.57034e+03    3.83663e+03    2.38311e+02    1.81616e+03    2.62036e+03
     Coulomb-14        LJ (SR)  Disper. corr.   Coulomb (SR)   Coul. recip.
    7.69058e+03    9.14930e+04   -4.44920e+03   -6.29811e+05    3.13710e+03
 Position Rest.      Potential    Kinetic En.   Total Energy  Conserved En.
    5.50717e+02   -5.21307e+05    8.54419e+04   -4.35865e+05   -5.06725e+05
    Temperature Pres. DC (bar) Pressure (bar)   Constr. rmsd
    2.98912e+02   -2.14729e+02   -6.12227e+02    3.06377e-06

           Step           Time
           3500        7.00000

   Energies (kJ/mol)
           Bond          Angle    Proper Dih. Ryckaert-Bell.          LJ-14
    1.33164e+03    3.71760e+03    2.70030e+02    1.91680e+03    2.70114e+03
     Coulomb-14        LJ (SR)  Disper. corr.   Coulomb (SR)   Coul. recip.
    7.79915e+03    9.28186e+04   -4.44920e+03   -6.31711e+05    3.00732e+03
 Position Rest.      Potential    Kinetic En.   Total Energy  Conserved En.
    4.93344e+02   -5.22104e+05    8.51598e+04   -4.36945e+05   -5.06720e+05
    Temperature Pres. DC (bar) Pressure (bar)   Constr. rmsd
    2.97925e+02   -2.14729e+02   -2.89648e+02    3.06377e-06

           Step           Time
           4000        8.00000

   Energies (kJ/mol)
           Bond          Angle    Proper Dih. Ryckaert-Bell.          LJ-14
    1.40768e+03    3.71180e+03    2.42952e+02    1.87194e+03    2.72279e+03
     Coulomb-14        LJ (SR)  Disper. corr.   Coulomb (SR)   Coul. recip.
    7.82907e+03    9.23919e+04   -4.44920e+03   -6.31514e+05    2.90163e+03
 Position Rest.      Potential    Kinetic En.   Total Energy  Conserved En.
    5.39522e+02   -5.22344e+05    8.63967e+04   -4.35947e+05   -5.06744e+05
    Temperature Pres. DC (bar) Pressure (bar)   Constr. rmsd
    3.02252e+02   -2.14729e+02   -5.16893e+02    3.06377e-06

           Step           Time
           4500        9.00000

   Energies (kJ/mol)
           Bond          Angle    Proper Dih. Ryckaert-Bell.          LJ-14
    1.38845e+03    3.59411e+03    2.48969e+02    1.87170e+03    2.75258e+03
     Coulomb-14        LJ (SR)  Disper. corr.   Coulomb (SR)   Coul. recip.
    7.82490e+03    9.25391e+04   -4.44920e+03   -6.31859e+05    2.99163e+03
 Position Rest.      Potential    Kinetic En.   Total Energy  Conserved En.
    5.11576e+02   -5.22585e+05    8.47574e+04   -4.37828e+05   -5.06720e+05
    Temperature Pres. DC (bar) Pressure (bar)   Constr. rmsd
    2.96517e+02   -2.14729e+02   -1.06399e+02    3.06377e-06

           Step           Time
           5000       10.00000

   Energies (kJ/mol)
           Bond          Angle    Proper Dih. Ryckaert-Bell.          LJ-14
    1.42319e+03    3.78561e+03    2.43801e+02    1.90125e+03    2.62897e+03
     Coulomb-14        LJ (SR)  Disper. corr.   Coulomb (SR)   Coul. recip.
    7.74834e+03    9.05042e+04   -4.44920e+03   -6.29139e+05    3.06135e+03
 Position Rest.      Potential    Kinetic En.   Total Energy  Conserved En.
    4.83125e+02   -5.21808e+05    8.49250e+04   -4.36883e+05   -5.06731e+05
    Temperature Pres. DC (bar) Pressure (bar)   Constr. rmsd
    2.97104e+02   -2.14729e+02   -9.56939e+02    3.06377e-06

           Step           Time
           5500       11.00000

   Energies (kJ/mol)
           Bond          Angle    Proper Dih. Ryckaert-Bell.          LJ-14
    1.46110e+03    3.79609e+03    2.68554e+02    1.88213e+03    2.68263e+03
     Coulomb-14        LJ (SR)  Disper. corr.   Coulomb (SR)   Coul. recip.
    7.86604e+03    9.23863e+04   -4.44920e+03   -6.31372e+05    3.05087e+03
 Position Rest.      Potential    Kinetic En.   Total Energy  Conserved En.
    4.82192e+02   -5.21946e+05    8.61814e+04   -4.35764e+05   -5.06733e+05
    Temperature Pres. DC (bar) Pressure (bar)   Constr. rmsd
    3.01499e+02   -2.14729e+02   -6.92800e+02    3.06377e-06

           Step           Time
           6000       12.00000

   Energies (kJ/mol)
           Bond          Angle    Proper Dih. Ryckaert-Bell.          LJ-14
    1.53585e+03    3.66955e+03    2.12336e+02    1.83282e+03    2.68834e+03
     Coulomb-14        LJ (SR)  Disper. corr.   Coulomb (SR)   Coul. recip.
    7.69259e+03    9.15631e+04   -4.44920e+03   -6.30236e+05    2.97524e+03
 Position Rest.      Potential    Kinetic En.   Total Energy  Conserved En.
    4.53015e+02   -5.22063e+05    8.48568e+04   -4.37206e+05   -5.06727e+05
    Temperature Pres. DC (bar) Pressure (bar)   Constr. rmsd
    2.96865e+02   -2.14729e+02   -5.14129e+02    3.06377e-06

           Step           Time
           6500       13.00000

   Energies (kJ/mol)
           Bond          Angle    Proper Dih. Ryckaert-Bell.          LJ-14
    1.42487e+03    3.76863e+03    2.35300e+02    1.97554e+03    2.73228e+03
     Coulomb-14        LJ (SR)  Disper. corr.   Coulomb (SR)   Coul. recip.
    7.70954e+03    9.13364e+04   -4.44920e+03   -6.29300e+05    2.93328e+03
 Position Rest.      Potential    Kinetic En.   Total Energy  Conserved En.
    4.76687e+02   -5.21156e+05    8.49190e+04   -4.36237e+05   -5.06736e+05
    Temperature Pres. DC (bar) Pressure (bar)   Constr. rmsd
    2.97083e+02   -2.14729e+02   -5.33749e+02    3.06377e-06

           Step           Time
           7000       14.00000

   Energies (kJ/mol)
           Bond          Angle    Proper Dih. Ryckaert-Bell.          LJ-14
    1.59572e+03    3.76309e+03    2.48397e+02    1.80340e+03    2.72418e+03
     Coulomb-14        LJ (SR)  Disper. corr.   Coulomb (SR)   Coul. recip.
    7.79602e+03    9.13936e+04   -4.44920e+03   -6.29167e+05    3.00473e+03
 Position Rest.      Potential    Kinetic En.   Total Energy  Conserved En.
    5.06745e+02   -5.20780e+05    8.53819e+04   -4.35399e+05   -5.06733e+05
    Temperature Pres. DC (bar) Pressure (bar)   Constr. rmsd
    2.98702e+02   -2.14729e+02   -4.59426e+02    3.06377e-06

           Step           Time
           7500       15.00000

   Energies (kJ/mol)
           Bond          Angle    Proper Dih. Ryckaert-Bell.          LJ-14
    1.29730e+03    3.78547e+03    2.61293e+02    1.89644e+03    2.73929e+03
     Coulomb-14        LJ (SR)  Disper. corr.   Coulomb (SR)   Coul. recip.
    7.78654e+03    9.11880e+04   -4.44920e+03   -6.30982e+05    3.02082e+03
 Position Rest.      Potential    Kinetic En.   Total Energy  Conserved En.
    4.78527e+02   -5.22978e+05    8.68181e+04   -4.36160e+05   -5.06762e+05
    Temperature Pres. DC (bar) Pressure (bar)   Constr. rmsd
    3.03727e+02   -2.14729e+02   -7.67602e+02    3.06377e-06

           Step           Time
           8000       16.00000

   Energies (kJ/mol)
           Bond          Angle    Proper Dih. Ryckaert-Bell.          LJ-14
    1.50953e+03    3.73185e+03    2.40062e+02    1.89994e+03    2.63732e+03
     Coulomb-14        LJ (SR)  Disper. corr.   Coulomb (SR)   Coul. recip.
    7.76517e+03    9.22526e+04   -4.44920e+03   -6.31008e+05    3.07271e+03
 Position Rest.      Potential    Kinetic En.   Total Energy  Conserved En.
    5.19426e+02   -5.21828e+05    8.57471e+04   -4.36081e+05   -5.06754e+05
    Temperature Pres. DC (bar) Pressure (bar)   Constr. rmsd
    2.99980e+02   -2.14729e+02   -3.89401e+02    3.06377e-06

           Step           Time
           8500       17.00000

   Energies (kJ/mol)
           Bond          Angle    Proper Dih. Ryckaert-Bell.          LJ-14
    1.38541e+03    3.89478e+03    2.27183e+02    1.78698e+03    2.69155e+03
     Coulomb-14        LJ (SR)  Disper. corr.   Coulomb (SR)   Coul. recip.
    7.72159e+03    9.18433e+04   -4.44920e+03   -6.30662e+05    3.02596e+03
 Position Rest.      Potential    Kinetic En.   Total Energy  Conserved En.
    4.84827e+02   -5.22050e+05    8.55903e+04   -4.36459e+05   -5.06758e+05
    Temperature Pres. DC (bar) Pressure (bar)   Constr. rmsd
    2.99431e+02   -2.14729e+02   -4.56244e+02    3.06377e-06

           Step           Time
           9000       18.00000

   Energies (kJ/mol)
           Bond          Angle    Proper Dih. Ryckaert-Bell.          LJ-14
    1.56452e+03    3.74276e+03    2.60288e+02    1.88694e+03    2.66740e+03
     Coulomb-14        LJ (SR)  Disper. corr.   Coulomb (SR)   Coul. recip.
    7.77958e+03    9.22610e+04   -4.44920e+03   -6.31318e+05    2.93107e+03
 Position Rest.      Potential    Kinetic En.   Total Energy  Conserved En.
    4.96549e+02   -5.22177e+05    8.59480e+04   -4.36229e+05   -5.06745e+05
    Temperature Pres. DC (bar) Pressure (bar)   Constr. rmsd
    3.00683e+02   -2.14729e+02   -8.47319e+02    3.06377e-06

           Step           Time
           9500       19.00000

   Energies (kJ/mol)
           Bond          Angle    Proper Dih. Ryckaert-Bell.          LJ-14
    1.57234e+03    3.83098e+03    2.56600e+02    1.84140e+03    2.61716e+03
     Coulomb-14        LJ (SR)  Disper. corr.   Coulomb (SR)   Coul. recip.
    7.78187e+03    9.30458e+04   -4.44920e+03   -6.32372e+05    3.06568e+03
 Position Rest.      Potential    Kinetic En.   Total Energy  Conserved En.
    5.44240e+02   -5.22266e+05    8.51392e+04   -4.37126e+05   -5.06722e+05
    Temperature Pres. DC (bar) Pressure (bar)   Constr. rmsd
    2.97853e+02   -2.14729e+02   -2.79451e+02    3.06377e-06

           Step           Time
          10000       20.00000

   Energies (kJ/mol)
           Bond          Angle    Proper Dih. Ryckaert-Bell.          LJ-14
    1.43872e+03    3.88345e+03    2.44438e+02    1.87884e+03    2.70337e+03
     Coulomb-14        LJ (SR)  Disper. corr.   Coulomb (SR)   Coul. recip.
    7.74554e+03    9.28554e+04   -4.44920e+03   -6.32533e+05    3.08746e+03
 Position Rest.      Potential    Kinetic En.   Total Energy  Conserved En.
    4.60355e+02   -5.22684e+05    8.53145e+04   -4.37370e+05   -5.06745e+05
    Temperature Pres. DC (bar) Pressure (bar)   Constr. rmsd
    2.98467e+02   -2.14729e+02   -3.28081e+02    3.06377e-06

           Step           Time
          10500       21.00000

   Energies (kJ/mol)
           Bond          Angle    Proper Dih. Ryckaert-Bell.          LJ-14
    1.51621e+03    3.55403e+03    2.53846e+02    1.87330e+03    2.69510e+03
     Coulomb-14        LJ (SR)  Disper. corr.   Coulomb (SR)   Coul. recip.
    7.74928e+03    9.22198e+04   -4.44920e+03   -6.32292e+05    3.02596e+03
 Position Rest.      Potential    Kinetic En.   Total Energy  Conserved En.
    5.20219e+02   -5.23334e+05    8.64761e+04   -4.36857e+05   -5.06768e+05
    Temperature Pres. DC (bar) Pressure (bar)   Constr. rmsd
    3.02530e+02   -2.14729e+02   -6.68455e+02    3.06377e-06

           Step           Time
          11000       22.00000

   Energies (kJ/mol)
           Bond          Angle    Proper Dih. Ryckaert-Bell.          LJ-14
    1.42556e+03    3.66368e+03    2.31239e+02    1.83893e+03    2.74135e+03
     Coulomb-14        LJ (SR)  Disper. corr.   Coulomb (SR)   Coul. recip.
    7.75415e+03    9.06465e+04   -4.44920e+03   -6.30982e+05    2.97834e+03
 Position Rest.      Potential    Kinetic En.   Total Energy  Conserved En.
    4.44113e+02   -5.23708e+05    8.42864e+04   -4.39421e+05   -5.06744e+05
    Temperature Pres. DC (bar) Pressure (bar)   Constr. rmsd
    2.94870e+02   -2.14729e+02   -8.29230e+02    3.06377e-06

           Step           Time
          11500       23.00000

   Energies (kJ/mol)
           Bond          Angle    Proper Dih. Ryckaert-Bell.          LJ-14
    1.41908e+03    3.72146e+03    2.54868e+02    1.82926e+03    2.64828e+03
     Coulomb-14        LJ (SR)  Disper. corr.   Coulomb (SR)   Coul. recip.
    7.75767e+03    9.26191e+04   -4.44920e+03   -6.32818e+05    3.07233e+03
 Position Rest.      Potential    Kinetic En.   Total Energy  Conserved En.
    5.20737e+02   -5.23424e+05    8.49509e+04   -4.38473e+05   -5.06742e+05
    Temperature Pres. DC (bar) Pressure (bar)   Constr. rmsd
    2.97194e+02   -2.14729e+02   -6.62127e+02    3.06377e-06

           Step           Time
          12000       24.00000

   Energies (kJ/mol)
           Bond          Angle    Proper Dih. Ryckaert-Bell.          LJ-14
    1.44570e+03    3.90692e+03    2.67235e+02    1.90032e+03    2.68964e+03
     Coulomb-14        LJ (SR)  Disper. corr.   Coulomb (SR)   Coul. recip.
    7.76436e+03    9.24041e+04   -4.44920e+03   -6.31728e+05    2.96849e+03
 Position Rest.      Potential    Kinetic En.   Total Energy  Conserved En.
    5.58014e+02   -5.22273e+05    8.63209e+04   -4.35952e+05   -5.06759e+05
    Temperature Pres. DC (bar) Pressure (bar)   Constr. rmsd
    3.01987e+02   -2.14729e+02   -2.58232e+02    3.06377e-06

           Step           Time
          12500       25.00000

   Energies (kJ/mol)
           Bond          Angle    Proper Dih. Ryckaert-Bell.          LJ-14
    1.43787e+03    3.74649e+03    2.31966e+02    1.88823e+03    2.61995e+03
     Coulomb-14        LJ (SR)  Disper. corr.   Coulomb (SR)   Coul. recip.
    7.70713e+03    9.11544e+04   -4.44920e+03   -6.31080e+05    2.96235e+03
 Position Rest.      Potential    Kinetic En.   Total Energy  Conserved En.
    4.62380e+02   -5.23318e+05    8.52274e+04   -4.38091e+05   -5.06768e+05
    Temperature Pres. DC (bar) Pressure (bar)   Constr. rmsd
    2.98162e+02   -2.14729e+02   -7.48756e+02    3.06377e-06

           Step           Time
          13000       26.00000

   Energies (kJ/mol)
           Bond          Angle    Proper Dih. Ryckaert-Bell.          LJ-14
    1.52513e+03    3.76574e+03    2.33431e+02    1.85415e+03    2.68912e+03
     Coulomb-14        LJ (SR)  Disper. corr.   Coulomb (SR)   Coul. recip.
    7.74327e+03    9.19680e+04   -4.44920e+03   -6.30729e+05    3.09078e+03
 Position Rest.      Potential    Kinetic En.   Total Energy  Conserved En.
    5.06290e+02   -5.21802e+05    8.56717e+04   -4.36130e+05   -5.06758e+05
    Temperature Pres. DC (bar) Pressure (bar)   Constr. rmsd
    2.99716e+02   -2.14729e+02   -2.68264e+02    3.06377e-06

           Step           Time
          13500       27.00000

   Energies (kJ/mol)
           Bond          Angle    Proper Dih. Ryckaert-Bell.          LJ-14
    1.38737e+03    3.61668e+03    2.69792e+02    1.81872e+03    2.75726e+03
     Coulomb-14        LJ (SR)  Disper. corr.   Coulomb (SR)   Coul. recip.
    7.76519e+03    9.03509e+04   -4.44920e+03   -6.29601e+05    2.98030e+03
 Position Rest.      Potential    Kinetic En.   Total Energy  Conserved En.
    4.41380e+02   -5.22663e+05    8.56377e+04   -4.37025e+05   -5.06801e+05
    Temperature Pres. DC (bar) Pressure (bar)   Constr. rmsd
    2.99597e+02   -2.14729e+02   -7.95466e+02    3.06377e-06

step 13700: timed with pme grid 44 44 44, coulomb cutoff 1.000: 161.1 M-cycles
step 13900: timed with pme grid 40 40 40, coulomb cutoff 1.095: 179.4 M-cycles
           Step           Time
          14000       28.00000

   Energies (kJ/mol)
           Bond          Angle    Proper Dih. Ryckaert-Bell.          LJ-14
    1.50372e+03    3.82305e+03    2.59219e+02    1.95499e+03    2.71751e+03
     Coulomb-14        LJ (SR)  Disper. corr.   Coulomb (SR)   Coul. recip.
    7.77567e+03    9.20339e+04   -4.44920e+03   -6.28478e+05    1.56426e+03
 Position Rest.      Potential    Kinetic En.   Total Energy  Conserved En.
    5.02808e+02   -5.20792e+05    8.63057e+04   -4.34487e+05   -5.06762e+05
    Temperature Pres. DC (bar) Pressure (bar)   Constr. rmsd
    3.01934e+02   -2.14729e+02   -3.24635e+02    3.06377e-06

step 14100: timed with pme grid 36 36 36, coulomb cutoff 1.217: 222.4 M-cycles
step 14300: timed with pme grid 40 40 40, coulomb cutoff 1.095: 178.6 M-cycles
step 14500: timed with pme grid 42 42 42, coulomb cutoff 1.043: 170.1 M-cycles
           Step           Time
          14500       29.00000

   Energies (kJ/mol)
           Bond          Angle    Proper Dih. Ryckaert-Bell.          LJ-14
    1.36403e+03    3.58945e+03    2.62298e+02    1.87110e+03    2.75674e+03
     Coulomb-14        LJ (SR)  Disper. corr.   Coulomb (SR)   Coul. recip.
    7.72868e+03    9.12043e+04   -4.44920e+03   -6.30503e+05    2.99076e+03
 Position Rest.      Potential    Kinetic En.   Total Energy  Conserved En.
    4.55094e+02   -5.22729e+05    8.59844e+04   -4.36745e+05   -5.06776e+05
    Temperature Pres. DC (bar) Pressure (bar)   Constr. rmsd
    3.00810e+02   -2.14729e+02   -8.50899e+02    3.06377e-06

step 14700: timed with pme grid 44 44 44, coulomb cutoff 1.000: 159.7 M-cycles
              optimal pme grid 44 44 44, coulomb cutoff 1.000
           Step           Time
          15000       30.00000

   Energies (kJ/mol)
           Bond          Angle    Proper Dih. Ryckaert-Bell.          LJ-14
    1.58116e+03    3.67565e+03    2.52070e+02    1.79913e+03    2.65781e+03
     Coulomb-14        LJ (SR)  Disper. corr.   Coulomb (SR)   Coul. recip.
    7.83111e+03    9.09816e+04   -4.44920e+03   -6.29374e+05    3.08454e+03
 Position Rest.      Potential    Kinetic En.   Total Energy  Conserved En.
    5.47492e+02   -5.21413e+05    8.57314e+04   -4.35682e+05   -5.06760e+05
    Temperature Pres. DC (bar) Pressure (bar)   Constr. rmsd
    2.99925e+02   -2.14729e+02   -5.27260e+02    3.06377e-06

           Step           Time
          15500       31.00000

   Energies (kJ/mol)
           Bond          Angle    Proper Dih. Ryckaert-Bell.          LJ-14
    1.39105e+03    3.73645e+03    2.49816e+02    1.73698e+03    2.65619e+03
     Coulomb-14        LJ (SR)  Disper. corr.   Coulomb (SR)   Coul. recip.
    7.66869e+03    9.31608e+04   -4.44920e+03   -6.33612e+05    3.01526e+03
 Position Rest.      Potential    Kinetic En.   Total Energy  Conserved En.
    5.32486e+02   -5.23914e+05    8.59708e+04   -4.37943e+05   -5.06777e+05
    Temperature Pres. DC (bar) Pressure (bar)   Constr. rmsd
    3.00762e+02   -2.14729e+02   -1.62924e+02    3.06377e-06

           Step           Time
          16000       32.00000

   Energies (kJ/mol)
           Bond          Angle    Proper Dih. Ryckaert-Bell.          LJ-14
    1.38912e+03    3.74068e+03    2.33936e+02    1.82282e+03    2.67014e+03
     Coulomb-14        LJ (SR)  Disper. corr.   Coulomb (SR)   Coul. recip.
    7.70126e+03    9.32371e+04   -4.44920e+03   -6.32330e+05    3.13478e+03
 Position Rest.      Potential    Kinetic En.   Total Energy  Conserved En.
    5.25198e+02   -5.22324e+05    8.56961e+04   -4.36628e+05   -5.06773e+05
    Temperature Pres. DC (bar) Pressure (bar)   Constr. rmsd
    2.99801e+02   -2.14729e+02   -1.89185e+02    3.06377e-06

           Step           Time
          16500       33.00000

   Energies (kJ/mol)
           Bond          Angle    Proper Dih. Ryckaert-Bell.          LJ-14
    1.55464e+03    3.75321e+03    2.67337e+02    1.87428e+03    2.71682e+03
     Coulomb-14        LJ (SR)  Disper. corr.   Coulomb (SR)   Coul. recip.
    7.76138e+03    9.25780e+04   -4.44920e+03   -6.32011e+05    3.02606e+03
 Position Rest.      Potential    Kinetic En.   Total Energy  Conserved En.
    4.93566e+02   -5.22435e+05    8.66871e+04   -4.35748e+05   -5.06770e+05
    Temperature Pres. DC (bar) Pressure (bar)   Constr. rmsd
    3.03268e+02   -2.14729e+02   -3.43973e+02    3.06377e-06

           Step           Time
          17000       34.00000

   Energies (kJ/mol)
           Bond          Angle    Proper Dih. Ryckaert-Bell.          LJ-14
    1.33698e+03    3.71865e+03    2.56264e+02    1.87931e+03    2.72578e+03
     Coulomb-14        LJ (SR)  Disper. corr.   Coulomb (SR)   Coul. recip.
    7.72336e+03    9.23882e+04   -4.44920e+03   -6.32436e+05    3.03840e+03
 Position Rest.      Potential    Kinetic En.   Total Energy  Conserved En.
    5.14247e+02   -5.23304e+05    8.56225e+04   -4.37681e+05   -5.06772e+05
    Temperature Pres. DC (bar) Pressure (bar)   Constr. rmsd
    2.99544e+02   -2.14729e+02   -5.54797e+02    3.06377e-06

           Step           Time
          17500       35.00000

   Energies (kJ/mol)
           Bond          Angle    Proper Dih. Ryckaert-Bell.          LJ-14
    1.37875e+03    3.70692e+03    2.68803e+02    1.82838e+03    2.67138e+03
     Coulomb-14        LJ (SR)  Disper. corr.   Coulomb (SR)   Coul. recip.
    7.64521e+03    9.20951e+04   -4.44920e+03   -6.30614e+05    2.99240e+03
 Position Rest.      Potential    Kinetic En.   Total Energy  Conserved En.
    5.27431e+02   -5.21949e+05    8.54036e+04   -4.36546e+05   -5.06788e+05
    Temperature Pres. DC (bar) Pressure (bar)   Constr. rmsd
    2.98778e+02   -2.14729e+02   -6.06834e+02    3.06377e-06

           Step           Time
          18000       36.00000

   Energies (kJ/mol)
           Bond          Angle    Proper Dih. Ryckaert-Bell.          LJ-14
    1.40702e+03    3.76686e+03    2.42840e+02    1.86462e+03    2.63764e+03
     Coulomb-14        LJ (SR)  Disper. corr.   Coulomb (SR)   Coul. recip.
    7.69483e+03    9.05926e+04   -4.44920e+03   -6.29638e+05    3.00119e+03
 Position Rest.      Potential    Kinetic En.   Total Energy  Conserved En.
    4.52147e+02   -5.22428e+05    8.53628e+04   -4.37065e+05   -5.06795e+05
    Temperature Pres. DC (bar) Pressure (bar)   Constr. rmsd
    2.98635e+02   -2.14729e+02   -9.16574e+02    3.06377e-06

           Step           Time
          18500       37.00000

   Energies (kJ/mol)
           Bond          Angle    Proper Dih. Ryckaert-Bell.          LJ-14
    1.44048e+03    3.61098e+03    2.09572e+02    1.80547e+03    2.73076e+03
     Coulomb-14        LJ (SR)  Disper. corr.   Coulomb (SR)   Coul. recip.
    7.71577e+03    9.29135e+04   -4.44920e+03   -6.33205e+05    2.95969e+03
 Position Rest.      Potential    Kinetic En.   Total Energy  Conserved En.
    5.08051e+02   -5.23760e+05    8.57836e+04   -4.37977e+05   -5.06796e+05
    Temperature Pres. DC (bar) Pressure (bar)   Constr. rmsd
    3.00108e+02   -2.14729e+02   -3.71699e+02    3.06377e-06

           Step           Time
          19000       38.00000

   Energies (kJ/mol)
           Bond          Angle    Proper Dih. Ryckaert-Bell.          LJ-14
    1.42181e+03    3.81558e+03    2.52458e+02    1.87645e+03    2.63955e+03
     Coulomb-14        LJ (SR)  Disper. corr.   Coulomb (SR)   Coul. recip.
    7.73184e+03    9.12743e+04   -4.44920e+03   -6.29885e+05    3.07435e+03
 Position Rest.      Potential    Kinetic En.   Total Energy  Conserved En.
    5.41800e+02   -5.21706e+05    8.55321e+04   -4.36174e+05   -5.06797e+05
    Temperature Pres. DC (bar) Pressure (bar)   Constr. rmsd
    2.99228e+02   -2.14729e+02   -6.39364e+02    3.06377e-06

           Step           Time
          19500       39.00000

   Energies (kJ/mol)
           Bond          Angle    Proper Dih. Ryckaert-Bell.          LJ-14
    1.50973e+03    3.81530e+03    2.35861e+02    1.85143e+03    2.71361e+03
     Coulomb-14        LJ (SR)  Disper. corr.   Coulomb (SR)   Coul. recip.
    7.65090e+03    9.27955e+04   -4.44920e+03   -6.32123e+05    3.05828e+03
 Position Rest.      Potential    Kinetic En.   Total Energy  Conserved En.
    5.41762e+02   -5.22400e+05    8.62501e+04   -4.36150e+05   -5.06792e+05
    Temperature Pres. DC (bar) Pressure (bar)   Constr. rmsd
    3.01739e+02   -2.14729e+02   -4.68591e+02    3.06377e-06

           Step           Time
          20000       40.00000

   Energies (kJ/mol)
           Bond          Angle    Proper Dih. Ryckaert-Bell.          LJ-14
    1.48451e+03    3.65802e+03    2.52482e+02    1.85851e+03    2.63244e+03
     Coulomb-14        LJ (SR)  Disper. corr.   Coulomb (SR)   Coul. recip.
    7.70722e+03    9.23313e+04   -4.44920e+03   -6.31785e+05    2.99949e+03
 Position Rest.      Potential    Kinetic En.   Total Energy  Conserved En.
    5.22873e+02   -5.22787e+05    8.57273e+04   -4.37060e+05   -5.06800e+05
    Temperature Pres. DC (bar) Pressure (bar)   Constr. rmsd
    2.99911e+02   -2.14729e+02   -6.21273e+02    3.06377e-06

           Step           Time
          20500       41.00000

   Energies (kJ/mol)
           Bond          Angle    Proper Dih. Ryckaert-Bell.          LJ-14
    1.50542e+03    3.80320e+03    2.44437e+02    1.83233e+03    2.66266e+03
     Coulomb-14        LJ (SR)  Disper. corr.   Coulomb (SR)   Coul. recip.
    7.66332e+03    9.32323e+04   -4.44920e+03   -6.32193e+05    2.94501e+03
 Position Rest.      Potential    Kinetic En.   Total Energy  Conserved En.
    5.12947e+02   -5.22241e+05    8.67258e+04   -4.35515e+05   -5.06799e+05
    Temperature Pres. DC (bar) Pressure (bar)   Constr. rmsd
    3.03404e+02   -2.14729e+02   -2.01838e+02    3.06377e-06

           Step           Time
          21000       42.00000

   Energies (kJ/mol)
           Bond          Angle    Proper Dih. Ryckaert-Bell.          LJ-14
    1.41210e+03    3.62834e+03    2.48873e+02    1.77395e+03    2.64290e+03
     Coulomb-14        LJ (SR)  Disper. corr.   Coulomb (SR)   Coul. recip.
    7.64347e+03    9.12769e+04   -4.44920e+03   -6.30593e+05    3.06988e+03
 Position Rest.      Potential    Kinetic En.   Total Energy  Conserved En.
    5.07242e+02   -5.22838e+05    8.52137e+04   -4.37624e+05   -5.06811e+05
    Temperature Pres. DC (bar) Pressure (bar)   Constr. rmsd
    2.98114e+02   -2.14729e+02   -7.24295e+02    3.06377e-06

           Step           Time
          21500       43.00000

   Energies (kJ/mol)
           Bond          Angle    Proper Dih. Ryckaert-Bell.          LJ-14
    1.42450e+03    3.64924e+03    2.53257e+02    1.80874e+03    2.74146e+03
     Coulomb-14        LJ (SR)  Disper. corr.   Coulomb (SR)   Coul. recip.
    7.66662e+03    9.12218e+04   -4.44920e+03   -6.30008e+05    3.01355e+03
 Position Rest.      Potential    Kinetic En.   Total Energy  Conserved En.
    4.98141e+02   -5.22180e+05    8.67340e+04   -4.35446e+05   -5.06829e+05
    Temperature Pres. DC (bar) Pressure (bar)   Constr. rmsd
    3.03432e+02   -2.14729e+02   -7.45337e+02    3.06377e-06

           Step           Time
          22000       44.00000

   Energies (kJ/mol)
           Bond          Angle    Proper Dih. Ryckaert-Bell.          LJ-14
    1.48181e+03    3.71558e+03    2.65931e+02    1.84135e+03    2.67369e+03
     Coulomb-14        LJ (SR)  Disper. corr.   Coulomb (SR)   Coul. recip.
    7.70835e+03    9.15299e+04   -4.44920e+03   -6.30166e+05    3.03674e+03
 Position Rest.      Potential    Kinetic En.   Total Energy  Conserved En.
    5.56009e+02   -5.21806e+05    8.58100e+04   -4.35996e+05   -5.06821e+05
    Temperature Pres. DC (bar) Pressure (bar)   Constr. rmsd
    3.00200e+02   -2.14729e+02   -6.81791e+02    3.06377e-06

           Step           Time
          22500       45.00000

   Energies (kJ/mol)
           Bond          Angle    Proper Dih. Ryckaert-Bell.          LJ-14
    1.41578e+03    3.78412e+03    2.48752e+02    1.82929e+03    2.68680e+03
     Coulomb-14        LJ (SR)  Disper. corr.   Coulomb (SR)   Coul. recip.
    7.73888e+03    9.26325e+04   -4.44920e+03   -6.31791e+05    3.01312e+03
 Position Rest.      Potential    Kinetic En.   Total Energy  Conserved En.
    4.94971e+02   -5.22396e+05    8.49847e+04   -4.37412e+05   -5.06802e+05
    Temperature Pres. DC (bar) Pressure (bar)   Constr. rmsd
    2.97313e+02   -2.14729e+02   -4.01359e+02    3.06377e-06

           Step           Time
          23000       46.00000

   Energies (kJ/mol)
           Bond          Angle    Proper Dih. Ryckaert-Bell.          LJ-14
    1.34412e+03    3.66245e+03    2.41762e+02    1.87940e+03    2.74582e+03
     Coulomb-14        LJ (SR)  Disper. corr.   Coulomb (SR)   Coul. recip.
    7.72136e+03    9.18175e+04   -4.44920e+03   -6.30608e+05    3.02472e+03
 Position Rest.      Potential    Kinetic En.   Total Energy  Conserved En.
    5.36980e+02   -5.22083e+05    8.48225e+04   -4.37261e+05   -5.06803e+05
    Temperature Pres. DC (bar) Pressure (bar)   Constr. rmsd
    2.96745e+02   -2.14729e+02   -1.48230e+02    3.06377e-06

           Step           Time
          23500       47.00000

   Energies (kJ/mol)
           Bond          Angle    Proper Dih. Ryckaert-Bell.          LJ-14
    1.43239e+03    3.74164e+03    2.54308e+02    1.82906e+03    2.69510e+03
     Coulomb-14        LJ (SR)  Disper. corr.   Coulomb (SR)   Coul. recip.
    7.87641e+03    9.12521e+04   -4.44920e+03   -6.30130e+05    2.92732e+03
 Position Rest.      Potential    Kinetic En.   Total Energy  Conserved En.
    5.18126e+02   -5.22053e+05    8.61338e+04   -4.35919e+05   -5.06808e+05
    Temperature Pres. DC (bar) Pressure (bar)   Constr. rmsd
    3.01333e+02   -2.14729e+02   -7.22374e+02    3.06377e-06

           Step           Time
          24000       48.00000

   Energies (kJ/mol)
           Bond          Angle    Proper Dih. Ryckaert-Bell.          LJ-14
    1.55169e+03    3.75556e+03    2.70429e+02    1.82389e+03    2.66626e+03
     Coulomb-14        LJ (SR)  Disper. corr.   Coulomb (SR)   Coul. recip.
    7.78162e+03    9.29602e+04   -4.44920e+03   -6.30903e+05    2.97049e+03
 Position Rest.      Potential    Kinetic En.   Total Energy  Conserved En.
    5.37240e+02   -5.21035e+05    8.57390e+04   -4.35296e+05   -5.06816e+05
    Temperature Pres. DC (bar) Pressure (bar)   Constr. rmsd
    2.99951e+02   -2.14729e+02   -3.99317e+02    3.06377e-06

           Step           Time
          24500       49.00000

   Energies (kJ/mol)
           Bond          Angle    Proper Dih. Ryckaert-Bell.          LJ-14
    1.46210e+03    3.63519e+03    2.53283e+02    1.88630e+03    2.64341e+03
     Coulomb-14        LJ (SR)  Disper. corr.   Coulomb (SR)   Coul. recip.
    7.81476e+03    9.12236e+04   -4.44920e+03   -6.29255e+05    2.99289e+03
 Position Rest.      Potential    Kinetic En.   Total Energy  Conserved En.
    5.21752e+02   -5.21271e+05    8.61953e+04   -4.35076e+05   -5.06833e+05
    Temperature Pres. DC (bar) Pressure (bar)   Constr. rmsd
    3.01548e+02   -2.14729e+02   -6.89227e+02    3.06377e-06

           Step           Time
          25000       50.00000

   Energies (kJ/mol)
           Bond          Angle    Proper Dih. Ryckaert-Bell.          LJ-14
    1.44150e+03    3.62685e+03    2.24588e+02    1.79584e+03    2.67630e+03
     Coulomb-14        LJ (SR)  Disper. corr.   Coulomb (SR)   Coul. recip.
    7.73277e+03    9.18602e+04   -4.44920e+03   -6.31462e+05    2.91991e+03
 Position Rest.      Potential    Kinetic En.   Total Energy  Conserved En.
    5.00068e+02   -5.23133e+05    8.55796e+04   -4.37553e+05   -5.06839e+05
    Temperature Pres. DC (bar) Pressure (bar)   Constr. rmsd
    2.99394e+02   -2.14729e+02   -2.19042e+02    3.06377e-06

           Step           Time
          25500       51.00000

   Energies (kJ/mol)
           Bond          Angle    Proper Dih. Ryckaert-Bell.          LJ-14
    1.51753e+03    3.81917e+03    2.48682e+02    1.89130e+03    2.61978e+03
     Coulomb-14        LJ (SR)  Disper. corr.   Coulomb (SR)   Coul. recip.
    7.74070e+03    9.22069e+04   -4.44920e+03   -6.31377e+05    2.96944e+03
 Position Rest.      Potential    Kinetic En.   Total Energy  Conserved En.
    4.84053e+02   -5.22329e+05    8.65887e+04   -4.35740e+05   -5.06832e+05
    Temperature Pres. DC (bar) Pressure (bar)   Constr. rmsd
    3.02924e+02   -2.14729e+02   -6.53026e+02    3.06377e-06

           Step           Time
          26000       52.00000

   Energies (kJ/mol)
           Bond          Angle    Proper Dih. Ryckaert-Bell.          LJ-14
    1.38220e+03    3.77088e+03    2.46123e+02    1.92099e+03    2.71937e+03
     Coulomb-14        LJ (SR)  Disper. corr.   Coulomb (SR)   Coul. recip.
    7.75076e+03    9.38840e+04   -4.44920e+03   -6.32689e+05    2.93898e+03
 Position Rest.      Potential    Kinetic En.   Total Energy  Conserved En.
    5.23727e+02   -5.22001e+05    8.60015e+04   -4.36000e+05   -5.06834e+05
    Temperature Pres. DC (bar) Pressure (bar)   Constr. rmsd
    3.00870e+02   -2.14729e+02    3.99113e+01    3.06377e-06

           Step           Time
          26500       53.00000

   Energies (kJ/mol)
           Bond          Angle    Proper Dih. Ryckaert-Bell.          LJ-14
    1.45142e+03    3.74122e+03    2.57334e+02    1.84233e+03    2.75473e+03
     Coulomb-14        LJ (SR)  Disper. corr.   Coulomb (SR)   Coul. recip.
    7.77911e+03    9.27285e+04   -4.44920e+03   -6.32446e+05    2.97125e+03
 Position Rest.      Potential    Kinetic En.   Total Energy  Conserved En.
    4.95386e+02   -5.22874e+05    8.64426e+04   -4.36432e+05   -5.06843e+05
    Temperature Pres. DC (bar) Pressure (bar)   Constr. rmsd
    3.02413e+02   -2.14729e+02   -2.71390e+02    3.06377e-06

           Step           Time
          27000       54.00000

   Energies (kJ/mol)
           Bond          Angle    Proper Dih. Ryckaert-Bell.          LJ-14
    1.46449e+03    3.67794e+03    2.62600e+02    1.87628e+03    2.70061e+03
     Coulomb-14        LJ (SR)  Disper. corr.   Coulomb (SR)   Coul. recip.
    7.81884e+03    9.22432e+04   -4.44920e+03   -6.32119e+05    2.91852e+03
 Position Rest.      Potential    Kinetic En.   Total Energy  Conserved En.
    5.17354e+02   -5.23089e+05    8.52891e+04   -4.37800e+05   -5.06834e+05
    Temperature Pres. DC (bar) Pressure (bar)   Constr. rmsd
    2.98377e+02   -2.14729e+02   -7.62135e+02    3.06377e-06

           Step           Time
          27500       55.00000

   Energies (kJ/mol)
           Bond          Angle    Proper Dih. Ryckaert-Bell.          LJ-14
    1.51706e+03    3.80763e+03    2.68999e+02    1.88502e+03    2.63094e+03
     Coulomb-14        LJ (SR)  Disper. corr.   Coulomb (SR)   Coul. recip.
    7.74486e+03    8.94229e+04   -4.44920e+03   -6.26985e+05    3.08282e+03
 Position Rest.      Potential    Kinetic En.   Total Energy  Conserved En.
    5.75024e+02   -5.20499e+05    8.62151e+04   -4.34284e+05   -5.06862e+05
    Temperature Pres. DC (bar) Pressure (bar)   Constr. rmsd
    3.01617e+02   -2.14729e+02   -7.89234e+02    3.06377e-06

           Step           Time
          28000       56.00000

   Energies (kJ/mol)
           Bond          Angle    Proper Dih. Ryckaert-Bell.          LJ-14
    1.43532e+03    3.74306e+03    2.31563e+02    1.82485e+03    2.68832e+03
     Coulomb-14        LJ (SR)  Disper. corr.   Coulomb (SR)   Coul. recip.
    7.67533e+03    9.13380e+04   -4.44920e+03   -6.30759e+05    2.95370e+03
 Position Rest.      Potential    Kinetic En.   Total Energy  Conserved En.
    5.41086e+02   -5.22777e+05    8.54788e+04   -4.37299e+05   -5.06832e+05
    Temperature Pres. DC (bar) Pressure (bar)   Constr. rmsd
    2.99041e+02   -2.14729e+02   -6.84446e+02    3.06377e-06

           Step           Time
          28500       57.00000

   Energies (kJ/mol)
           Bond          Angle    Proper Dih. Ryckaert-Bell.          LJ-14
    1.38635e+03    3.68869e+03    2.29520e+02    1.84981e+03    2.72423e+03
     Coulomb-14        LJ (SR)  Disper. corr.   Coulomb (SR)   Coul. recip.
    7.77657e+03    9.15929e+04   -4.44920e+03   -6.30542e+05    3.02981e+03
 Position Rest.      Potential    Kinetic En.   Total Energy  Conserved En.
    5.15647e+02   -5.22197e+05    8.66379e+04   -4.35560e+05   -5.06863e+05
    Temperature Pres. DC (bar) Pressure (bar)   Constr. rmsd
    3.03096e+02   -2.14729e+02   -4.55401e+02    3.06377e-06

           Step           Time
          29000       58.00000

   Energies (kJ/mol)
           Bond          Angle    Proper Dih. Ryckaert-Bell.          LJ-14
    1.39309e+03    3.76313e+03    2.45775e+02    1.86942e+03    2.71181e+03
     Coulomb-14        LJ (SR)  Disper. corr.   Coulomb (SR)   Coul. recip.
    7.77644e+03    9.17678e+04   -4.44920e+03   -6.31026e+05    3.04335e+03
 Position Rest.      Potential    Kinetic En.   Total Energy  Conserved En.
    5.46953e+02   -5.22358e+05    8.54964e+04   -4.36861e+05   -5.06865e+05
    Temperature Pres. DC (bar) Pressure (bar)   Constr. rmsd
    2.99103e+02   -2.14729e+02   -7.84712e+02    3.06377e-06

           Step           Time
          29500       59.00000

   Energies (kJ/mol)
           Bond          Angle    Proper Dih. Ryckaert-Bell.          LJ-14
    1.53074e+03    3.59400e+03    2.58642e+02    1.93959e+03    2.60516e+03
     Coulomb-14        LJ (SR)  Disper. corr.   Coulomb (SR)   Coul. recip.
    7.68310e+03    9.10547e+04   -4.44920e+03   -6.31071e+05    2.99336e+03
 Position Rest.      Potential    Kinetic En.   Total Energy  Conserved En.
    4.62856e+02   -5.23398e+05    8.57329e+04   -4.37665e+05   -5.06859e+05
    Temperature Pres. DC (bar) Pressure (bar)   Constr. rmsd
    2.99930e+02   -2.14729e+02   -8.44828e+02    3.06377e-06

           Step           Time
          30000       60.00000

   Energies (kJ/mol)
           Bond          Angle    Proper Dih. Ryckaert-Bell.          LJ-14
    1.46414e+03    3.71040e+03    2.35286e+02    1.83570e+03    2.66249e+03
     Coulomb-14        LJ (SR)  Disper. corr.   Coulomb (SR)   Coul. recip.
    7.78729e+03    9.24552e+04   -4.44920e+03   -6.32230e+05    3.02557e+03
 Position Rest.      Potential    Kinetic En.   Total Energy  Conserved En.
    5.44915e+02   -5.22958e+05    8.58136e+04   -4.37145e+05   -5.06844e+05
    Temperature Pres. DC (bar) Pressure (bar)   Constr. rmsd
    3.00212e+02   -2.14729e+02   -4.89506e+02    3.06377e-06

           Step           Time
          30500       61.00000

   Energies (kJ/mol)
           Bond          Angle    Proper Dih. Ryckaert-Bell.          LJ-14
    1.45051e+03    3.71684e+03    2.64323e+02    1.80340e+03    2.69312e+03
     Coulomb-14        LJ (SR)  Disper. corr.   Coulomb (SR)   Coul. recip.
    7.73145e+03    9.21386e+04   -4.44920e+03   -6.30669e+05    2.99982e+03
 Position Rest.      Potential    Kinetic En.   Total Energy  Conserved En.
    5.03952e+02   -5.21816e+05    8.57308e+04   -4.36085e+05   -5.06853e+05
    Temperature Pres. DC (bar) Pressure (bar)   Constr. rmsd
    2.99923e+02   -2.14729e+02   -5.63808e+02    3.06377e-06

           Step           Time
          31000       62.00000

   Energies (kJ/mol)
           Bond          Angle    Proper Dih. Ryckaert-Bell.          LJ-14
    1.41232e+03    3.78589e+03    2.64444e+02    1.90670e+03    2.64153e+03
     Coulomb-14        LJ (SR)  Disper. corr.   Coulomb (SR)   Coul. recip.
    7.75516e+03    9.09249e+04   -4.44920e+03   -6.30184e+05    3.05011e+03
 Position Rest.      Potential    Kinetic En.   Total Energy  Conserved En.
    5.05816e+02   -5.22387e+05    8.55223e+04   -4.36864e+05   -5.06868e+05
    Temperature Pres. DC (bar) Pressure (bar)   Constr. rmsd
    2.99193e+02   -2.14729e+02   -6.81703e+02    3.06377e-06

           Step           Time
          31500       63.00000

   Energies (kJ/mol)
           Bond          Angle    Proper Dih. Ryckaert-Bell.          LJ-14
    1.48477e+03    3.67224e+03    2.92000e+02    1.85034e+03    2.57519e+03
     Coulomb-14        LJ (SR)  Disper. corr.   Coulomb (SR)   Coul. recip.
    7.70140e+03    9.11332e+04   -4.44920e+03   -6.31299e+05    2.96372e+03
 Position Rest.      Potential    Kinetic En.   Total Energy  Conserved En.
    5.06710e+02   -5.23568e+05    8.56207e+04   -4.37948e+05   -5.06875e+05
    Temperature Pres. DC (bar) Pressure (bar)   Constr. rmsd
    2.99537e+02   -2.14729e+02   -7.89166e+02    3.06377e-06

           Step           Time
          32000       64.00000

   Energies (kJ/mol)
           Bond          Angle    Proper Dih. Ryckaert-Bell.          LJ-14
    1.35997e+03    3.67088e+03    2.32962e+02    1.79268e+03    2.69914e+03
     Coulomb-14        LJ (SR)  Disper. corr.   Coulomb (SR)   Coul. recip.
    7.76570e+03    9.17946e+04   -4.44920e+03   -6.32160e+05    3.12043e+03
 Position Rest.      Potential    Kinetic En.   Total Energy  Conserved En.
    5.34034e+02   -5.23639e+05    8.60193e+04   -4.37620e+05   -5.06864e+05
    Temperature Pres. DC (bar) Pressure (bar)   Constr. rmsd
    3.00932e+02   -2.14729e+02   -7.03066e+02    3.06377e-06

           Step           Time
          32500       65.00000

   Energies (kJ/mol)
           Bond          Angle    Proper Dih. Ryckaert-Bell.          LJ-14
    1.36633e+03    3.73493e+03    2.53650e+02    1.89997e+03    2.67748e+03
     Coulomb-14        LJ (SR)  Disper. corr.   Coulomb (SR)   Coul. recip.
    7.75150e+03    9.27386e+04   -4.44920e+03   -6.32409e+05    2.86347e+03
 Position Rest.      Potential    Kinetic En.   Total Energy  Conserved En.
    4.95095e+02   -5.23077e+05    8.57217e+04   -4.37355e+05   -5.06871e+05
    Temperature Pres. DC (bar) Pressure (bar)   Constr. rmsd
    2.99891e+02   -2.14729e+02   -5.93785e+02    3.06377e-06

           Step           Time
          33000       66.00000

   Energies (kJ/mol)
           Bond          Angle    Proper Dih. Ryckaert-Bell.          LJ-14
    1.43241e+03    3.69583e+03    2.50115e+02    1.79189e+03    2.66600e+03
     Coulomb-14        LJ (SR)  Disper. corr.   Coulomb (SR)   Coul. recip.
    7.77114e+03    9.18256e+04   -4.44920e+03   -6.30805e+05    3.06623e+03
 Position Rest.      Potential    Kinetic En.   Total Energy  Conserved En.
    4.74964e+02   -5.22280e+05    8.60290e+04   -4.36251e+05   -5.06887e+05
    Temperature Pres. DC (bar) Pressure (bar)   Constr. rmsd
    3.00966e+02   -2.14729e+02   -3.57500e+02    3.06377e-06

           Step           Time
          33500       67.00000

   Energies (kJ/mol)
           Bond          Angle    Proper Dih. Ryckaert-Bell.          LJ-14
    1.44832e+03    3.74498e+03    2.26577e+02    1.85914e+03    2.67090e+03
     Coulomb-14        LJ (SR)  Disper. corr.   Coulomb (SR)   Coul. recip.
    7.78269e+03    9.18110e+04   -4.44920e+03   -6.31357e+05    3.10499e+03
 Position Rest.      Potential    Kinetic En.   Total Energy  Conserved En.
    5.28051e+02   -5.22630e+05    8.58120e+04   -4.36818e+05   -5.06871e+05
    Temperature Pres. DC (bar) Pressure (bar)   Constr. rmsd
    3.00207e+02   -2.14729e+02   -5.90036e+02    3.06377e-06

           Step           Time
          34000       68.00000

   Energies (kJ/mol)
           Bond          Angle    Proper Dih. Ryckaert-Bell.          LJ-14
    1.39013e+03    3.73763e+03    2.73636e+02    1.78208e+03    2.69681e+03
     Coulomb-14        LJ (SR)  Disper. corr.   Coulomb (SR)   Coul. recip.
    7.75139e+03    9.17010e+04   -4.44920e+03   -6.30158e+05    3.02976e+03
 Position Rest.      Potential    Kinetic En.   Total Energy  Conserved En.
    5.16432e+02   -5.21729e+05    8.57935e+04   -4.35935e+05   -5.06886e+05
    Temperature Pres. DC (bar) Pressure (bar)   Constr. rmsd
    3.00142e+02   -2.14729e+02   -7.38418e+02    3.06377e-06

           Step           Time
          34500       69.00000

   Energies (kJ/mol)
           Bond          Angle    Proper Dih. Ryckaert-Bell.          LJ-14
    1.48293e+03    3.57304e+03    2.73563e+02    1.95548e+03    2.67323e+03
     Coulomb-14        LJ (SR)  Disper. corr.   Coulomb (SR)   Coul. recip.
    7.70030e+03    9.09731e+04   -4.44920e+03   -6.29988e+05    3.00900e+03
 Position Rest.      Potential    Kinetic En.   Total Energy  Conserved En.
    5.40903e+02   -5.22256e+05    8.58313e+04   -4.36425e+05   -5.06884e+05
    Temperature Pres. DC (bar) Pressure (bar)   Constr. rmsd
    3.00274e+02   -2.14729e+02   -6.67453e+02    3.06377e-06

           Step           Time
          35000       70.00000

   Energies (kJ/mol)
           Bond          Angle    Proper Dih. Ryckaert-Bell.          LJ-14
    1.43974e+03    3.63558e+03    2.80963e+02    1.89975e+03    2.73834e+03
     Coulomb-14        LJ (SR)  Disper. corr.   Coulomb (SR)   Coul. recip.
    7.66351e+03    9.24645e+04   -4.44920e+03   -6.31579e+05    2.96081e+03
 Position Rest.      Potential    Kinetic En.   Total Energy  Conserved En.
    5.74968e+02   -5.22370e+05    8.71212e+04   -4.35248e+05   -5.06891e+05
    Temperature Pres. DC (bar) Pressure (bar)   Constr. rmsd
    3.04787e+02   -2.14729e+02   -1.95670e+02    3.06377e-06

           Step           Time
          35500       71.00000

   Energies (kJ/mol)
           Bond          Angle    Proper Dih. Ryckaert-Bell.          LJ-14
    1.48382e+03    3.64517e+03    2.40202e+02    1.87407e+03    2.74983e+03
     Coulomb-14        LJ (SR)  Disper. corr.   Coulomb (SR)   Coul. recip.
    7.81910e+03    9.26270e+04   -4.44920e+03   -6.31910e+05    2.92362e+03
 Position Rest.      Potential    Kinetic En.   Total Energy  Conserved En.
    4.96796e+02   -5.22499e+05    8.62037e+04   -4.36296e+05   -5.06899e+05
    Temperature Pres. DC (bar) Pressure (bar)   Constr. rmsd
    3.01577e+02   -2.14729e+02   -6.93867e+02    3.06377e-06

           Step           Time
          36000       72.00000

   Energies (kJ/mol)
           Bond          Angle    Proper Dih. Ryckaert-Bell.          LJ-14
    1.42247e+03    3.63811e+03    2.51700e+02    1.81710e+03    2.61453e+03
     Coulomb-14        LJ (SR)  Disper. corr.   Coulomb (SR)   Coul. recip.
    7.80589e+03    9.15598e+04   -4.44920e+03   -6.31665e+05    3.00301e+03
 Position Rest.      Potential    Kinetic En.   Total Energy  Conserved En.
    5.39957e+02   -5.23462e+05    8.48180e+04   -4.38644e+05   -5.06884e+05
    Temperature Pres. DC (bar) Pressure (bar)   Constr. rmsd
    2.96730e+02   -2.14729e+02   -6.26674e+02    3.06377e-06

           Step           Time
          36500       73.00000

   Energies (kJ/mol)
           Bond          Angle    Proper Dih. Ryckaert-Bell.          LJ-14
    1.54326e+03    3.47318e+03    2.67591e+02    1.88538e+03    2.65324e+03
     Coulomb-14        LJ (SR)  Disper. corr.   Coulomb (SR)   Coul. recip.
    7.74693e+03    9.16678e+04   -4.44920e+03   -6.31066e+05    2.99434e+03
 Position Rest.      Potential    Kinetic En.   Total Energy  Conserved En.
    5.69944e+02   -5.22714e+05    8.62541e+04   -4.36460e+05   -5.06897e+05
    Temperature Pres. DC (bar) Pressure (bar)   Constr. rmsd
    3.01753e+02   -2.14729e+02   -5.58375e+02    3.06377e-06

           Step           Time
          37000       74.00000

   Energies (kJ/mol)
           Bond          Angle    Proper Dih. Ryckaert-Bell.          LJ-14
    1.40644e+03    3.82845e+03    2.63257e+02    1.80380e+03    2.72198e+03
     Coulomb-14        LJ (SR)  Disper. corr.   Coulomb (SR)   Coul. recip.
    7.76338e+03    9.08668e+04   -4.44920e+03   -6.29891e+05    3.07767e+03
 Position Rest.      Potential    Kinetic En.   Total Energy  Conserved En.
    5.61500e+02   -5.22047e+05    8.59538e+04   -4.36094e+05   -5.06899e+05
    Temperature Pres. DC (bar) Pressure (bar)   Constr. rmsd
    3.00703e+02   -2.14729e+02   -5.78181e+02    3.06377e-06

           Step           Time
          37500       75.00000

   Energies (kJ/mol)
           Bond          Angle    Proper Dih. Ryckaert-Bell.          LJ-14
    1.50287e+03    3.61792e+03    2.24956e+02    1.79133e+03    2.71308e+03
     Coulomb-14        LJ (SR)  Disper. corr.   Coulomb (SR)   Coul. recip.
    7.77363e+03    9.25985e+04   -4.44920e+03   -6.30769e+05    2.99334e+03
 Position Rest.      Potential    Kinetic En.   Total Energy  Conserved En.
    5.02820e+02   -5.21500e+05    8.53774e+04   -4.36122e+05   -5.06901e+05
    Temperature Pres. DC (bar) Pressure (bar)   Constr. rmsd
    2.98686e+02   -2.14729e+02   -1.82473e+02    3.06377e-06

           Step           Time
          38000       76.00000

   Energies (kJ/mol)
           Bond          Angle    Proper Dih. Ryckaert-Bell.          LJ-14
    1.42188e+03    3.83899e+03    2.38813e+02    1.89076e+03    2.64225e+03
     Coulomb-14        LJ (SR)  Disper. corr.   Coulomb (SR)   Coul. recip.
    7.78184e+03    9.16698e+04   -4.44920e+03   -6.31046e+05    2.98017e+03
 Position Rest.      Potential    Kinetic En.   Total Energy  Conserved En.
    4.97984e+02   -5.22532e+05    8.60599e+04   -4.36472e+05   -5.06893e+05
    Temperature Pres. DC (bar) Pressure (bar)   Constr. rmsd
    3.01074e+02   -2.14729e+02   -6.48932e+02    3.06377e-06

           Step           Time
          38500       77.00000

   Energies (kJ/mol)
           Bond          Angle    Proper Dih. Ryckaert-Bell.          LJ-14
    1.40156e+03    3.61347e+03    2.42187e+02    1.82853e+03    2.67939e+03
     Coulomb-14        LJ (SR)  Disper. corr.   Coulomb (SR)   Coul. recip.
    7.61173e+03    9.15363e+04   -4.44920e+03   -6.30304e+05    3.02745e+03
 Position Rest.      Potential    Kinetic En.   Total Energy  Conserved En.
    5.02738e+02   -5.22310e+05    8.59903e+04   -4.36320e+05   -5.06926e+05
    Temperature Pres. DC (bar) Pressure (bar)   Constr. rmsd
    3.00831e+02   -2.14729e+02   -4.35448e+02    3.06377e-06

           Step           Time
          39000       78.00000

   Energies (kJ/mol)
           Bond          Angle    Proper Dih. Ryckaert-Bell.          LJ-14
    1.37321e+03    3.81899e+03    2.47153e+02    1.81447e+03    2.73884e+03
     Coulomb-14        LJ (SR)  Disper. corr.   Coulomb (SR)   Coul. recip.
    7.75365e+03    9.19343e+04   -4.44920e+03   -6.31433e+05    3.03891e+03
 Position Rest.      Potential    Kinetic En.   Total Energy  Conserved En.
    5.40880e+02   -5.22621e+05    8.61707e+04   -4.36451e+05   -5.06912e+05
    Temperature Pres. DC (bar) Pressure (bar)   Constr. rmsd
    3.01462e+02   -2.14729e+02   -4.16732e+02    3.06377e-06

           Step           Time
          39500       79.00000

   Energies (kJ/mol)
           Bond          Angle    Proper Dih. Ryckaert-Bell.          LJ-14
    1.36115e+03    3.64285e+03    2.79262e+02    1.86541e+03    2.73726e+03
     Coulomb-14        LJ (SR)  Disper. corr.   Coulomb (SR)   Coul. recip.
    7.72699e+03    9.32637e+04   -4.44920e+03   -6.33017e+05    2.94370e+03
 Position Rest.      Potential    Kinetic En.   Total Energy  Conserved En.
    5.24787e+02   -5.23121e+05    8.59058e+04   -4.37215e+05   -5.06934e+05
    Temperature Pres. DC (bar) Pressure (bar)   Constr. rmsd
    3.00535e+02   -2.14729e+02   -1.74804e+01    3.06377e-06

           Step           Time
          40000       80.00000

   Energies (kJ/mol)
           Bond          Angle    Proper Dih. Ryckaert-Bell.          LJ-14
    1.57500e+03    3.78038e+03    2.55795e+02    1.89826e+03    2.73272e+03
     Coulomb-14        LJ (SR)  Disper. corr.   Coulomb (SR)   Coul. recip.
    7.74001e+03    9.28247e+04   -4.44920e+03   -6.31951e+05    3.09278e+03
 Position Rest.      Potential    Kinetic En.   Total Energy  Conserved En.
    5.07777e+02   -5.21993e+05    8.64224e+04   -4.35571e+05   -5.06908e+05
    Temperature Pres. DC (bar) Pressure (bar)   Constr. rmsd
    3.02342e+02   -2.14729e+02    1.49588e+01    3.06377e-06

           Step           Time
          40500       81.00000

   Energies (kJ/mol)
           Bond          Angle    Proper Dih. Ryckaert-Bell.          LJ-14
    1.42547e+03    3.57898e+03    2.56041e+02    1.82358e+03    2.73706e+03
     Coulomb-14        LJ (SR)  Disper. corr.   Coulomb (SR)   Coul. recip.
    7.70747e+03    9.36829e+04   -4.44920e+03   -6.33847e+05    2.88700e+03
 Position Rest.      Potential    Kinetic En.   Total Energy  Conserved En.
    4.90746e+02   -5.23707e+05    8.58491e+04   -4.37858e+05   -5.06936e+05
    Temperature Pres. DC (bar) Pressure (bar)   Constr. rmsd
    3.00337e+02   -2.14729e+02   -2.64365e+02    3.06377e-06

           Step           Time
          41000       82.00000

   Energies (kJ/mol)
           Bond          Angle    Proper Dih. Ryckaert-Bell.          LJ-14
    1.52498e+03    3.58331e+03    2.42488e+02    1.85249e+03    2.65097e+03
     Coulomb-14        LJ (SR)  Disper. corr.   Coulomb (SR)   Coul. recip.
    7.66821e+03    9.15052e+04   -4.44920e+03   -6.30301e+05    2.99721e+03
 Position Rest.      Potential    Kinetic En.   Total Energy  Conserved En.
    5.40776e+02   -5.22185e+05    8.47844e+04   -4.37400e+05   -5.06915e+05
    Temperature Pres. DC (bar) Pressure (bar)   Constr. rmsd
    2.96612e+02   -2.14729e+02   -7.98861e+02    3.06377e-06

           Step           Time
          41500       83.00000

   Energies (kJ/mol)
           Bond          Angle    Proper Dih. Ryckaert-Bell.          LJ-14
    1.46490e+03    3.76973e+03    2.18901e+02    1.89846e+03    2.72243e+03
     Coulomb-14        LJ (SR)  Disper. corr.   Coulomb (SR)   Coul. recip.
    7.84354e+03    9.24808e+04   -4.44920e+03   -6.31303e+05    3.06646e+03
 Position Rest.      Potential    Kinetic En.   Total Energy  Conserved En.
    4.93811e+02   -5.21793e+05    8.50830e+04   -4.36710e+05   -5.06916e+05
    Temperature Pres. DC (bar) Pressure (bar)   Constr. rmsd
    2.97656e+02   -2.14729e+02   -4.40111e+02    3.06377e-06

           Step           Time
          42000       84.00000

   Energies (kJ/mol)
           Bond          Angle    Proper Dih. Ryckaert-Bell.          LJ-14
    1.47556e+03    3.79169e+03    2.37973e+02    1.88733e+03    2.64421e+03
     Coulomb-14        LJ (SR)  Disper. corr.   Coulomb (SR)   Coul. recip.
    7.74779e+03    9.27505e+04   -4.44920e+03   -6.31608e+05    2.95617e+03
 Position Rest.      Potential    Kinetic En.   Total Energy  Conserved En.
    4.92860e+02   -5.22073e+05    8.64233e+04   -4.35649e+05   -5.06904e+05
    Temperature Pres. DC (bar) Pressure (bar)   Constr. rmsd
    3.02345e+02   -2.14729e+02   -3.20116e+02    3.06377e-06

           Step           Time
          42500       85.00000

   Energies (kJ/mol)
           Bond          Angle    Proper Dih. Ryckaert-Bell.          LJ-14
    1.46980e+03    3.86671e+03    2.27851e+02    1.81761e+03    2.64660e+03
     Coulomb-14        LJ (SR)  Disper. corr.   Coulomb (SR)   Coul. recip.
    7.63046e+03    9.23212e+04   -4.44920e+03   -6.31043e+05    2.93543e+03
 Position Rest.      Potential    Kinetic En.   Total Energy  Conserved En.
    5.01022e+02   -5.22076e+05    8.60544e+04   -4.36021e+05   -5.06935e+05
    Temperature Pres. DC (bar) Pressure (bar)   Constr. rmsd
    3.01055e+02   -2.14729e+02   -5.22716e+02    3.06377e-06

           Step           Time
          43000       86.00000

   Energies (kJ/mol)
           Bond          Angle    Proper Dih. Ryckaert-Bell.          LJ-14
    1.50534e+03    3.66117e+03    2.59985e+02    1.80449e+03    2.63384e+03
     Coulomb-14        LJ (SR)  Disper. corr.   Coulomb (SR)   Coul. recip.
    7.66362e+03    9.17621e+04   -4.44920e+03   -6.31061e+05    3.04217e+03
 Position Rest.      Potential    Kinetic En.   Total Energy  Conserved En.
    4.79980e+02   -5.22697e+05    8.58944e+04   -4.36803e+05   -5.06941e+05
    Temperature Pres. DC (bar) Pressure (bar)   Constr. rmsd
    3.00495e+02   -2.14729e+02   -5.75499e+02    3.06377e-06

           Step           Time
          43500       87.00000

   Energies (kJ/mol)
           Bond          Angle    Proper Dih. Ryckaert-Bell.          LJ-14
    1.36208e+03    3.67697e+03    2.48264e+02    1.84508e+03    2.62725e+03
     Coulomb-14        LJ (SR)  Disper. corr.   Coulomb (SR)   Coul. recip.
    7.76351e+03    9.18058e+04   -4.44920e+03   -6.30991e+05    3.01231e+03
 Position Rest.      Potential    Kinetic En.   Total Energy  Conserved En.
    4.82257e+02   -5.22617e+05    8.52952e+04   -4.37322e+05   -5.06953e+05
    Temperature Pres. DC (bar) Pressure (bar)   Constr. rmsd
    2.98399e+02   -2.14729e+02   -5.24663e+02    3.06377e-06

           Step           Time
          44000       88.00000

   Energies (kJ/mol)
           Bond          Angle    Proper Dih. Ryckaert-Bell.          LJ-14
    1.45828e+03    3.79538e+03    2.47313e+02    1.88743e+03    2.62783e+03
     Coulomb-14        LJ (SR)  Disper. corr.   Coulomb (SR)   Coul. recip.
    7.68265e+03    9.17757e+04   -4.44920e+03   -6.30794e+05    2.97813e+03
 Position Rest.      Potential    Kinetic En.   Total Energy  Conserved En.
    4.89409e+02   -5.22301e+05    8.55342e+04   -4.36767e+05   -5.06930e+05
    Temperature Pres. DC (bar) Pressure (bar)   Constr. rmsd
    2.99235e+02   -2.14729e+02   -7.59492e+02    3.06377e-06

           Step           Time
          44500       89.00000

   Energies (kJ/mol)
           Bond          Angle    Proper Dih. Ryckaert-Bell.          LJ-14
    1.43804e+03    3.58653e+03    2.39276e+02    1.91450e+03    2.61394e+03
     Coulomb-14        LJ (SR)  Disper. corr.   Coulomb (SR)   Coul. recip.
    7.65233e+03    9.23749e+04   -4.44920e+03   -6.32010e+05    3.00606e+03
 Position Rest.      Potential    Kinetic En.   Total Energy  Conserved En.
    5.39930e+02   -5.23094e+05    8.47576e+04   -4.38336e+05   -5.06942e+05
    Temperature Pres. DC (bar) Pressure (bar)   Constr. rmsd
    2.96518e+02   -2.14729e+02   -4.37287e+02    3.06377e-06

           Step           Time
          45000       90.00000

   Energies (kJ/mol)
           Bond          Angle    Proper Dih. Ryckaert-Bell.          LJ-14
    1.48085e+03    3.60578e+03    2.58385e+02    1.85405e+03    2.65217e+03
     Coulomb-14        LJ (SR)  Disper. corr.   Coulomb (SR)   Coul. recip.
    7.68570e+03    9.15465e+04   -4.44920e+03   -6.31566e+05    3.02709e+03
 Position Rest.      Potential    Kinetic En.   Total Energy  Conserved En.
    5.26362e+02   -5.23379e+05    8.53426e+04   -4.38036e+05   -5.06937e+05
    Temperature Pres. DC (bar) Pressure (bar)   Constr. rmsd
    2.98565e+02   -2.14729e+02   -8.46606e+02    3.06377e-06

           Step           Time
          45500       91.00000

   Energies (kJ/mol)
           Bond          Angle    Proper Dih. Ryckaert-Bell.          LJ-14
    1.40783e+03    3.88062e+03    2.31383e+02    1.84588e+03    2.82595e+03
     Coulomb-14        LJ (SR)  Disper. corr.   Coulomb (SR)   Coul. recip.
    7.81828e+03    9.24653e+04   -4.44920e+03   -6.31228e+05    3.04325e+03
 Position Rest.      Potential    Kinetic En.   Total Energy  Conserved En.
    5.25477e+02   -5.21633e+05    8.64376e+04   -4.35195e+05   -5.06925e+05
    Temperature Pres. DC (bar) Pressure (bar)   Constr. rmsd
    3.02395e+02   -2.14729e+02   -3.64267e+02    3.06377e-06

           Step           Time
          46000       92.00000

   Energies (kJ/mol)
           Bond          Angle    Proper Dih. Ryckaert-Bell.          LJ-14
    1.34890e+03    3.60614e+03    2.27182e+02    1.83897e+03    2.67514e+03
     Coulomb-14        LJ (SR)  Disper. corr.   Coulomb (SR)   Coul. recip.
    7.73293e+03    9.06710e+04   -4.44920e+03   -6.29646e+05    2.94833e+03
 Position Rest.      Potential    Kinetic En.   Total Energy  Conserved En.
    5.22869e+02   -5.22524e+05    8.48341e+04   -4.37690e+05   -5.06940e+05
    Temperature Pres. DC (bar) Pressure (bar)   Constr. rmsd
    2.96786e+02   -2.14729e+02   -7.67487e+02    3.06377e-06

           Step           Time
          46500       93.00000

   Energies (kJ/mol)
           Bond          Angle    Proper Dih. Ryckaert-Bell.          LJ-14
    1.53453e+03    3.79499e+03    2.59655e+02    1.88144e+03    2.63101e+03
     Coulomb-14        LJ (SR)  Disper. corr.   Coulomb (SR)   Coul. recip.
    7.68398e+03    9.27994e+04   -4.44920e+03   -6.31963e+05    2.99524e+03
 Position Rest.      Potential    Kinetic En.   Total Energy  Conserved En.
    4.51664e+02   -5.22380e+05    8.59196e+04   -4.36461e+05   -5.06932e+05
    Temperature Pres. DC (bar) Pressure (bar)   Constr. rmsd
    3.00583e+02   -2.14729e+02   -4.73442e+02    3.06377e-06

           Step           Time
          47000       94.00000

   Energies (kJ/mol)
           Bond          Angle    Proper Dih. Ryckaert-Bell.          LJ-14
    1.45030e+03    3.81020e+03    2.49725e+02    1.84898e+03    2.74500e+03
     Coulomb-14        LJ (SR)  Disper. corr.   Coulomb (SR)   Coul. recip.
    7.71845e+03    9.08835e+04   -4.44920e+03   -6.30657e+05    2.99196e+03
 Position Rest.      Potential    Kinetic En.   Total Energy  Conserved En.
    4.60084e+02   -5.22948e+05    8.59546e+04   -4.36994e+05   -5.06933e+05
    Temperature Pres. DC (bar) Pressure (bar)   Constr. rmsd
    3.00706e+02   -2.14729e+02   -4.08270e+02    3.06377e-06

           Step           Time
          47500       95.00000

   Energies (kJ/mol)
           Bond          Angle    Proper Dih. Ryckaert-Bell.          LJ-14
    1.40066e+03    3.73497e+03    2.31553e+02    1.87443e+03    2.68855e+03
     Coulomb-14        LJ (SR)  Disper. corr.   Coulomb (SR)   Coul. recip.
    7.69446e+03    9.19658e+04   -4.44920e+03   -6.31243e+05    3.06179e+03
 Position Rest.      Potential    Kinetic En.   Total Energy  Conserved En.
    5.14935e+02   -5.22525e+05    8.61900e+04   -4.36335e+05   -5.06954e+05
    Temperature Pres. DC (bar) Pressure (bar)   Constr. rmsd
    3.01529e+02   -2.14729e+02   -5.66567e+02    3.06377e-06

           Step           Time
          48000       96.00000

   Energies (kJ/mol)
           Bond          Angle    Proper Dih. Ryckaert-Bell.          LJ-14
    1.40411e+03    3.81591e+03    2.40694e+02    1.75804e+03    2.66822e+03
     Coulomb-14        LJ (SR)  Disper. corr.   Coulomb (SR)   Coul. recip.
    7.67780e+03    9.15449e+04   -4.44920e+03   -6.29641e+05    3.09585e+03
 Position Rest.      Potential    Kinetic En.   Total Energy  Conserved En.
    5.53482e+02   -5.21331e+05    8.56189e+04   -4.35712e+05   -5.06961e+05
    Temperature Pres. DC (bar) Pressure (bar)   Constr. rmsd
    2.99531e+02   -2.14729e+02   -6.97667e+02    3.06377e-06

           Step           Time
          48500       97.00000

   Energies (kJ/mol)
           Bond          Angle    Proper Dih. Ryckaert-Bell.          LJ-14
    1.39897e+03    3.77305e+03    2.41703e+02    1.89250e+03    2.68605e+03
     Coulomb-14        LJ (SR)  Disper. corr.   Coulomb (SR)   Coul. recip.
    7.75174e+03    9.22427e+04   -4.44920e+03   -6.28774e+05    3.09490e+03
 Position Rest.      Potential    Kinetic En.   Total Energy  Conserved En.
    5.66751e+02   -5.19575e+05    8.60665e+04   -4.33508e+05   -5.06938e+05
    Temperature Pres. DC (bar) Pressure (bar)   Constr. rmsd
    3.01097e+02   -2.14729e+02   -1.27700e+02    3.06377e-06

           Step           Time
          49000       98.00000

   Energies (kJ/mol)
           Bond          Angle    Proper Dih. Ryckaert-Bell.          LJ-14
    1.39357e+03    3.73310e+03    2.20613e+02    1.81581e+03    2.67635e+03
     Coulomb-14        LJ (SR)  Disper. corr.   Coulomb (SR)   Coul. recip.
    7.70088e+03    9.22514e+04   -4.44920e+03   -6.32051e+05    2.99982e+03
 Position Rest.      Potential    Kinetic En.   Total Energy  Conserved En.
    4.98727e+02   -5.23210e+05    8.61553e+04   -4.37054e+05   -5.06972e+05
    Temperature Pres. DC (bar) Pressure (bar)   Constr. rmsd
    3.01408e+02   -2.14729e+02   -4.24243e+02    3.06377e-06

           Step           Time
          49500       99.00000

   Energies (kJ/mol)
           Bond          Angle    Proper Dih. Ryckaert-Bell.          LJ-14
    1.54239e+03    3.57896e+03    2.43257e+02    1.84131e+03    2.69440e+03
     Coulomb-14        LJ (SR)  Disper. corr.   Coulomb (SR)   Coul. recip.
    7.70910e+03    9.17422e+04   -4.44920e+03   -6.30938e+05    3.05409e+03
 Position Rest.      Potential    Kinetic En.   Total Energy  Conserved En.
    5.05441e+02   -5.22476e+05    8.60865e+04   -4.36390e+05   -5.06961e+05
    Temperature Pres. DC (bar) Pressure (bar)   Constr. rmsd
    3.01167e+02   -2.14729e+02   -5.45755e+02    3.06377e-06

           Step           Time
          50000      100.00000

Writing checkpoint, step 50000 at Sun Oct  8 22:14:55 2023


   Energies (kJ/mol)
           Bond          Angle    Proper Dih. Ryckaert-Bell.          LJ-14
    1.42331e+03    3.82672e+03    2.08713e+02    1.86949e+03    2.68170e+03
     Coulomb-14        LJ (SR)  Disper. corr.   Coulomb (SR)   Coul. recip.
    7.71935e+03    9.34679e+04   -4.44920e+03   -6.32265e+05    3.00657e+03
 Position Rest.      Potential    Kinetic En.   Total Energy  Conserved En.
    5.59624e+02   -5.21951e+05    8.58883e+04   -4.36062e+05   -5.06953e+05
    Temperature Pres. DC (bar) Pressure (bar)   Constr. rmsd
    3.00474e+02   -2.14729e+02   -3.49417e+02    3.06377e-06


Energy conservation over simulation part #1 of length 100 ps, time 0 to 100 ps
  Conserved energy drift: 1.86e-04 kJ/mol/ps per atom


	<======  ###############  ==>
	<====  A V E R A G E S  ====>
	<==  ###############  ======>

	Statistics over 50001 steps using 501 frames

   Energies (kJ/mol)
           Bond          Angle    Proper Dih. Ryckaert-Bell.          LJ-14
    1.43785e+03    3.72455e+03    2.49040e+02    1.85139e+03    2.68882e+03
     Coulomb-14        LJ (SR)  Disper. corr.   Coulomb (SR)   Coul. recip.
    7.73644e+03    9.19423e+04   -4.44920e+03   -6.31196e+05    3.00146e+03
 Position Rest.      Potential    Kinetic En.   Total Energy  Conserved En.
    5.09954e+02   -5.22503e+05    8.57183e+04   -4.36785e+05   -5.06833e+05
    Temperature Pres. DC (bar) Pressure (bar)   Constr. rmsd
    2.99879e+02   -2.14729e+02   -5.37659e+02    0.00000e+00

   Total Virial (kJ/mol)
    3.42176e+04    6.12784e+00   -3.02115e+02
    6.13339e+00    3.43375e+04    3.15541e+02
   -3.02119e+02    3.15538e+02    3.38940e+04

   Pressure (bar)
   -5.42985e+02   -7.10402e-01    2.92682e+01
   -7.10936e-01   -5.54926e+02   -3.12133e+01
    2.92687e+01   -3.12130e+01   -5.15067e+02

      T-Protein  T-non-Protein
    3.00072e+02    2.99864e+02


	M E G A - F L O P S   A C C O U N T I N G

 NB=Group-cutoff nonbonded kernels    NxN=N-by-N cluster Verlet kernels
 RF=Reaction-Field  VdW=Van der Waals  QSTab=quadratic-spline table
 W3=SPC/TIP3p  W4=TIP4p (single or pairs)
 V&F=Potential and force  V=Potential only  F=Force only

 Computing:                               M-Number         M-Flops  % Flops
-----------------------------------------------------------------------------
 Pair Search distance check            1612.590032       14513.310     0.0
 NxN Ewald Elec. + LJ [F]           1627245.303552   107398190.034    98.3
 NxN Ewald Elec. + LJ [V&F]           16469.685824     1762256.383     1.6
 1,4 nonbonded interactions             255.305106       22977.460     0.0
 Shift-X                                 16.971876         101.831     0.0
 Bonds                                   51.251025        3023.810     0.0
 Angles                                 177.353547       29795.396     0.0
 Propers                                 21.300426        4877.798     0.0
 RB-Dihedrals                           197.503950       48783.476     0.0
 Pos. Restr.                             50.051001        2502.550     0.0
 Virial                                  16.994421         305.900     0.0
 Stop-CM                                 17.005752         170.058     0.0
 Calc-Ekin                              338.827752        9148.349     0.0
 Lincs                                    0.001918           0.115     0.0
 Lincs-Mat                                0.009552           0.038     0.0
 Constraint-V                             0.033826           0.304     0.0
 Settle                                   0.021272           7.871     0.0
-----------------------------------------------------------------------------
 Total                                               109296654.683   100.0
-----------------------------------------------------------------------------


      R E A L   C Y C L E   A N D   T I M E   A C C O U N T I N G

On 1 MPI rank, each using 8 OpenMP threads

 Activity:              Num   Num      Call    Wall time         Giga-Cycles
                        Ranks Threads  Count      (s)         total sum    %
--------------------------------------------------------------------------------
 Neighbor search           1    8        501       0.595         21.372   3.1
 Launch PP GPU ops.        1    8      99501       1.099         39.475   5.6
 Force                     1    8      50001       2.345         84.247  12.0
 PME GPU mesh              1    8      50001       1.109         39.841   5.7
 Wait GPU NB local         1    8      49500       0.080          2.857   0.4
 Wait GPU state copy       1    8      62003      12.316        442.536  63.3
 NB X/F buffer ops.        1    8        501       0.014          0.491   0.1
 Write traj.               1    8        101       0.383         13.777   2.0
 Constraints               1    8          2       0.000          0.004   0.0
 Rest                                              1.522         54.704   7.8
--------------------------------------------------------------------------------
 Total                                            19.462        699.304 100.0
--------------------------------------------------------------------------------
 Breakdown of PME mesh activities
--------------------------------------------------------------------------------
 Wait PME GPU gather       1    8      50001       0.083          3.000   0.4
 Reduce GPU PME F          1    8      50001       0.009          0.330   0.0
 Launch PME GPU ops.       1    8     400015       0.957         34.392   4.9
--------------------------------------------------------------------------------

               Core t (s)   Wall t (s)        (%)
       Time:      155.687       19.462      799.9
                 (ns/day)    (hour/ns)
Performance:      443.948        0.054
Finished mdrun on rank 0 Sun Oct  8 22:14:55 2023

